ClonalFrameML v1.12
kappa = 3.4278
emsim = 100
Finished reading in control file.

Read 915 sequences of length 1604284 sites from /home/zyang/NGS/active/IPL/MENINGO/analysis/HRC/zoe/AllNZMemB_2021/clonalframeml/clade154_2371/154_2371parsnp.fasta
IMPUTATION AND RECONSTRUCTION OF ANCESTRAL STATES:
Analysing 93763 sites
Empirical nucleotide frequencies:   A 23.6%   C 26.3%   G 26.5%   T 23.5%
Maximum log-likelihood for imputation and ancestral state reconstruction = -2.08183e+06
Wrote imputed and reconstructed ancestral states to /home/zyang/NGS/active/IPL/MENINGO/analysis/HRC/zoe/AllNZMemB_2021/clonalframeml/clade154_2371/clade154_2371clonalframeml.out.ML_sequence.fasta
Wrote position cross-reference file to /home/zyang/NGS/active/IPL/MENINGO/analysis/HRC/zoe/AllNZMemB_2021/clonalframeml/clade154_2371/clade154_2371clonalframeml.out.position_cross_reference.txt
BRANCH LENGTH CORRECTION/RECOMBINATION ANALYSIS:
Analysing 1604284 sites
Empirical nucleotide frequencies:   A 23.6%   C 26.3%   G 26.5%   T 23.5%
Beginning branch optimization. Key to parameters (and constraints):
B   uncorrected branch length
L   maximum unnormalized log-posterior per branch
P   contribution of the prior to L
R   R/theta per branch                                       (> 0)
I   mean DNA import length per branch                        (> 0)
D   divergence of DNA imported by recombination              (> 0)
M   expected number of mutations per branch                  (> 0)
 L = -1.68758e+06 P = 12338.3 R = 0.881115 I = 927.571 D = 0.0312642 in 77191.9 s and 23 evaluations
 Posterior alphas: R = 9681.96 I = 9681.17 D = 280720
 ClonalFrameML log-likelihood ratio of 3.79905e+06 indicates evidence for recombination
Branch NMI94203 B = 2.24399e-05 M = 4.23471e-06
Branch NMI95230 B = 4.98664e-06 M = 4.83308e-06
Branch NMI9645 B = 0.000697507 M = 1.62503e-06
Branch NMI95199 B = 8.91362e-05 M = 6.07619e-06
Branch NMI9656 B = 1.43366e-05 M = 1.22113e-06
Branch NMI00258 B = 1.24666e-06 M = 1.22163e-06
Branch 19MI0102 B = 3.73998e-06 M = 3.62941e-06
Branch NMI02222 B = 4.36331e-06 M = 4.23246e-06
Branch NMI9896 B = 0.000472484 M = 1.28207e-05
Branch NMI982 B = 7.3553e-05 M = 4.11531e-06
Branch NMI0770 B = 0.000490561 M = 2.11488e-05
Branch NMI0584 B = 1.24666e-06 M = 1.22144e-06
Branch NMI00253 B = 1.62066e-05 M = 6.74591e-06
Branch NMI01270 B = 0.000450668 M = 1.28228e-05
Branch 18MI0008 B = 0.0015122 M = 2.21422e-05
Branch NMI95106 B = 3.73998e-06 M = 3.6291e-06
Branch NMI0067 B = 0.000191986 M = 3.67701e-06
Branch NMI97106 B = 0.000203206 M = 5.64975e-06
Branch NMI01278 B = 3.73998e-06 M = 3.62897e-06
Branch NMI0058 B = 0.000294835 M = 2.43955e-06
Branch NMI97248 B = 6.85663e-06 M = 3.01573e-06
Branch NMI93173 B = 2.49332e-06 M = 2.42576e-06
Branch NMI0228 B = 0.000227516 M = 7.07613e-06
Branch NMI9879 B = 2.49332e-06 M = 2.42555e-06
Branch NMI0145 B = 1.68299e-05 M = 6.04092e-06
Branch NMI96131 B = 1.24666e-06 M = 1.22157e-06
Branch NMI97105 B = 5.54764e-05 M = 2.57234e-06
Branch NMI0928 B = 0.000192609 M = 7.81089e-06
Branch NMI98174 B = 3.73998e-06 M = 3.62962e-06
Branch NMI99263 B = 0.000105966 M = 1.22676e-05
Branch 17MI0063 B = 3.05432e-05 M = 2.4286e-06
Branch NMI1053 B = 3.73998e-06 M = 3.62953e-06
Branch NMI01344 B = 7.04363e-05 M = 9.81211e-06
Branch NMI95165 B = 1.86999e-06 M = 1.82325e-06
Branch 19MI0106 B = 3.98931e-05 M = 3.59047e-06
Branch NMI0737 B = 1.24666e-06 M = 1.22163e-06
Branch NMI01140 B = 1.24666e-06 M = 1.22153e-06
Branch 19MI0078 B = 2.99199e-05 M = 1.95668e-06
Branch NMI0233 B = 5.92164e-05 M = 1.22399e-06
Branch NMI96168 B = 1.86999e-06 M = 1.8236e-06
Branch NMI0136 B = 3.17898e-05 M = 4.83774e-06
Branch NMI98189 B = 4.36331e-06 M = 4.23152e-06
Branch NMI96262 B = 2.24399e-05 M = 1.82943e-06
Branch NMI0592 B = 3.11665e-06 M = 3.02725e-06
Branch NMI95279 B = 0.000102226 M = 2.44196e-06
Branch NMI94179 B = 1.24666e-06 M = 1.22179e-06
Branch NMI99238 B = 3.73998e-06 M = 1.22249e-06
Branch 17MI0039 B = 1.24666e-06 M = 1.22158e-06
Branch NMI01366 B = 6.85663e-06 M = 4.83495e-06
Branch NMI9920 B = 0.000345325 M = 2.44989e-06
Branch NMI00230 B = 1.24666e-06 M = 1.22131e-06
Branch 19MI0012 B = 1.80766e-05 M = 2.66463e-06
Branch NMI96240 B = 2.49332e-06 M = 2.42575e-06
Branch NMI973 B = 0.000141496 M = 1.62685e-05
Branch NMI96234 B = 0.000172039 M = 3.37528e-06
Branch NMI0098 B = 3.11665e-06 M = 3.02714e-06
Branch NMI95300 B = 1.86999e-06 M = 1.82368e-06
Branch NMI94252 B = 0.000118433 M = 1.91857e-06
Branch NMI99202 B = 5.23597e-05 M = 3.6369e-06
Branch NMI02121 B = 4.98664e-06 M = 4.83411e-06
Branch NMI97260 B = 0.000444434 M = 7.98298e-06
Branch NMI0248 B = 0.000181389 M = 5.37687e-06
Branch NMI99119 B = 2.49332e-06 M = 2.42518e-06
Branch NMI0438 B = 1.86999e-06 M = 1.8233e-06
Branch NMI9795 B = 0.000101603 M = 2.9153e-06
Branch NMI98117 B = 1.24666e-06 M = 1.22135e-06
Branch NMI96176 B = 1.24666e-06 M = 1.22135e-06
Branch NMI0235 B = 0.000160196 M = 3.93064e-06
Branch NMI0377 B = 5.67231e-05 M = 4.84101e-06
Branch NMI05160 B = 8.10329e-06 M = 7.84425e-06
Branch NMI9975 B = 9.34995e-06 M = 2.43528e-06
Branch NMI97310 B = 2.49332e-06 M = 2.42516e-06
Branch 14MI0017 B = 0.000601514 M = 2.68135e-05
Branch NMI96336 B = 4.23865e-05 M = 4.00753e-05
Branch NMI9929 B = 3.11665e-06 M = 3.02794e-06
Branch NMI96142 B = 0.000284862 M = 4.64639e-06
Branch NMI99295 B = 0.000129029 M = 9.54522e-06
Branch NMI00169 B = 1.86999e-06 M = 1.82351e-06
Branch NMI0166 B = 0.000124043 M = 5.49899e-06
Branch NMI96191 B = 1.30899e-05 M = 2.42626e-06
Branch NMI98160 B = 0.000268032 M = 6.11839e-06
Branch NMI00243 B = 7.47996e-06 M = 4.23415e-06
Branch NMI0076 B = 1.86999e-06 M = 1.8236e-06
Branch NMI99244 B = 1.86999e-06 M = 1.82345e-06
Branch 19MI0081 B = 0.000177026 M = 1.84934e-06
Branch NMI9592 B = 2.49332e-06 M = 2.42542e-06
Branch NMI0522 B = 0.000276759 M = 5.4551e-06
Branch 16MI0032 B = 0.000129029 M = 4.02339e-06
Branch NMI0443 B = 0.000436331 M = 6.83e-06
Branch NMI99143 B = 2.49332e-06 M = 2.42539e-06
Branch NMI97142 B = 9.10062e-05 M = 1.23478e-06
Branch NMI9784 B = 0.000337845 M = 1.63208e-05
Branch NMI98221 B = 3.73998e-06 M = 3.62987e-06
Branch NMI99133 B = 6.66963e-05 M = 4.83828e-06
Branch NMI96192 B = 1.86999e-06 M = 1.82366e-06
Branch NMI96121 B = 0.000166429 M = 2.43108e-06
Branch NMI98185 B = 0.000164559 M = 4.24656e-06
Branch NMI9798 B = 0.000130899 M = 1.82767e-06
Branch NMI03140 B = 2.49332e-06 M = 2.42597e-06
Branch NMI97183 B = 6.2333e-06 M = 6.03691e-06
Branch NMI03189 B = 4.98664e-06 M = 4.83371e-06
Branch NMI96148 B = 1.24666e-06 M = 1.22157e-06
Branch NMI96315 B = 6.85663e-06 M = 6.63945e-06
Branch NMI00104 B = 3.11665e-06 M = 3.02759e-06
Branch NMI95267 B = 0.000288602 M = 8.47363e-06
Branch NMI1022 B = 1.24666e-06 M = 1.22156e-06
Branch NMI00254 B = 1.55833e-05 M = 1.5068e-05
Branch NMI99303 B = 7.47996e-06 M = 7.2411e-06
Branch NMI00220 B = 3.61532e-05 M = 9.05453e-06
Branch NMI9321 B = 1.24666e-06 M = 1.22145e-06
Branch NMI93178 B = 0.000219412 M = 7.92842e-06
Branch 17MI0030 B = 1.24666e-06 M = 1.22167e-06
Branch NMI95225 B = 2.99199e-05 M = 1.82846e-06
Branch NMI03183 B = 0.000506144 M = 1.87134e-05
Branch NMI95107 B = 4.98664e-06 M = 4.83441e-06
Branch NMI04180 B = 8.10329e-06 M = 7.84388e-06
Branch NMI99283 B = 7.10596e-05 M = 3.63594e-06
Branch NMI97132 B = 6.35797e-05 M = 6.20351e-07
Branch NMI97190 B = 6.48263e-05 M = 2.80291e-06
Branch NMI0019 B = 0.000203206 M = 4.90003e-06
Branch NMI9665 B = 1.86999e-06 M = 1.82382e-06
Branch NMI02282 B = 0.000198219 M = 6.99077e-06
Branch NMI96196 B = 1.86999e-06 M = 1.82361e-06
Branch NMI0396 B = 0.000149599 M = 3.04484e-06
Branch NMI0381 B = 0.000601514 M = 1.06853e-05
Branch NMI99141 B = 6.9813e-05 M = 6.28633e-06
Branch NMI01213 B = 0.000147729 M = 1.38291e-05
Branch 19MI0107 B = 0.000137133 M = 5.79466e-06
Branch NMI03180 B = 1.24666e-06 M = 1.22153e-06
Branch NMI0172 B = 1.86999e-06 M = 1.82403e-06
Branch NMI94105 B = 2.49332e-06 M = 2.42597e-06
Branch 16MI0044 B = 3.11665e-06 M = 3.028e-06
Branch NMI0769 B = 0.000314158 M = 5.92554e-06
Branch NMI0273 B = 1.18433e-05 M = 1.14557e-05
Branch NMI9158 B = 1.24666e-06 M = 1.2215e-06
Branch NMI03153 B = 3.11665e-06 M = 3.0277e-06
Branch NMI0257 B = 0.000158326 M = 4.94807e-06
Branch NMI9540 B = 0.000355922 M = 9.84334e-06
Branch NMI02252 B = 3.11665e-06 M = 3.02733e-06
Branch NMI96280 B = 0.000152093 M = 7.75344e-06
Branch NMI98274 B = 4.36331e-06 M = 4.23195e-06
Branch NMI98287 B = 3.11665e-06 M = 3.02694e-06
Branch NMI9577 B = 4.79964e-05 M = 4.23592e-06
Branch NMI96305 B = 1.24666e-06 M = 1.22116e-06
Branch NMI017 B = 1.24666e-06 M = 1.22159e-06
Branch NMI03259 B = 1.86999e-06 M = 1.82341e-06
Branch NMI03144 B = 2.49332e-06 M = 2.42525e-06
Branch NMI0194 B = 0.000226269 M = 1.83173e-06
Branch NMI01272 B = 0.000253072 M = 6.20249e-06
Branch NMI03102 B = 0.000109083 M = 1.35267e-05
Branch NMI93162 B = 7.91629e-05 M = 1.82775e-06
Branch NMI96295 B = 1.86999e-06 M = 1.8235e-06
Branch NMI0683 B = 2.43099e-05 M = 4.23265e-06
Branch NMI93110 B = 1.74532e-05 M = 2.43158e-06
Branch NMI04162 B = 1.24666e-06 M = 1.22149e-06
Branch NMI06130 B = 2.92965e-05 M = 4.84449e-06
Branch NMI9366 B = 4.36331e-06 M = 4.23163e-06
Branch NMI01161 B = 0.000273642 M = 6.69997e-06
Branch NMI108 B = 0.000529207 M = 1.47798e-05
Branch NMI99114 B = 3.73998e-06 M = 3.62912e-06
Branch NMI01193 B = 0.000444434 M = 1.24922e-05
Branch NMI00227 B = 0.000142119 M = 8.72622e-06
Branch NMI02208 B = 0.000733036 M = 1.298e-05
Branch NMI03179 B = 0.00113695 M = 6.35119e-05
Branch NMI1328 B = 1.24666e-06 M = 1.22115e-06
Branch NMI97389 B = 9.47462e-05 M = 6.2335e-07
Branch NMI99205 B = 1.86999e-06 M = 1.8237e-06
Branch NMI03163 B = 2.49332e-05 M = 2.35599e-05
Branch NMI941 B = 7.79163e-05 M = 1.82819e-06
Branch NMI9949 B = 0.000377115 M = 1.42479e-05
Branch NMI97134 B = 0.000183882 M = 4.8027e-06
Branch NMI95162 B = 4.36331e-06 M = 4.23238e-06
Branch NMI96218 B = 0.000100356 M = 7.54208e-06
Branch NMI00285 B = 8.97596e-05 M = 4.8886e-06
Branch NMI98216 B = 1.86999e-06 M = 1.82381e-06
Branch NMI0225 B = 7.23063e-05 M = 6.20574e-07
Branch NMI1023 B = 0.000296705 M = 1.51244e-05
Branch NMI97262 B = 1.24666e-06 M = 1.22152e-06
Branch NMI97277 B = 1.86999e-06 M = 1.82341e-06
Branch NMI9861 B = 3.11665e-06 M = 3.02794e-06
Branch NMI04186 B = 0.000155833 M = 4.32207e-06
Branch NMI037 B = 3.11665e-06 M = 3.02757e-06
Branch NMI9440 B = 0.000158949 M = 2.40616e-05
Branch NMI98277 B = 1.05966e-05 M = 1.02534e-05
Branch NMI94178 B = 2.49332e-06 M = 2.42534e-06
Branch NMI9239 B = 6.2333e-06 M = 6.03826e-06
Branch NMI02187 B = 6.2333e-06 M = 6.03854e-06
Branch NMI1142 B = 2.99199e-05 M = 6.37145e-07
Branch NMI0437 B = 0.000723686 M = 3.09283e-05
Branch NMI1116 B = 0.000291719 M = 1.9246e-05
Branch NMI96160 B = 0.000129029 M = 4.8925e-06
Branch NMI9450 B = 2.49332e-06 M = 2.42584e-06
Branch NMI9215 B = 4.98664e-06 M = 4.83356e-06
Branch NMI99214 B = 1.86999e-06 M = 1.82342e-06
Branch NMI93189 B = 1.99466e-05 M = 3.63298e-06
Branch NMI01134 B = 0.00117934 M = 2.19841e-05
Branch NMI95251 B = 3.49065e-05 M = 1.22277e-06
Branch NMI9476 B = 1.24666e-05 M = 1.82543e-06
Branch NMI9919 B = 8.66429e-05 M = 2.43256e-06
Branch NMI9677 B = 6.85663e-06 M = 6.64036e-06
Branch NMI9725 B = 3.73998e-06 M = 3.6303e-06
Branch NMI92108 B = 3.73998e-06 M = 3.62974e-06
Branch NMI0717 B = 0.00229012 M = 5.51206e-05
Branch NMI02209 B = 2.49332e-06 M = 2.42536e-06
Branch 19MI0027 B = 1.30899e-05 M = 1.2661e-05
Branch NMI9441 B = 1.86999e-06 M = 1.82339e-06
Branch NMI03235 B = 1.86999e-06 M = 1.82403e-06
Branch NMI0464 B = 7.3553e-05 M = 4.84283e-06
Branch 19MI0084 B = 0.000267409 M = 7.04483e-06
Branch NMI96108 B = 2.11932e-05 M = 4.56533e-06
Branch NMI02247 B = 0.002287 M = 3.73434e-05
Branch NMI955 B = 1.86999e-06 M = 1.82313e-06
Branch NMI96312 B = 3.11665e-06 M = 3.02758e-06
Branch NMI97401 B = 3.67765e-05 M = 3.37842e-06
Branch NMI0453 B = 3.98931e-05 M = 9.12087e-06
Branch NMI99111 B = 3.11665e-06 M = 3.02804e-06
Branch NMI0564 B = 1.24666e-06 M = 1.22148e-06
Branch NMI98249 B = 0.000278629 M = 1.21416e-05
Branch NMI055 B = 4.79964e-05 M = 1.82489e-06
Branch NMI96302 B = 3.11665e-06 M = 3.02683e-06
Branch NMI99156 B = 2.49332e-06 M = 2.4255e-06
Branch NMI0552 B = 0.000885752 M = 1.47955e-05
Branch NMI1220 B = 0.000208192 M = 1.82364e-05
Branch NMI0514 B = 0.000882012 M = 1.45933e-05
Branch NMI97303 B = 1.24666e-06 M = 1.22133e-06
Branch NMI01201 B = 1.24666e-06 M = 1.22145e-06
Branch NMI0953 B = 0.000460018 M = 1.54733e-05
Branch NMI95114 B = 1.86999e-06 M = 1.82344e-06
Branch NMI01147 B = 1.86999e-06 M = 1.82295e-06
Branch NMI9982 B = 7.23063e-05 M = 3.03302e-06
Branch NMI97297 B = 1.86999e-06 M = 1.82372e-06
Branch NMI01367 B = 1.24666e-06 M = 1.22188e-06
Branch NMI96331 B = 3.73998e-06 M = 3.62937e-06
Branch 17MI0020 B = 0.000229386 M = 5.70785e-06
Branch NMI02115 B = 4.05165e-05 M = 2.4534e-06
Branch NMI9661 B = 2.49332e-06 M = 2.42537e-06
Branch NMI96116 B = 1.24666e-06 M = 1.22146e-06
Branch NMI0242 B = 0.000266785 M = 6.55647e-06
Branch NMI95120 B = 1.24666e-06 M = 1.22125e-06
Branch NMI0213 B = 2.49332e-06 M = 2.42549e-06
Branch NMI93101 B = 2.49332e-06 M = 2.42577e-06
Branch 17MI0064 B = 0.000171416 M = 8.804e-06
Branch NMI9785 B = 0.000222529 M = 2.51302e-06
Branch NMI95103 B = 3.80231e-05 M = 2.47927e-06
Branch NMI99175 B = 0.000190116 M = 1.2803e-06
Branch NMI95222 B = 2.49332e-06 M = 2.42534e-06
Branch NMI95127 B = 1.24666e-06 M = 1.2217e-06
Branch NMI0052 B = 1.86999e-06 M = 1.82381e-06
Branch NMI0234 B = 1.24666e-06 M = 1.22113e-06
Branch NMI93121 B = 7.10596e-05 M = 2.27856e-06
Branch NMI9974 B = 1.24666e-06 M = 1.22127e-06
Branch NMI00178 B = 1.86999e-06 M = 1.8236e-06
Branch NMI01228 B = 5.79697e-05 M = 2.41143e-06
Branch NMI92118 B = 5.54764e-05 M = 6.23739e-07
Branch NMI95263 B = 0.000421371 M = 3.76442e-06
Branch NMI99219 B = 0.000124043 M = 3.63767e-06
Branch NMI96180 B = 1.24666e-06 M = 1.22137e-06
Branch NMI04195 B = 1.18433e-05 M = 1.14559e-05
Branch NMI9786 B = 1.24666e-06 M = 1.22167e-06
Branch NMI02199 B = 1.86999e-06 M = 1.82363e-06
Branch NMI01103 B = 0.000400801 M = 1.06484e-05
Branch NMI01342 B = 0.000362778 M = 9.22263e-06
Branch NMI038 B = 3.67765e-05 M = 5.44747e-06
Branch NMI9495 B = 7.85396e-05 M = 3.64012e-06
Branch NMI95229 B = 0.000297329 M = 5.48967e-06
Branch NMI95201 B = 0.000116563 M = 2.43149e-06
Branch NMI01277 B = 0.000186376 M = 1.04833e-05
Branch NMI9853 B = 4.36331e-06 M = 1.22192e-06
Branch NMI04159 B = 4.73731e-05 M = 3.62997e-06
Branch NMI97249 B = 1.86999e-06 M = 1.82381e-06
Branch NMI0848 B = 6.85663e-06 M = 6.64001e-06
Branch NMI9642 B = 1.24666e-06 M = 1.22162e-06
Branch NMI03145 B = 6.10864e-05 M = 9.06581e-06
Branch NMI0725 B = 0.00138442 M = 2.81667e-05
Branch NMI99195 B = 5.60997e-05 M = 8.79226e-06
Branch NMI96199 B = 1.86999e-06 M = 6.24961e-07
Branch NMI99245 B = 8.72662e-05 M = 1.43708e-05
Branch NMI9918 B = 0.000799109 M = 1.38107e-05
Branch NMI00138 B = 8.72662e-05 M = 6.21422e-07
Branch NMI053 B = 1.05966e-05 M = 1.02519e-05
Branch NMI00282 B = 2.92965e-05 M = 1.32756e-05
Branch NMI0832 B = 4.36331e-06 M = 3.07774e-06
Branch NMI0291 B = 6.85663e-06 M = 6.26814e-07
Branch 14MI0020 B = 2.49332e-06 M = 1.22356e-06
Branch NMI9322 B = 3.73998e-06 M = 3.63006e-06
Branch NMI1245 B = 2.49332e-06 M = 2.42605e-06
Branch NMI99234 B = 1.24666e-06 M = 1.22148e-06
Branch NMI03174 B = 1.24666e-06 M = 1.22161e-06
Branch NMI0923 B = 6.66963e-05 M = 1.82977e-06
Branch NMI9293 B = 1.24666e-06 M = 1.22132e-06
Branch NMI99296 B = 1.62066e-05 M = 2.44132e-06
Branch 17MI0059 B = 1.86999e-06 M = 1.82295e-06
Branch NMI02283 B = 4.98664e-06 M = 4.83364e-06
Branch NMI0121 B = 4.36331e-06 M = 4.23171e-06
Branch NMI05119 B = 1.86999e-06 M = 1.82297e-06
Branch NMI95272 B = 1.24666e-06 M = 1.22184e-06
Branch NMI9491 B = 2.49332e-06 M = 2.42548e-06
Branch 18MI0035 B = 4.98664e-06 M = 4.8341e-06
Branch NMI98211 B = 0.000145236 M = 6.05411e-06
Branch NMI9749 B = 1.24666e-06 M = 1.22166e-06
Branch NMI95219 B = 1.24666e-06 M = 1.22139e-06
Branch NMI9720 B = 5.98397e-05 M = 2.60097e-06
Branch NMI023 B = 8.41496e-05 M = 3.66621e-06
Branch NMI01174 B = 0.00100356 M = 9.07138e-06
Branch 16MI0026 B = 0.000141496 M = 1.33303e-05
Branch NMI02145 B = 0.000291719 M = 6.73144e-06
Branch NMI01293 B = 9.97328e-06 M = 6.41721e-06
Branch NMI993 B = 0.000140873 M = 6.55959e-06
Branch NMI02105 B = 1.86999e-06 M = 1.82374e-06
Branch NMI02134 B = 1.24666e-06 M = 1.22154e-06
Branch NMI03177 B = 0.000272395 M = 1.48174e-06
Branch NMI9475 B = 3.11665e-06 M = 3.02729e-06
Branch NMI9979 B = 0.000278005 M = 7.42773e-06
Branch NMI0156 B = 0.000397061 M = 1.27929e-05
Branch NMI01138 B = 1.24666e-06 M = 1.22155e-06
Branch NMI92130 B = 1.86999e-06 M = 1.82335e-06
Branch NMI02142 B = 0.000279875 M = 7.58019e-06
Branch NMI95274 B = 6.85663e-06 M = 6.63965e-06
Branch NMI9818 B = 2.49332e-06 M = 2.42586e-06
Branch NMI0164 B = 0.0010902 M = 1.45088e-05
Branch NMI95262 B = 1.24666e-06 M = 1.2216e-06
Branch NMI0884 B = 0.000761086 M = 1.54145e-05
Branch NMI99187 B = 6.2333e-06 M = 4.91726e-06
Branch NMI01197 B = 3.67765e-05 M = 3.45149e-06
Branch NMI9776 B = 0.000109706 M = 4.84077e-06
Branch NMI04119 B = 0.000261175 M = 1.22639e-05
Branch NMI92124 B = 1.86999e-06 M = 1.82358e-06
Branch NMI02178 B = 2.49332e-06 M = 2.42589e-06
Branch NMI02131 B = 0.000255565 M = 5.84212e-06
Branch NMI9681 B = 1.86999e-06 M = 1.82347e-06
Branch NMI96204 B = 0.000165806 M = 2.44083e-06
Branch NMI04148 B = 1.74532e-05 M = 4.11529e-06
Branch NMI0657 B = 0.000283615 M = 1.2191e-05
Branch NMI0063 B = 0.000246839 M = 6.25695e-07
Branch NMI0478 B = 4.36331e-06 M = 4.23197e-06
Branch 17MI0057 B = 8.72662e-06 M = 5.43652e-06
Branch NMI0326 B = 0.00211683 M = 4.7425e-05
Branch NMI9664 B = 7.47996e-06 M = 4.83552e-06
Branch NMI01353 B = 1.68299e-05 M = 4.23536e-06
Branch NMI00155 B = 3.73998e-06 M = 3.6298e-06
Branch NMI0651 B = 0.000173909 M = 6.28833e-07
Branch NMI02102 B = 1.86999e-06 M = 1.82302e-06
Branch NMI98301 B = 2.49332e-06 M = 2.4256e-06
Branch NMI98184 B = 2.49332e-06 M = 2.42587e-06
Branch 16MI0017 B = 4.11398e-05 M = 6.20376e-07
Branch NMI94115 B = 1.24666e-06 M = 1.22164e-06
Branch NMI04111 B = 0.000124666 M = 9.25619e-06
Branch NMI9936 B = 0.000243099 M = 5.23595e-06
Branch NMI94213 B = 1.86999e-05 M = 1.80798e-05
Branch NMI00114 B = 3.73998e-06 M = 3.62907e-06
Branch NMI0289 B = 9.03829e-05 M = 5.46666e-06
Branch NMI9528 B = 0.000413891 M = 6.99602e-06
Branch NMI9945 B = 5.29831e-05 M = 2.47675e-06
Branch NMI05149 B = 0.000102226 M = 4.51957e-05
Branch NMI9766 B = 2.49332e-06 M = 2.42521e-06
Branch NMI99124 B = 1.86999e-06 M = 1.82386e-06
Branch NMI0021 B = 1.86999e-06 M = 1.82363e-06
Branch NMI9576 B = 0.000165806 M = 5.98699e-06
Branch NMI99203 B = 3.73998e-06 M = 3.62942e-06
Branch NMI96127 B = 3.92698e-05 M = 3.63203e-06
Branch NMI9039 B = 0.000481834 M = 3.44954e-05
Branch NMI03203 B = 0.000987978 M = 1.04366e-05
Branch NMI96287 B = 2.49332e-05 M = 2.42928e-06
Branch NMI00222 B = 4.36331e-06 M = 3.04034e-06
Branch NMI99129 B = 9.97328e-05 M = 9.83214e-06
Branch NMI98285 B = 3.73998e-06 M = 3.62997e-06
Branch NMI97363 B = 1.62066e-05 M = 1.56684e-05
Branch NMI9783 B = 1.12199e-05 M = 6.20107e-07
Branch NMI085 B = 4.36331e-06 M = 4.23194e-06
Branch NMI1149 B = 1.24666e-06 M = 1.22165e-06
Branch NMI0247 B = 3.73998e-06 M = 3.63007e-06
Branch NMI0220 B = 4.11398e-05 M = 6.29892e-06
Branch NMI05150 B = 2.49332e-06 M = 2.42554e-06
Branch NMI0044 B = 0.0023537 M = 4.575e-05
Branch NMI00190 B = 0.000698753 M = 9.33641e-06
Branch NMI92123 B = 1.86999e-05 M = 4.23789e-06
Branch NMI98218 B = 1.86999e-06 M = 1.82358e-06
Branch 19MI0116 B = 2.43099e-05 M = 8.46224e-06
Branch NMI9499 B = 4.98664e-06 M = 4.83418e-06
Branch NMI97230 B = 0.00124728 M = 2.45647e-05
Branch NMI97155 B = 1.86999e-06 M = 1.82353e-06
Branch NMI01291 B = 7.47996e-06 M = 4.05526e-06
Branch NMI1117 B = 1.24666e-05 M = 1.09893e-05
Branch NMI01365 B = 0.0007 M = 6.35271e-06
Branch NMI96273 B = 1.86999e-06 M = 1.82327e-06
Branch NMI97397 B = 0.000149599 M = 2.22107e-06
Branch NMI98197 B = 2.49332e-06 M = 2.42539e-06
Branch NMI01158 B = 0.000226892 M = 3.82434e-06
Branch NMI98153 B = 0.000334728 M = 4.26022e-06
Branch NMI97371 B = 0.000157703 M = 1.22646e-06
Branch NMI97283 B = 0.000347818 M = 1.01012e-05
Branch NMI9210 B = 1.24666e-06 M = 1.22203e-06
Branch NMI01114 B = 0.000148976 M = 1.83068e-06
Branch NMI0835 B = 0.000514871 M = 1.36023e-05
Branch NMI0174 B = 0.000203206 M = 1.93612e-06
Branch NMI9686 B = 0.000132769 M = 9.1285e-06
Branch NMI01208 B = 1.24666e-06 M = 1.22166e-06
Branch 17MI0011 B = 0.000106589 M = 1.23234e-06
Branch NMI0278 B = 5.29831e-05 M = 1.04203e-05
Branch NMI01235 B = 0.000279252 M = 2.43847e-06
Branch NMI0463 B = 0.000508014 M = 3.91727e-06
Branch NMI00112 B = 0.000405788 M = 1.42037e-05
Branch NMI97222 B = 0.000109706 M = 1.22565e-06
Branch NMI95286 B = 2.74265e-05 M = 6.19671e-07
Branch NMI96290 B = 0.000393945 M = 1.21687e-05
Branch NMI0664 B = 1.93232e-05 M = 1.62626e-05
Branch NMI96238 B = 1.24666e-06 M = 1.22162e-06
Branch NMI95240 B = 1.24666e-06 M = 1.22127e-06
Branch 17MI0066 B = 0.000155209 M = 6.74665e-06
Branch NMI03108 B = 2.61799e-05 M = 3.03105e-06
Branch NMI9579 B = 2.49332e-06 M = 1.22353e-06
Branch NMI95280 B = 1.24666e-06 M = 1.22131e-06
Branch NMI02152 B = 4.98664e-06 M = 4.83365e-06
Branch NMI01244 B = 0.000115316 M = 6.87204e-06
Branch NMI99206 B = 2.49332e-06 M = 2.42557e-06
Branch NMI9535 B = 4.67498e-05 M = 3.8756e-06
Branch NMI0599 B = 0.000332235 M = 1.52897e-05
Branch NMI0064 B = 1.24666e-06 M = 1.22161e-06
Branch NMI02281 B = 2.11932e-05 M = 6.64539e-06
Branch NMI02158 B = 0.000367765 M = 1.44597e-05
Branch NMI95152 B = 1.49599e-05 M = 1.44657e-05
Branch NMI04200 B = 0.00107898 M = 2.64725e-05
Branch NMI9472 B = 1.86999e-06 M = 1.82352e-06
Branch NMI071 B = 9.97328e-06 M = 8.49817e-06
Branch NMI99118 B = 0.000451914 M = 4.27721e-06
Branch NMI094 B = 1.86999e-06 M = 1.82308e-06
Branch NMI9834 B = 4.36331e-06 M = 4.232e-06
Branch NMI99134 B = 2.49332e-06 M = 2.42533e-06
Branch NMI0898 B = 0.000237489 M = 1.17622e-05
Branch NMI02129 B = 0.000930632 M = 1.24488e-05
Branch NMI03142 B = 0.000105343 M = 2.5972e-05
Branch NMI028 B = 1.86999e-06 M = 1.82364e-06
Branch NMI9617 B = 0.000726803 M = 7.40548e-06
Branch NMI0676 B = 9.59929e-05 M = 1.25836e-06
Branch NMI0181 B = 3.11665e-06 M = 3.02812e-06
Branch NMI9835 B = 3.11665e-06 M = 3.02772e-06
Branch NMI0517 B = 0.000466251 M = 1.29547e-05
Branch NMI0128 B = 3.73998e-06 M = 6.19638e-07
Branch NMI97290 B = 0.000271772 M = 7.81333e-06
Branch NMI97373 B = 7.1683e-05 M = 1.59263e-06
Branch NMI96117 B = 5.60997e-06 M = 5.43537e-06
Branch NMI95303 B = 1.24666e-06 M = 1.22153e-06
Branch NMI9926 B = 2.49332e-06 M = 2.42606e-06
Branch NMI05148 B = 2.49332e-06 M = 2.42558e-06
Branch NMI00117 B = 3.11665e-06 M = 3.02825e-06
Branch NMI9543 B = 2.49332e-06 M = 2.42549e-06
Branch NMI94140 B = 1.86999e-06 M = 1.82428e-06
Branch NMI9526 B = 4.36331e-06 M = 4.23164e-06
Branch NMI96318 B = 1.24666e-06 M = 1.22143e-06
Branch 18MI0054 B = 0.000356545 M = 4.94553e-06
Branch NMI98255 B = 1.62066e-05 M = 1.56727e-05
Branch NMI96165 B = 1.30899e-05 M = 6.19627e-07
Branch NMI98215 B = 1.86999e-06 M = 1.82396e-06
Branch NMI99201 B = 4.36331e-06 M = 4.23213e-06
Branch NMI998 B = 3.86465e-05 M = 3.66688e-06
Branch NMI99249 B = 3.73998e-06 M = 3.62988e-06
Branch NMI0276 B = 2.61799e-05 M = 3.63728e-06
Branch NMI95275 B = 5.29831e-05 M = 6.82107e-06
Branch 17MI0002 B = 4.98664e-05 M = 3.03096e-06
Branch NMI03127 B = 1.24666e-06 M = 1.22106e-06
Branch NMI9738 B = 0.000233749 M = 4.25634e-06
Branch NMI01148 B = 7.5423e-05 M = 5.7452e-06
Branch NMI9797 B = 8.85129e-05 M = 6.219e-07
Branch 15MI0012 B = 0.000232502 M = 1.5323e-06
Branch NMI04170 B = 0.00174221 M = 2.77502e-05
Branch NMI95278 B = 6.2333e-06 M = 6.0371e-06
Branch NMI9524 B = 3.11665e-06 M = 3.02822e-06
Branch NMI95215 B = 4.79964e-05 M = 2.44291e-06
Branch NMI9895 B = 1.24666e-06 M = 1.22154e-06
Branch NMI9897 B = 6.85663e-05 M = 6.00925e-06
Branch NMI94242 B = 1.86999e-06 M = 1.82346e-06
Branch NMI95167 B = 2.49332e-06 M = 2.42584e-06
Branch NMI01215 B = 0.000515494 M = 1.48228e-05
Branch NMI94250 B = 9.34995e-06 M = 4.96562e-06
Branch 16MI0063 B = 1.24666e-06 M = 1.22154e-06
Branch NMI96170 B = 8.72662e-06 M = 8.44699e-06
Branch NMI00149 B = 2.99199e-05 M = 5.44294e-06
Branch NMI1151 B = 0.000355922 M = 2.57782e-05
Branch NMI9858 B = 0.000191986 M = 3.42843e-06
Branch NMI97349 B = 5.67231e-05 M = 2.51636e-06
Branch NMI0025 B = 2.49332e-06 M = 2.42532e-06
Branch NMI99274 B = 3.11665e-06 M = 3.02755e-06
Branch NMI9841 B = 9.59929e-05 M = 4.8338e-06
Branch NMI01157 B = 5.60997e-06 M = 5.4366e-06
Branch NMI9663 B = 7.79163e-05 M = 3.03911e-06
Branch NMI99146 B = 9.28762e-05 M = 3.64997e-06
Branch NMI9915 B = 2.49332e-06 M = 2.42542e-06
Branch NMI0933 B = 6.85663e-06 M = 6.63956e-06
Branch NMI954 B = 4.36331e-06 M = 1.84741e-06
Branch NMI0883 B = 3.11665e-05 M = 2.42598e-06
Branch NMI02263 B = 3.98931e-05 M = 6.76955e-06
Branch NMI00224 B = 3.11665e-06 M = 3.02769e-06
Branch NMI98268 B = 4.98664e-06 M = 4.83311e-06
Branch NMI99288 B = 1.24666e-06 M = 1.22166e-06
Branch NMI96186 B = 5.60997e-06 M = 5.43581e-06
Branch NMI99294 B = 0.000295459 M = 8.20878e-06
Branch NMI03133 B = 0.000440694 M = 1.33126e-05
Branch NMI98175 B = 0.000319145 M = 1.02028e-05
Branch NMI96162 B = 1.24666e-06 M = 1.22141e-06
Branch NMI9157 B = 1.24666e-06 M = 1.2215e-06
Branch NMI9967 B = 0.000314158 M = 1.92029e-05
Branch NMI99213 B = 4.98664e-06 M = 4.83336e-06
Branch NMI99172 B = 1.86999e-06 M = 1.82341e-06
Branch NMI0842 B = 0.000138379 M = 6.6984e-06
Branch NMI0218 B = 0.000289849 M = 4.51749e-06
Branch NMI99297 B = 4.98664e-06 M = 4.83401e-06
Branch NMI9490 B = 1.86999e-06 M = 1.82336e-06
Branch NMI9939 B = 0.000249332 M = 9.62497e-06
Branch NMI98155 B = 1.24666e-06 M = 1.22155e-06
Branch NMI00199 B = 3.67765e-05 M = 6.55638e-06
Branch NMI9884 B = 3.73998e-06 M = 3.62928e-06
Branch NMI98226 B = 7.10596e-05 M = 3.35846e-06
Branch NMI9916 B = 0.000111576 M = 4.28598e-06
Branch NMI9839 B = 0.00063455 M = 1.71959e-05
Branch NMI96307 B = 6.2333e-06 M = 6.03677e-06
Branch NMI01124 B = 0.000474978 M = 7.92251e-06
Branch NMI97247 B = 1.86999e-06 M = 1.82395e-06
Branch NMI97338 B = 1.24666e-06 M = 1.22124e-06
Branch NMI9716 B = 1.55833e-05 M = 3.0253e-06
Branch NMI0236 B = 0.000181389 M = 6.33248e-06
Branch NMI97161 B = 2.49332e-06 M = 2.42535e-06
Branch NMI95307 B = 4.36331e-06 M = 4.23149e-06
Branch NMI9217 B = 0.00303811 M = 7.56011e-05
Branch NMI04206 B = 0.000577204 M = 1.19896e-05
Branch NMI95180 B = 7.47996e-06 M = 5.46948e-06
Branch NMI0319 B = 2.49332e-06 M = 2.42525e-06
Branch NMI99221 B = 0.000173909 M = 3.70728e-06
Branch NMI98126 B = 0.000491184 M = 5.55012e-06
Branch NMI00238 B = 0.000175779 M = 1.14132e-05
Branch NMI94195 B = 7.23063e-05 M = 1.22379e-06
Branch 19MI0030 B = 0.00072057 M = 1.0116e-05
Branch NMI98248 B = 0.000231879 M = 3.93522e-06
Branch NMI01223 B = 1.86999e-06 M = 1.82377e-06
Branch NMI99304 B = 3.73998e-06 M = 3.62895e-06
Branch NMI0576 B = 4.92431e-05 M = 4.23577e-06
Branch NMI0745 B = 0.000297952 M = 3.11347e-06
Branch NMI9886 B = 1.24666e-06 M = 1.22118e-06
Branch NMI96235 B = 7.23063e-05 M = 1.22342e-06
Branch NMI0680 B = 0.000860196 M = 2.53244e-05
Branch NMI9995 B = 0.00239857 M = 5.53769e-05
Branch NMI02190 B = 7.47996e-06 M = 7.24211e-06
Branch NMI1069 B = 0.000258682 M = 1.0977e-05
Branch NMI074 B = 0.000180142 M = 7.28024e-06
Branch NMI97101 B = 1.24666e-06 M = 1.22103e-06
Branch NMI9575 B = 2.49332e-06 M = 2.42563e-06
Branch NMI06132 B = 1.24666e-06 M = 1.22135e-06
Branch NMI025 B = 0.000159573 M = 1.15804e-05
Branch NMI1143 B = 3.11665e-06 M = 3.02704e-06
Branch NMI01324 B = 0.000249955 M = 1.18802e-05
Branch NMI93161 B = 3.73998e-06 M = 3.62935e-06
Branch NMI0120 B = 1.24666e-06 M = 1.22138e-06
Branch NMI9583 B = 1.24666e-06 M = 1.22166e-06
Branch 14MI0024 B = 0.000151469 M = 8.92977e-06
Branch NMI9493 B = 1.24666e-06 M = 1.22137e-06
Branch NMI01150 B = 8.16563e-05 M = 3.1551e-06
Branch NMI137 B = 0.000246839 M = 2.5551e-05
Branch NMI98177 B = 0.000307302 M = 8.70392e-06
Branch NMI0692 B = 0.00161443 M = 1.66342e-05
Branch NMI9662 B = 0.000139626 M = 4.24958e-06
Branch NMI9695 B = 1.86999e-06 M = 1.82397e-06
Branch NMI0017 B = 0.000112823 M = 7.26677e-06
Branch NMI0031 B = 9.34995e-06 M = 9.0479e-06
Branch 17MI0069 B = 8.60196e-05 M = 2.43105e-06
Branch NMI109 B = 0.000714336 M = 2.47487e-05
Branch NMI0185 B = 1.86999e-06 M = 1.82326e-06
Branch NMI0772 B = 1.43366e-05 M = 6.59277e-07
Branch NMI9613 B = 1.24666e-06 M = 1.22205e-06
Branch NMI9556 B = 0.000337845 M = 6.57294e-06
Branch NMI01243 B = 3.73998e-06 M = 2.61118e-06
Branch NMI0114 B = 7.1683e-05 M = 6.2058e-07
Branch NMI05162 B = 5.42297e-05 M = 8.45951e-06
Branch NMI0322 B = 0.000489314 M = 2.55154e-05
Branch NMI97240 B = 0.000138379 M = 4.24371e-06
Branch NMI97150 B = 1.49599e-05 M = 6.19751e-07
Branch NMI03287 B = 0.000359038 M = 7.22193e-06
Branch NMI9846 B = 1.24666e-06 M = 1.22151e-06
Branch NMI99150 B = 1.24666e-06 M = 1.22157e-06
Branch NMI98256 B = 4.98664e-06 M = 3.63506e-06
Branch NMI03113 B = 4.11398e-05 M = 3.63473e-06
Branch NMI0329 B = 3.11665e-06 M = 3.02752e-06
Branch NMI9840 B = 3.24132e-05 M = 3.03127e-06
Branch NMI02147 B = 0.000236865 M = 1.45849e-06
Branch NMI97344 B = 3.73998e-06 M = 3.62928e-06
Branch NMI01188 B = 1.86999e-06 M = 1.82369e-06
Branch NMI00215 B = 2.49332e-06 M = 2.42536e-06
Branch NMI946 B = 1.24666e-06 M = 1.22145e-06
Branch NMI97206 B = 2.49332e-06 M = 2.42544e-06
Branch NMI99298 B = 1.86999e-06 M = 1.82365e-06
Branch NMI05103 B = 5.60997e-06 M = 5.43549e-06
Branch NMI97386 B = 1.24666e-06 M = 1.22117e-06
Branch 17MI0033 B = 0.000553517 M = 4.55047e-06
Branch NMI99260 B = 0.000112823 M = 9.76553e-06
Branch NMI02253 B = 1.18433e-05 M = 6.04157e-06
Branch NMI05146 B = 0.000860819 M = 1.86102e-05
Branch NMI00133 B = 0.000115316 M = 7.02025e-06
Branch NMI94136 B = 1.24666e-06 M = 1.22147e-06
Branch NMI01246 B = 0.000424488 M = 4.8788e-06
Branch NMI98145 B = 0.000564737 M = 7.4848e-06
Branch NMI01126 B = 0.000168922 M = 1.83104e-06
Branch NMI095 B = 1.24666e-06 M = 1.22143e-06
Branch NMI99108 B = 4.73731e-05 M = 1.04307e-05
Branch NMI0471 B = 3.73998e-06 M = 3.62948e-06
Branch NMI043 B = 3.73998e-06 M = 3.62962e-06
Branch NMI9747 B = 0.000222529 M = 7.05428e-06
Branch NMI97359 B = 0.000158326 M = 3.64283e-06
Branch NMI0774 B = 3.73998e-06 M = 3.63055e-06
Branch NMI0129 B = 0.00125476 M = 3.95669e-05
Branch NMI02117 B = 0.000424488 M = 1.96832e-05
Branch NMI95290 B = 0.000361532 M = 1.21764e-05
Branch NMI0488 B = 0.000102226 M = 3.9065e-06
Branch NMI949 B = 0.000133393 M = 1.59534e-05
Branch NMI0940 B = 0.000882636 M = 3.64048e-05
Branch NMI96110 B = 1.24666e-06 M = 1.2216e-06
Branch NMI00191 B = 0.000119679 M = 1.92652e-06
Branch NMI03121 B = 0.000191986 M = 8.3471e-06
Branch NMI01230 B = 4.98664e-06 M = 4.83418e-06
Branch 17MI0061 B = 1.37133e-05 M = 4.55956e-06
Branch NMI00150 B = 0.000132146 M = 3.95377e-06
Branch NMI01284 B = 2.49332e-06 M = 2.42522e-06
Branch NMI00251 B = 4.86198e-05 M = 3.63492e-06
Branch NMI97186 B = 1.24666e-06 M = 1.22094e-06
Branch NMI94253 B = 6.2333e-06 M = 6.03772e-06
Branch NMI06124 B = 4.61264e-05 M = 6.08674e-06
Branch NMI01314 B = 0.000286732 M = 1.09127e-05
Branch NMI9826 B = 0.000383348 M = 1.31144e-05
Branch NMI95190 B = 3.86465e-05 M = 4.95904e-06
Branch NMI9854 B = 0.000189492 M = 8.54751e-06
Branch NMI962 B = 7.5423e-05 M = 4.96075e-06
Branch NMI01286 B = 3.98931e-05 M = 6.91494e-06
Branch NMI0290 B = 6.85663e-06 M = 6.63907e-06
Branch NMI01261 B = 0.000259929 M = 8.34988e-06
Branch NMI9668 B = 2.61799e-05 M = 1.22273e-06
Branch NMI041 B = 0.000294835 M = 1.33806e-05
Branch NMI94204 B = 1.86999e-06 M = 1.82364e-06
Branch NMI01275 B = 1.24666e-06 M = 1.22163e-06
Branch NMI02136 B = 5.60997e-06 M = 5.43632e-06
Branch NMI01361 B = 1.24666e-06 M = 1.22141e-06
Branch NMI9649 B = 1.86999e-06 M = 1.8236e-06
Branch NMI1161 B = 2.49332e-05 M = 7.24981e-06
Branch NMI96214 B = 0.000565361 M = 7.21614e-06
Branch NMI95171 B = 2.49332e-06 M = 2.42572e-06
Branch NMI0077 B = 4.36331e-06 M = 4.23098e-06
Branch NMI94102 B = 4.98664e-06 M = 4.83521e-06
Branch NMI97256 B = 0.000294212 M = 3.10487e-06
Branch 19MI0008 B = 0.000181389 M = 4.72236e-06
Branch NMI03119 B = 0.000810329 M = 3.5499e-05
Branch NMI9731 B = 2.49332e-06 M = 2.42662e-06
Branch NMI97322 B = 1.86999e-06 M = 1.82342e-06
Branch NMI01119 B = 5.60997e-06 M = 3.63097e-06
Branch NMI01325 B = 3.73998e-06 M = 3.63009e-06
Branch NMI96115 B = 1.86999e-06 M = 1.82378e-06
Branch NMI02220 B = 0.000162689 M = 1.83268e-06
Branch NMI02151 B = 3.11665e-06 M = 3.02777e-06
Branch NMI01323 B = 4.48798e-05 M = 1.22469e-06
Branch NMI01285 B = 0.000255565 M = 3.04215e-06
Branch NMI0057 B = 4.36331e-06 M = 4.23187e-06
Branch NMI96272 B = 3.11665e-06 M = 3.02853e-06
Branch NMI9981 B = 3.11665e-06 M = 3.02748e-06
Branch NMI04188 B = 4.98664e-06 M = 4.83457e-06
Branch NMI97350 B = 0.000211932 M = 3.17412e-06
Branch NMI96147 B = 4.98664e-06 M = 1.82457e-06
Branch NMI0089 B = 3.73998e-06 M = 3.62877e-06
Branch NMI95234 B = 1.24666e-06 M = 1.22151e-06
Branch NMI95255 B = 3.73998e-05 M = 2.86133e-06
Branch NMI95221 B = 0.000158326 M = 4.25351e-06
Branch NMI9529 B = 1.24666e-06 M = 1.22134e-06
Branch NMI9723 B = 0.00108272 M = 3.79727e-06
Branch NMI00201 B = 4.48798e-05 M = 2.45072e-06
Branch NMI01194 B = 5.79697e-05 M = 7.24803e-06
Branch NMI0265 B = 6.2333e-06 M = 6.0375e-06
Branch 16MI0069 B = 0.000272395 M = 5.71477e-06
Branch NMI9397 B = 3.11665e-06 M = 3.02796e-06
Branch NMI96333 B = 7.47996e-06 M = 6.04594e-06
Branch NMI9957 B = 5.36064e-05 M = 1.89258e-06
Branch NMI00173 B = 2.74265e-05 M = 3.63606e-06
Branch NMI99257 B = 0.000108459 M = 2.62733e-06
Branch NMI04174 B = 0.000673197 M = 1.44672e-05
Branch NMI0073 B = 1.24666e-06 M = 1.22133e-06
Branch NMI99185 B = 3.11665e-06 M = 3.02789e-06
Branch NMI0150 B = 7.1683e-05 M = 5.2861e-06
Branch NMI02264 B = 3.73998e-06 M = 3.62959e-06
Branch NMI00245 B = 0.000152716 M = 3.12011e-06
Branch NMI96334 B = 1.24666e-06 M = 1.22156e-06
Branch NMI0422 B = 0.000309795 M = 3.0911e-06
Branch NMI0038 B = 5.42297e-05 M = 1.82516e-06
Branch NMI04118 B = 0.000271149 M = 1.33811e-05
Branch NMI97306 B = 2.49332e-06 M = 2.42556e-06
Branch NMI94241 B = 3.73998e-06 M = 3.62932e-06
Branch NMI98105 B = 6.2333e-06 M = 1.8238e-06
Branch NMI03161 B = 0.000179519 M = 1.19031e-05
Branch NMI0144 B = 9.03829e-05 M = 3.24161e-06
Branch NMI00281 B = 0.000258682 M = 5.84225e-06
Branch NMI0282 B = 1.86999e-06 M = 1.82357e-06
Branch NMI012 B = 2.49332e-06 M = 2.42598e-06
Branch NMI98288 B = 4.86198e-05 M = 3.03191e-06
Branch NMI0171 B = 7.29296e-05 M = 6.23532e-07
Branch NMI9724 B = 0.000721193 M = 1.45844e-05
Branch NMI97246 B = 2.49332e-06 M = 1.2235e-06
Branch NMI97212 B = 1.18433e-05 M = 1.82443e-06
Branch 14MI0025 B = 1.24666e-06 M = 1.22162e-06
Branch NMI95248 B = 5.67231e-05 M = 3.03471e-06
Branch NMI98305 B = 0.00102351 M = 2.32544e-05
Branch NMI02172 B = 2.18166e-05 M = 2.1091e-05
Branch NMI9687 B = 0.000518611 M = 3.55092e-06
Branch NMI96222 B = 3.11665e-06 M = 3.02802e-06
Branch NMI0216 B = 0.000167676 M = 5.43443e-06
Branch 16MI0064 B = 0.000180142 M = 3.00422e-06
Branch NMI97170 B = 6.29564e-05 M = 2.45449e-06
Branch NMI9986 B = 0.000347818 M = 8.30597e-06
Branch NMI97304 B = 6.73197e-05 M = 2.0462e-05
Branch NMI01163 B = 0.000185129 M = 1.85286e-06
Branch NMI99218 B = 4.79964e-05 M = 1.07361e-05
Branch NMI96255 B = 5.11131e-05 M = 2.82562e-06
Branch NMI93108 B = 1.24666e-06 M = 1.22135e-06
Branch NMI0143 B = 5.60997e-06 M = 1.84952e-06
Branch NMI97129 B = 1.24666e-06 M = 1.22137e-06
Branch NMI929 B = 1.05966e-05 M = 1.22266e-06
Branch NMI9796 B = 0.00155459 M = 3.1026e-05
Branch NMI04113 B = 2.49332e-06 M = 2.42577e-06
Branch 18MI0078 B = 0.000511754 M = 5.72813e-06
Branch NMI96136 B = 1.86999e-06 M = 1.82401e-06
Branch NMI938 B = 5.48531e-05 M = 8.45985e-07
Branch NMI9832 B = 4.98664e-06 M = 4.83413e-06
Branch NMI04104 B = 8.72662e-06 M = 1.82449e-06
Branch NMI0654 B = 0.000192609 M = 7.34706e-06
Branch NMI97313 B = 0.000169546 M = 3.05836e-06
Branch NMI00221 B = 1.24666e-06 M = 1.22159e-06
Branch NMI99222 B = 6.29564e-05 M = 3.29487e-06
Branch NMI9990 B = 0.000936242 M = 1.15708e-05
Branch NMI9612 B = 1.24666e-06 M = 1.22142e-06
Branch NMI9963 B = 1.24666e-06 M = 1.22123e-06
Branch NMI98114 B = 1.49599e-05 M = 6.03888e-06
Branch NMI03207 B = 5.17364e-05 M = 5.38026e-06
Branch NMI9523 B = 1.86999e-06 M = 1.82341e-06
Branch NMI99250 B = 0.000327872 M = 1.34949e-05
Branch NMI95173 B = 0.000270525 M = 4.61405e-06
Branch NMI0179 B = 2.49332e-06 M = 2.42586e-06
Branch NMI05152 B = 0.00107587 M = 2.91233e-05
Branch NMI936 B = 8.10329e-06 M = 7.84452e-06
Branch NMI94166 B = 2.92965e-05 M = 6.25517e-07
Branch 17MI0023 B = 0.000315405 M = 7.43624e-06
Branch NMI00193 B = 3.42832e-05 M = 5.36784e-06
Branch NMI00295 B = 7.7293e-05 M = 4.14172e-06
Branch NMI98286 B = 2.49332e-06 M = 2.42461e-06
Branch NMI9588 B = 0.000158949 M = 1.43912e-05
Branch NMI98240 B = 0.000446928 M = 1.20001e-05
Branch NMI1248 B = 0.00117498 M = 4.18248e-05
Branch NMI92126 B = 2.49332e-05 M = 6.2018e-07
Branch 14MI0030 B = 4.55031e-05 M = 6.20954e-07
Branch NMI042 B = 0.000403918 M = 3.16556e-05
Branch NMI131 B = 0.000468744 M = 4.62543e-06
Branch NMI9378 B = 0.00104158 M = 4.23535e-05
Branch NMI0941 B = 1.99466e-05 M = 6.19714e-07
Branch NMI1265 B = 0.000166429 M = 3.63556e-06
Branch NMI95112 B = 0.000407035 M = 3.0635e-06
Branch 19MI0009 B = 1.24666e-06 M = 1.22146e-06
Branch NMI9443 B = 0.0013707 M = 2.66317e-05
Branch NMI029 B = 1.37133e-05 M = 1.32639e-05
Branch NMI93159 B = 0.000112199 M = 6.64516e-06
Branch NMI98212 B = 1.24666e-06 M = 1.22162e-06
Branch NMI01212 B = 3.92698e-05 M = 3.07488e-06
Branch NMI03125 B = 9.84862e-05 M = 6.65982e-06
Branch NMI9976 B = 4.36331e-06 M = 4.23193e-06
Branch NMI01113 B = 0.000108459 M = 4.87343e-06
Branch NMI0116 B = 3.73998e-06 M = 3.62989e-06
Branch NMI9777 B = 1.86999e-06 M = 1.82357e-06
Branch NMI01273 B = 4.67498e-05 M = 6.2014e-07
Branch NODE_916 B = 0.000183259 M = 3.50139e-06
Branch NODE_917 B = 1.74532e-05 M = 1.22252e-06
Branch NODE_918 B = 4.36331e-06 M = 6.1963e-07
Branch NODE_919 B = 0.00169608 M = 2.93366e-05
Branch NODE_920 B = 1.86999e-06 M = 1.82295e-06
Branch NODE_921 B = 0.00202146 M = 4.10222e-05
Branch NODE_922 B = 0.000785396 M = 2.05331e-05
Branch NODE_923 B = 1.24666e-06 M = 1.22132e-06
Branch NODE_924 B = 0.00138878 M = 2.07008e-05
Branch NODE_925 B = 3.73998e-06 M = 2.43021e-06
Branch NODE_931 B = 1.24666e-06 M = 1.22142e-06
Branch NODE_933 B = 0.000290472 M = 4.54939e-06
Branch NODE_934 B = 0.00074862 M = 1.32889e-05
Branch NODE_935 B = 0.000429475 M = 7.14967e-06
Branch NODE_939 B = 0.000139003 M = 4.10387e-06
Branch NODE_940 B = 0.000193232 M = 5.73475e-06
Branch NODE_941 B = 0.000135886 M = 6.23099e-06
Branch NODE_942 B = 0.000391451 M = 1.9802e-06
Branch NODE_945 B = 3.30365e-05 M = 1.28691e-06
Branch NODE_946 B = 9.10062e-05 M = 1.87228e-06
Branch NODE_947 B = 6.2333e-05 M = 3.08179e-06
Branch NODE_948 B = 2.11932e-05 M = 1.23513e-06
Branch NODE_949 B = 0.00113259 M = 2.16752e-05
Branch NODE_950 B = 1.74532e-05 M = 4.41884e-06
Branch NODE_951 B = 0.000122796 M = 1.23283e-06
Branch NODE_952 B = 2.61799e-05 M = 6.20287e-07
Branch NODE_954 B = 0.000207569 M = 2.53777e-06
Branch NODE_956 B = 3.73998e-06 M = 1.22286e-06
Branch NODE_960 B = 1.62066e-05 M = 3.63142e-06
Branch NODE_964 B = 1.37133e-05 M = 6.20031e-07
Branch NODE_965 B = 0.000314158 M = 8.69264e-06
Branch NODE_966 B = 4.98664e-05 M = 6.09531e-06
Branch NODE_967 B = 0.00125663 M = 3.17617e-05
Branch NODE_969 B = 0.000164559 M = 2.73038e-06
Branch NODE_970 B = 0.00108085 M = 9.22552e-06
Branch NODE_971 B = 0.000272395 M = 1.16383e-05
Branch NODE_972 B = 1.86999e-05 M = 1.22215e-06
Branch NODE_973 B = 1.86999e-06 M = 1.8236e-06
Branch NODE_974 B = 0.000994212 M = 2.23458e-05
Branch NODE_975 B = 4.67498e-05 M = 1.57552e-06
Branch NODE_976 B = 1.86999e-06 M = 1.82406e-06
Branch NODE_977 B = 9.34995e-06 M = 1.20663e-06
Branch NODE_980 B = 1.86999e-06 M = 1.82342e-06
Branch NODE_981 B = 4.23865e-05 M = 3.03089e-06
Branch NODE_985 B = 0.000105343 M = 1.99369e-06
Branch NODE_986 B = 1.86999e-06 M = 1.82368e-06
Branch NODE_988 B = 5.92164e-05 M = 4.13313e-06
Branch NODE_989 B = 1.24666e-06 M = 1.22154e-06
Branch NODE_991 B = 1.24666e-06 M = 1.22095e-06
Branch NODE_992 B = 2.49332e-06 M = 2.42542e-06
Branch NODE_993 B = 1.24666e-06 M = 1.22153e-06
Branch NODE_994 B = 3.11665e-06 M = 3.02835e-06
Branch NODE_995 B = 4.55031e-05 M = 6.33085e-07
Branch NODE_996 B = 4.36331e-06 M = 4.23188e-06
Branch NODE_997 B = 0.000927515 M = 1.29446e-05
Branch NODE_998 B = 0.00062707 M = 7.01558e-06
Branch NODE_999 B = 2.05699e-05 M = 6.19918e-07
Branch NODE_1000 B = 0.000647017 M = 1.43669e-05
Branch NODE_1001 B = 0.000538557 M = 2.70804e-05
Branch NODE_1002 B = 0.000423865 M = 2.60002e-06
Branch NODE_1004 B = 0.000648263 M = 1.16695e-05
Branch NODE_1005 B = 4.67498e-05 M = 7.28174e-07
Branch NODE_1006 B = 3.73998e-05 M = 5.44391e-06
Branch NODE_1007 B = 0.000787889 M = 1.1961e-05
Branch NODE_1009 B = 0.00105654 M = 1.93577e-05
Branch NODE_1010 B = 3.17898e-05 M = 2.03596e-06
Branch NODE_1011 B = 2.49332e-06 M = 1.85033e-06
Branch NODE_1012 B = 0.000837756 M = 2.78352e-05
Branch NODE_1015 B = 3.11665e-06 M = 1.83077e-06
Branch NODE_1017 B = 0.000517364 M = 1.17141e-05
Branch NODE_1019 B = 0.000115939 M = 3.86557e-06
Branch NODE_1022 B = 0.000224399 M = 1.23511e-06
Branch NODE_1023 B = 2.49332e-06 M = 2.42579e-06
Branch NODE_1024 B = 0.000775423 M = 1.33301e-05
Branch NODE_1025 B = 0.000456278 M = 1.79276e-06
Branch NODE_1026 B = 0.000860196 M = 2.45026e-05
Branch NODE_1027 B = 0.000453161 M = 5.63992e-06
Branch NODE_1028 B = 0.000768566 M = 1.91254e-05
Branch NODE_1029 B = 9.34995e-06 M = 3.01154e-06
Branch NODE_1030 B = 0.000338468 M = 5.78168e-06
Branch NODE_1032 B = 0.000366518 M = 5.44781e-06
Branch NODE_1033 B = 5.79697e-05 M = 6.21446e-07
Branch NODE_1034 B = 0.000240605 M = 7.31316e-06
Branch NODE_1035 B = 0.000206946 M = 2.6326e-06
Branch NODE_1036 B = 2.49332e-06 M = 2.4257e-06
Branch NODE_1037 B = 0.000124666 M = 8.66136e-07
Branch NODE_1038 B = 0.000710596 M = 1.85314e-05
Branch NODE_1039 B = 3.11665e-06 M = 3.02687e-06
Branch NODE_1040 B = 1.24666e-06 M = 1.22126e-06
Branch NODE_1042 B = 0.000601514 M = 2.67049e-05
Branch NODE_1043 B = 1.62066e-05 M = 3.03168e-06
Branch NODE_1044 B = 0.000141496 M = 1.03957e-05
Branch NODE_1045 B = 8.97596e-05 M = 1.96533e-06
Branch NODE_1047 B = 0.000355298 M = 2.36009e-06
Branch NODE_1048 B = 1.24666e-06 M = 1.2216e-06
Branch NODE_1049 B = 1.86999e-06 M = 1.82357e-06
Branch NODE_1050 B = 1.24666e-06 M = 1.2214e-06
Branch NODE_1051 B = 0.000731166 M = 1.55975e-05
Branch NODE_1053 B = 9.97328e-05 M = 6.20892e-07
Branch NODE_1055 B = 4.55031e-05 M = 4.9029e-06
Branch NODE_1056 B = 0.000286732 M = 1.14245e-05
Branch NODE_1057 B = 3.11665e-05 M = 6.21443e-07
Branch NODE_1058 B = 7.47996e-06 M = 7.24256e-06
Branch NODE_1059 B = 0.000358415 M = 9.53712e-06
Branch NODE_1060 B = 2.49332e-06 M = 1.22307e-06
Branch NODE_1061 B = 2.86732e-05 M = 4.43949e-06
Branch NODE_1064 B = 2.24399e-05 M = 6.30603e-07
Branch NODE_1065 B = 1.99466e-05 M = 6.19867e-07
Branch NODE_1068 B = 0.000206322 M = 3.7047e-06
Branch NODE_1069 B = 7.47996e-06 M = 6.19675e-07
Branch NODE_1071 B = 1.24666e-06 M = 1.22131e-06
Branch NODE_1072 B = 1.24666e-06 M = 1.22133e-06
Branch NODE_1075 B = 2.49332e-06 M = 2.42604e-06
Branch NODE_1076 B = 8.72662e-06 M = 4.94934e-06
Branch NODE_1081 B = 2.49332e-06 M = 2.42604e-06
Branch NODE_1088 B = 2.49332e-06 M = 2.42604e-06
Branch NODE_1090 B = 1.24666e-06 M = 1.22133e-06
Branch NODE_1093 B = 3.80231e-05 M = 7.68239e-07
Branch NODE_1094 B = 1.86999e-06 M = 1.82384e-06
Branch NODE_1095 B = 0.000850222 M = 1.70886e-05
Branch NODE_1097 B = 3.73998e-06 M = 3.62922e-06
Branch NODE_1099 B = 0.000255565 M = 4.37162e-06
Branch NODE_1101 B = 0.000233749 M = 8.67198e-06
Branch NODE_1102 B = 0.000311042 M = 4.46288e-06
Branch NODE_1103 B = 6.2333e-06 M = 6.03896e-06
Branch NODE_1105 B = 1.24666e-06 M = 1.22157e-06
Branch NODE_1108 B = 5.48531e-05 M = 6.2309e-07
Branch NODE_1109 B = 0.000453161 M = 1.47358e-05
Branch NODE_1110 B = 0.000168299 M = 4.26534e-06
Branch NODE_1111 B = 3.86465e-05 M = 5.13765e-06
Branch NODE_1112 B = 0.000652003 M = 1.35328e-05
Branch NODE_1113 B = 1.24666e-05 M = 6.19617e-07
Branch NODE_1116 B = 4.98664e-06 M = 6.1977e-07
Branch NODE_1117 B = 0.000196349 M = 6.62581e-06
Branch NODE_1118 B = 8.10329e-06 M = 4.19347e-06
Branch NODE_1119 B = 0.000571594 M = 2.12339e-05
Branch NODE_1120 B = 1.24666e-06 M = 1.22153e-06
Branch NODE_1121 B = 0.000468121 M = 7.77295e-06
Branch NODE_1122 B = 2.43099e-05 M = 3.87423e-06
Branch NODE_1123 B = 0.000343455 M = 1.37014e-05
Branch NODE_1124 B = 2.49332e-06 M = 6.63237e-07
Branch NODE_1125 B = 2.74265e-05 M = 6.30517e-07
Branch NODE_1126 B = 0.000167053 M = 5.43657e-06
Branch NODE_1128 B = 0.000221282 M = 5.22942e-06
Branch NODE_1129 B = 0.000101603 M = 3.0441e-06
Branch NODE_1130 B = 0.000556634 M = 2.1435e-05
Branch NODE_1132 B = 2.74265e-05 M = 4.57957e-06
Branch NODE_1133 B = 0.000140249 M = 5.59282e-06
Branch NODE_1134 B = 4.36331e-05 M = 8.39647e-07
Branch NODE_1135 B = 0.000164559 M = 1.92073e-06
Branch NODE_1136 B = 4.42564e-05 M = 3.64282e-06
Branch NODE_1137 B = 0.000130276 M = 6.48208e-07
Branch NODE_1138 B = 6.2333e-05 M = 1.83537e-06
Branch NODE_1139 B = 2.99199e-05 M = 2.87632e-06
Branch NODE_1140 B = 4.36331e-06 M = 4.2315e-06
Branch NODE_1142 B = 0.000466251 M = 4.49628e-06
Branch NODE_1144 B = 9.53695e-05 M = 3.39552e-06
Branch NODE_1146 B = 0.000533571 M = 1.0296e-05
Branch NODE_1147 B = 4.36331e-06 M = 1.22176e-06
Branch NODE_1148 B = 9.97328e-06 M = 6.58713e-07
Branch NODE_1149 B = 1.86999e-06 M = 1.82362e-06
Branch NODE_1150 B = 3.73998e-06 M = 3.62949e-06
Branch NODE_1151 B = 3.73998e-06 M = 1.22139e-06
Branch NODE_1152 B = 2.49332e-06 M = 2.42565e-06
Branch NODE_1153 B = 1.05966e-05 M = 7.8457e-06
Branch NODE_1154 B = 3.17898e-05 M = 6.34145e-07
Branch NODE_1156 B = 6.48263e-05 M = 3.75094e-06
Branch NODE_1157 B = 2.74265e-05 M = 4.18789e-06
Branch NODE_1158 B = 6.2333e-06 M = 1.22237e-06
Branch NODE_1159 B = 0.000441941 M = 9.88954e-06
Branch NODE_1160 B = 1.24666e-06 M = 1.22158e-06
Branch NODE_1161 B = 4.92431e-05 M = 1.8412e-06
Branch NODE_1162 B = 0.000360908 M = 5.58615e-06
Branch NODE_1164 B = 0.000391451 M = 9.95199e-06
Branch NODE_1165 B = 3.73998e-06 M = 1.63197e-06
Branch NODE_1166 B = 0.000263669 M = 1.99477e-05
Branch NODE_1167 B = 0.000255565 M = 6.36122e-07
Branch NODE_1169 B = 0.000150846 M = 8.80779e-06
Branch NODE_1170 B = 5.92164e-05 M = 6.25889e-07
Branch NODE_1171 B = 0.000251202 M = 3.08983e-06
Branch NODE_1172 B = 1.24666e-06 M = 1.22161e-06
Branch NODE_1173 B = 4.36331e-06 M = 6.19739e-07
Branch NODE_1174 B = 3.86465e-05 M = 1.39743e-06
Branch NODE_1175 B = 5.42297e-05 M = 4.24934e-06
Branch NODE_1176 B = 0.000365895 M = 2.53027e-06
Branch NODE_1181 B = 0.000444434 M = 1.22472e-05
Branch NODE_1182 B = 8.41496e-05 M = 2.43702e-06
Branch NODE_1183 B = 0.000332858 M = 4.61931e-06
Branch NODE_1184 B = 0.000410151 M = 1.01373e-05
Branch NODE_1185 B = 0.000290472 M = 2.57091e-06
Branch NODE_1187 B = 1.24666e-06 M = 1.22144e-06
Branch NODE_1188 B = 3.11665e-06 M = 3.02764e-06
Branch NODE_1196 B = 3.49065e-05 M = 2.42972e-06
Branch NODE_1197 B = 0.000349688 M = 1.8815e-06
Branch NODE_1198 B = 9.16295e-05 M = 3.09361e-06
Branch NODE_1199 B = 0.000320392 M = 5.21457e-06
Branch NODE_1200 B = 0.000221282 M = 2.19497e-06
Branch NODE_1202 B = 0.000317275 M = 4.86696e-06
Branch NODE_1205 B = 0.000213179 M = 5.15164e-06
Branch NODE_1208 B = 0.000229386 M = 6.22519e-06
Branch NODE_1210 B = 0.000274265 M = 2.52313e-06
Branch NODE_1211 B = 0.000245592 M = 2.43929e-06
Branch NODE_1212 B = 0.000402671 M = 4.75903e-06
Branch NODE_1213 B = 4.73731e-05 M = 6.20665e-07
Branch NODE_1214 B = 0.000328495 M = 1.18657e-05
Branch NODE_1215 B = 2.49332e-06 M = 2.42512e-06
Branch NODE_1216 B = 1.74532e-05 M = 2.10118e-06
Branch NODE_1217 B = 0.000360285 M = 1.74162e-05
Branch NODE_1218 B = 4.67498e-05 M = 1.66957e-06
Branch NODE_1219 B = 3.36598e-05 M = 6.2143e-07
Branch NODE_1220 B = 3.73998e-06 M = 6.1968e-07
Branch NODE_1221 B = 0.000259929 M = 1.5993e-06
Branch NODE_1223 B = 6.2333e-06 M = 1.82378e-06
Branch NODE_1224 B = 0.000172039 M = 1.85005e-06
Branch NODE_1225 B = 1.86999e-06 M = 6.20847e-07
Branch NODE_1227 B = 0.000319145 M = 1.61706e-05
Branch NODE_1228 B = 5.11131e-05 M = 6.77469e-07
Branch NODE_1229 B = 3.36598e-05 M = 3.02997e-06
Branch NODE_1230 B = 0.000177649 M = 5.08947e-06
Branch NODE_1232 B = 9.91095e-05 M = 5.24569e-06
Branch NODE_1233 B = 0.000160196 M = 3.88653e-06
Branch NODE_1234 B = 0.000209439 M = 8.40922e-06
Branch NODE_1235 B = 3.11665e-06 M = 3.02713e-06
Branch NODE_1236 B = 0.000105343 M = 4.24664e-06
Branch NODE_1237 B = 4.98664e-06 M = 4.83382e-06
Branch NODE_1238 B = 2.68032e-05 M = 6.25788e-07
Branch NODE_1239 B = 9.22529e-05 M = 5.10654e-06
Branch NODE_1241 B = 5.73464e-05 M = 2.64602e-06
Branch NODE_1242 B = 0.000183259 M = 1.92252e-06
Branch NODE_1243 B = 0.000383348 M = 7.71255e-06
Branch NODE_1244 B = 2.49332e-06 M = 2.42503e-06
Branch NODE_1247 B = 1.86999e-06 M = 1.82339e-06
Branch NODE_1249 B = 0.000318522 M = 7.49542e-06
Branch NODE_1250 B = 0.000351558 M = 1.18802e-05
Branch NODE_1251 B = 9.66162e-05 M = 2.18448e-06
Branch NODE_1253 B = 0.000358415 M = 4.80972e-06
Branch NODE_1254 B = 1.86999e-06 M = 1.82385e-06
Branch NODE_1255 B = 0.000208192 M = 5.48075e-06
Branch NODE_1256 B = 0.000323508 M = 4.30227e-06
Branch NODE_1257 B = 2.74265e-05 M = 2.34153e-06
Branch NODE_1258 B = 9.34995e-05 M = 2.43561e-06
Branch NODE_1259 B = 7.91629e-05 M = 4.84318e-06
Branch NODE_1260 B = 0.000278629 M = 4.28734e-06
Branch NODE_1261 B = 1.05966e-05 M = 1.02522e-05
Branch NODE_1262 B = 0.000188246 M = 6.20227e-06
Branch NODE_1263 B = 4.98664e-06 M = 4.83415e-06
Branch NODE_1264 B = 1.24666e-06 M = 1.22146e-06
Branch NODE_1265 B = 0.000191362 M = 3.75853e-06
Branch NODE_1266 B = 1.24666e-06 M = 1.22122e-06
Branch NODE_1267 B = 3.49065e-05 M = 2.51566e-06
Branch NODE_1268 B = 0.000383971 M = 1.23783e-05
Branch NODE_1269 B = 1.86999e-06 M = 1.82344e-06
Branch NODE_1270 B = 5.79697e-05 M = 4.24036e-06
Branch NODE_1271 B = 2.49332e-06 M = 2.42554e-06
Branch NODE_1272 B = 0.000158326 M = 4.42511e-06
Branch NODE_1273 B = 3.17898e-05 M = 1.71331e-06
Branch NODE_1274 B = 3.11665e-06 M = 3.02823e-06
Branch NODE_1276 B = 7.1683e-05 M = 2.43035e-06
Branch NODE_1277 B = 4.42564e-05 M = 3.96042e-06
Branch NODE_1278 B = 0.000145236 M = 6.14709e-06
Branch NODE_1279 B = 9.97328e-06 M = 5.60919e-06
Branch NODE_1280 B = 3.30365e-05 M = 6.82131e-07
Branch NODE_1281 B = 0.000158949 M = 1.88919e-06
Branch NODE_1284 B = 0.000208816 M = 5.06739e-06
Branch NODE_1285 B = 0.00010098 M = 6.45916e-07
Branch NODE_1286 B = 8.78896e-05 M = 1.22639e-06
Branch NODE_1287 B = 0.000107213 M = 2.37377e-06
Branch NODE_1288 B = 0.000270525 M = 1.09995e-05
Branch NODE_1290 B = 6.2333e-06 M = 2.01194e-06
Branch NODE_1291 B = 0.000322885 M = 1.46985e-05
Branch NODE_1293 B = 6.6073e-05 M = 3.26962e-06
Branch NODE_1294 B = 1.49599e-05 M = 1.21806e-06
Branch NODE_1295 B = 1.24666e-06 M = 1.22151e-06
Branch NODE_1296 B = 1.86999e-06 M = 1.82325e-06
Branch NODE_1297 B = 0.000160819 M = 2.47353e-06
Branch NODE_1298 B = 1.86999e-06 M = 1.82373e-06
Branch NODE_1299 B = 3.11665e-06 M = 3.0278e-06
Branch NODE_1300 B = 9.97328e-06 M = 3.02822e-06
Branch NODE_1302 B = 0.000181389 M = 1.83393e-06
Branch NODE_1303 B = 0.000191986 M = 1.86069e-06
Branch NODE_1304 B = 1.24666e-06 M = 1.22169e-06
Branch NODE_1305 B = 0.000102226 M = 1.84185e-06
Branch NODE_1306 B = 0.000140249 M = 3.84641e-06
Branch NODE_1307 B = 3.73998e-06 M = 3.62991e-06
Branch NODE_1308 B = 0.000130899 M = 9.28774e-06
Branch NODE_1309 B = 1.24666e-06 M = 1.22141e-06
Branch NODE_1310 B = 3.11665e-06 M = 3.02748e-06
Branch NODE_1311 B = 2.49332e-06 M = 2.42505e-06
Branch NODE_1313 B = 7.3553e-05 M = 1.22388e-06
Branch NODE_1314 B = 2.49332e-06 M = 1.22298e-06
Branch NODE_1317 B = 8.53962e-05 M = 1.85306e-06
Branch NODE_1319 B = 3.36598e-05 M = 1.9031e-06
Branch NODE_1321 B = 3.05432e-05 M = 4.23793e-06
Branch NODE_1323 B = 3.49065e-05 M = 1.67769e-06
Branch NODE_1325 B = 7.97863e-05 M = 1.82871e-06
Branch NODE_1326 B = 4.42564e-05 M = 4.00049e-06
Branch NODE_1329 B = 4.36331e-06 M = 4.23108e-06
Branch NODE_1331 B = 0.000136509 M = 3.06925e-06
Branch NODE_1332 B = 0.000158949 M = 6.6941e-06
Branch NODE_1334 B = 5.60997e-06 M = 6.199e-07
Branch NODE_1335 B = 7.1683e-05 M = 6.64697e-06
Branch NODE_1336 B = 6.85663e-05 M = 1.51161e-06
Branch NODE_1337 B = 0.000263669 M = 2.82383e-06
Branch NODE_1338 B = 4.67498e-05 M = 1.99328e-06
Branch NODE_1339 B = 7.1683e-05 M = 7.12297e-06
Branch NODE_1340 B = 2.43099e-05 M = 2.11756e-06
Branch NODE_1341 B = 9.34995e-06 M = 1.22113e-06
Branch NODE_1342 B = 0.000172039 M = 4.72917e-06
Branch NODE_1343 B = 6.35797e-05 M = 6.26503e-07
Branch NODE_1344 B = 2.43099e-05 M = 3.63327e-06
Branch NODE_1345 B = 1.93232e-05 M = 1.21714e-06
Branch NODE_1346 B = 1.86999e-06 M = 1.81804e-06
Branch NODE_1347 B = 7.47996e-06 M = 1.22512e-06
Branch NODE_1348 B = 2.49332e-06 M = 2.42587e-06
Branch NODE_1349 B = 0.000101603 M = 8.51843e-07
Branch NODE_1352 B = 0.000120303 M = 1.85471e-06
Branch NODE_1353 B = 0.000148976 M = 2.5627e-06
Branch NODE_1355 B = 6.2333e-06 M = 6.19549e-07
Branch NODE_1356 B = 3.73998e-06 M = 6.20423e-07
Branch NODE_1357 B = 3.11665e-06 M = 3.02802e-06
Branch NODE_1358 B = 5.04898e-05 M = 1.19758e-06
Branch NODE_1359 B = 1.74532e-05 M = 3.77379e-06
Branch NODE_1360 B = 1.24666e-06 M = 1.22138e-06
Branch NODE_1361 B = 1.24666e-06 M = 1.22147e-06
Branch NODE_1363 B = 1.24666e-06 M = 1.22116e-06
Branch NODE_1364 B = 0.000140249 M = 4.70342e-06
Branch NODE_1365 B = 8.10329e-06 M = 6.762e-07
Branch NODE_1371 B = 4.48798e-05 M = 3.63701e-06
Branch NODE_1377 B = 1.24666e-06 M = 1.22204e-06
Branch NODE_1380 B = 1.86999e-06 M = 1.82328e-06
Branch NODE_1382 B = 1.24666e-06 M = 1.22116e-06
Branch NODE_1384 B = 2.68032e-05 M = 1.22343e-06
Branch NODE_1385 B = 2.49332e-06 M = 2.42573e-06
Branch NODE_1388 B = 1.24666e-06 M = 1.22165e-06
Branch NODE_1392 B = 2.99199e-05 M = 1.22196e-06
Branch NODE_1394 B = 1.86999e-06 M = 1.82365e-06
Branch NODE_1395 B = 7.47996e-05 M = 6.36998e-07
Branch NODE_1396 B = 4.92431e-05 M = 3.04884e-06
Branch NODE_1397 B = 8.72662e-06 M = 3.64158e-06
Branch NODE_1401 B = 2.55565e-05 M = 2.43354e-06
Branch NODE_1402 B = 6.2333e-06 M = 2.55765e-06
Branch NODE_1403 B = 5.17364e-05 M = 8.86261e-06
Branch NODE_1404 B = 3.49065e-05 M = 3.67224e-06
Branch NODE_1405 B = 4.11398e-05 M = 1.8259e-06
Branch NODE_1406 B = 4.98664e-06 M = 4.83242e-06
Branch NODE_1407 B = 2.49332e-05 M = 9.79819e-07
Branch NODE_1409 B = 1.86999e-06 M = 1.82263e-06
Branch NODE_1410 B = 1.12199e-05 M = 6.21717e-07
Branch NODE_1412 B = 1.24666e-06 M = 1.22109e-06
Branch NODE_1413 B = 0.000127783 M = 4.86632e-06
Branch NODE_1417 B = 3.73998e-06 M = 6.19713e-07
Branch NODE_1421 B = 1.24666e-06 M = 1.22143e-06
Branch NODE_1422 B = 1.24666e-06 M = 1.22168e-06
Branch NODE_1423 B = 2.49332e-06 M = 2.42501e-06
Branch NODE_1424 B = 1.86999e-06 M = 1.82347e-06
Branch NODE_1427 B = 6.85663e-06 M = 6.20753e-07
Branch NODE_1428 B = 1.24666e-06 M = 1.22155e-06
Branch NODE_1429 B = 1.24666e-06 M = 1.22128e-06
Branch NODE_1431 B = 1.24666e-06 M = 1.22167e-06
Branch NODE_1433 B = 1.24666e-06 M = 1.22194e-06
Branch NODE_1435 B = 7.60463e-05 M = 4.05477e-06
Branch NODE_1437 B = 1.24666e-06 M = 1.22109e-06
Branch NODE_1438 B = 1.24666e-06 M = 1.22161e-06
Branch NODE_1439 B = 0.000135886 M = 4.31682e-06
Branch NODE_1440 B = 1.24666e-06 M = 1.22165e-06
Branch NODE_1447 B = 8.29029e-05 M = 1.23001e-06
Branch NODE_1450 B = 0.000153339 M = 3.18746e-06
Branch NODE_1451 B = 3.42832e-05 M = 6.20909e-07
Branch NODE_1453 B = 7.47996e-06 M = 6.19675e-07
Branch NODE_1454 B = 2.49332e-05 M = 3.86502e-06
Branch NODE_1457 B = 4.92431e-05 M = 4.83949e-06
Branch NODE_1458 B = 1.24666e-06 M = 1.22144e-06
Branch NODE_1459 B = 3.67765e-05 M = 2.20384e-06
Branch NODE_1460 B = 5.04898e-05 M = 1.25232e-06
Branch NODE_1462 B = 2.49332e-06 M = 2.42517e-06
Branch NODE_1463 B = 1.86999e-06 M = 1.82408e-06
Branch NODE_1464 B = 6.6073e-05 M = 9.79637e-06
Branch NODE_1466 B = 8.66429e-05 M = 6.20841e-07
Branch NODE_1469 B = 3.86465e-05 M = 2.43049e-06
Branch NODE_1473 B = 3.11665e-06 M = 6.19658e-07
Branch NODE_1474 B = 1.86999e-06 M = 1.82388e-06
Branch NODE_1476 B = 1.24666e-06 M = 1.22144e-06
Branch NODE_1477 B = 7.47996e-06 M = 6.19675e-07
Branch NODE_1479 B = 0.000119056 M = 5.51165e-06
Branch NODE_1482 B = 0.000136509 M = 1.22827e-06
Branch NODE_1483 B = 1.86999e-06 M = 1.82347e-06
Branch NODE_1484 B = 6.48263e-05 M = 4.24129e-06
Branch NODE_1485 B = 1.24666e-06 M = 1.22135e-06
Branch NODE_1486 B = 7.41763e-05 M = 1.82339e-06
Branch NODE_1488 B = 8.35263e-05 M = 9.74622e-06
Branch NODE_1489 B = 9.34995e-06 M = 9.04802e-06
Branch NODE_1490 B = 0.000140249 M = 3.19873e-06
Branch NODE_1492 B = 1.86999e-06 M = 1.82337e-06
Branch NODE_1493 B = 3.11665e-06 M = 3.02732e-06
Branch NODE_1497 B = 0.000147729 M = 6.07378e-06
Branch NODE_1499 B = 1.86999e-06 M = 6.23429e-07
Branch NODE_1500 B = 9.34995e-06 M = 1.09742e-06
Branch NODE_1504 B = 0.000125289 M = 3.1757e-06
Branch NODE_1505 B = 0.000117186 M = 1.22759e-06
Branch NODE_1506 B = 1.86999e-06 M = 1.82361e-06
Branch NODE_1507 B = 1.12199e-05 M = 2.42644e-06
Branch NODE_1508 B = 7.23063e-05 M = 3.88998e-06
Branch NODE_1509 B = 0.000130899 M = 6.56757e-06
Branch NODE_1511 B = 9.03829e-05 M = 1.23624e-06
Branch NODE_1512 B = 3.42832e-05 M = 1.89329e-06
Branch NODE_1513 B = 0.000150223 M = 2.55243e-06
Branch NODE_1514 B = 1.24666e-06 M = 1.22143e-06
Branch NODE_1516 B = 6.2333e-06 M = 3.0288e-06
Branch NODE_1518 B = 5.04898e-05 M = 1.07556e-05
Branch NODE_1520 B = 2.49332e-06 M = 2.42545e-06
Branch NODE_1522 B = 5.11131e-05 M = 6.43911e-06
Branch NODE_1524 B = 6.48263e-05 M = 6.25941e-07
Branch NODE_1525 B = 1.80766e-05 M = 1.23182e-06
Branch NODE_1528 B = 5.60997e-06 M = 6.19663e-07
Branch NODE_1529 B = 6.48263e-05 M = 2.85596e-06
Branch NODE_1530 B = 0.000138379 M = 3.6611e-06
Branch NODE_1531 B = 0.000162689 M = 1.84023e-06
Branch NODE_1532 B = 9.34995e-06 M = 6.19721e-07
Branch NODE_1533 B = 3.11665e-06 M = 6.42338e-07
Branch NODE_1534 B = 0.000105966 M = 6.24433e-07
Branch NODE_1536 B = 1.24666e-06 M = 1.22151e-06
Branch NODE_1537 B = 1.24666e-06 M = 1.22149e-06
Branch NODE_1538 B = 7.47996e-06 M = 1.82453e-06
Branch NODE_1539 B = 3.73998e-06 M = 1.83239e-06
Branch NODE_1540 B = 1.30899e-05 M = 2.4327e-06
Branch NODE_1541 B = 6.17097e-05 M = 1.82506e-06
Branch NODE_1542 B = 2.49332e-06 M = 2.42539e-06
Branch NODE_1544 B = 0.000126536 M = 9.85298e-06
Branch NODE_1546 B = 1.24666e-06 M = 1.22162e-06
Branch NODE_1548 B = 1.24666e-06 M = 1.2216e-06
Branch NODE_1549 B = 0.000102849 M = 1.23855e-06
Branch NODE_1552 B = 2.49332e-06 M = 2.42565e-06
Branch NODE_1554 B = 1.86999e-06 M = 1.82354e-06
Branch NODE_1556 B = 3.67765e-05 M = 3.64642e-06
Branch NODE_1557 B = 6.85663e-06 M = 2.00275e-06
Branch NODE_1558 B = 1.24666e-06 M = 1.2217e-06
Branch NODE_1559 B = 3.73998e-06 M = 3.62997e-06
Branch NODE_1561 B = 8.04096e-05 M = 9.07699e-06
Branch NODE_1562 B = 8.72662e-06 M = 2.81006e-06
Branch NODE_1565 B = 1.86999e-05 M = 6.20348e-07
Branch NODE_1566 B = 2.49332e-05 M = 1.22257e-06
Branch NODE_1567 B = 7.47996e-06 M = 6.20748e-07
Branch NODE_1568 B = 6.66963e-05 M = 7.54958e-07
Branch NODE_1569 B = 2.99199e-05 M = 1.22317e-06
Branch NODE_1570 B = 1.24666e-06 M = 1.2219e-06
Branch NODE_1571 B = 4.98664e-06 M = 6.21906e-07
Branch NODE_1573 B = 3.11665e-06 M = 3.02832e-06
Branch NODE_1574 B = 2.68032e-05 M = 6.42319e-07
Branch NODE_1575 B = 9.78628e-05 M = 1.22852e-06
Branch NODE_1577 B = 5.60997e-05 M = 5.63537e-06
Branch NODE_1578 B = 3.49065e-05 M = 1.54819e-06
Branch NODE_1580 B = 4.98664e-06 M = 4.8349e-06
Branch NODE_1582 B = 5.60997e-05 M = 1.92834e-06
Branch NODE_1584 B = 1.99466e-05 M = 6.20321e-07
Branch NODE_1585 B = 3.49065e-05 M = 3.01938e-06
Branch NODE_1586 B = 1.86999e-06 M = 1.82327e-06
Branch NODE_1587 B = 4.23865e-05 M = 5.50003e-06
Branch NODE_1588 B = 3.49065e-05 M = 4.83638e-06
Branch NODE_1589 B = 4.36331e-06 M = 4.23222e-06
Branch NODE_1590 B = 1.68299e-05 M = 1.27209e-06
Branch NODE_1591 B = 7.5423e-05 M = 6.07004e-06
Branch NODE_1593 B = 1.37133e-05 M = 6.20074e-07
Branch NODE_1595 B = 2.80499e-05 M = 6.20912e-07
Branch NODE_1596 B = 2.68032e-05 M = 1.73667e-06
Branch NODE_1598 B = 8.72662e-06 M = 3.63055e-06
Branch NODE_1599 B = 5.98397e-05 M = 1.4794e-06
Branch NODE_1601 B = 3.11665e-06 M = 2.72882e-06
Branch NODE_1605 B = 1.24666e-05 M = 1.22664e-06
Branch NODE_1610 B = 8.41496e-05 M = 2.50397e-06
Branch NODE_1611 B = 1.24666e-06 M = 1.22159e-06
Branch NODE_1612 B = 9.78628e-05 M = 4.35276e-06
Branch NODE_1613 B = 2.36865e-05 M = 4.97772e-06
Branch NODE_1614 B = 5.60997e-06 M = 6.19743e-07
Branch NODE_1615 B = 7.04363e-05 M = 5.46693e-06
Branch NODE_1616 B = 2.18166e-05 M = 6.1992e-07
Branch NODE_1617 B = 1.18433e-05 M = 6.19953e-07
Branch NODE_1618 B = 2.43099e-05 M = 6.2233e-07
Branch NODE_1619 B = 5.60997e-06 M = 3.97313e-06
Branch NODE_1620 B = 2.49332e-05 M = 9.71527e-07
Branch NODE_1621 B = 2.74265e-05 M = 3.77631e-06
Branch NODE_1622 B = 1.18433e-05 M = 1.22427e-06
Branch NODE_1623 B = 1.24666e-06 M = 1.22138e-06
Branch NODE_1624 B = 3.80231e-05 M = 6.21926e-07
Branch NODE_1625 B = 7.47996e-06 M = 6.2909e-07
Branch NODE_1626 B = 3.30365e-05 M = 3.53505e-06
Branch NODE_1628 B = 1.24666e-06 M = 1.22125e-06
Branch NODE_1629 B = 8.72662e-06 M = 8.44321e-06
Branch NODE_1631 B = 1.24666e-06 M = 1.22118e-06
Branch NODE_1633 B = 1.05966e-05 M = 6.41664e-06
Branch NODE_1634 B = 2.49332e-05 M = 1.64925e-06
Branch NODE_1635 B = 3.42832e-05 M = 6.20204e-07
Branch NODE_1636 B = 6.2333e-06 M = 2.42651e-06
Branch NODE_1637 B = 9.34995e-06 M = 1.46225e-06
Branch NODE_1638 B = 9.97328e-06 M = 6.21384e-07
Branch NODE_1639 B = 6.7943e-05 M = 7.1104e-07
Branch NODE_1640 B = 2.49332e-06 M = 6.19498e-07
Branch NODE_1641 B = 2.68032e-05 M = 6.19958e-07
Branch NODE_1642 B = 1.99466e-05 M = 1.22371e-06
Branch NODE_1643 B = 5.48531e-05 M = 9.85549e-07
Branch NODE_1644 B = 3.11665e-05 M = 2.22276e-06
Branch NODE_1645 B = 8.72662e-06 M = 6.20617e-07
Branch NODE_1647 B = 1.86999e-06 M = 1.82354e-06
Branch NODE_1648 B = 1.74532e-05 M = 6.05707e-06
Branch NODE_1649 B = 3.73998e-06 M = 1.22749e-06
Branch NODE_1650 B = 1.86999e-06 M = 6.20418e-07
Branch NODE_1651 B = 4.67498e-05 M = 6.2044e-07
Branch NODE_1652 B = 3.80231e-05 M = 6.5607e-07
Branch NODE_1653 B = 1.24666e-05 M = 3.03167e-06
Branch NODE_1654 B = 0.000104096 M = 4.81792e-06
Branch NODE_1655 B = 1.49599e-05 M = 6.20286e-07
Branch NODE_1656 B = 5.60997e-06 M = 6.19663e-07
Branch NODE_1657 B = 1.05966e-05 M = 6.30361e-07
Branch NODE_1658 B = 4.98664e-06 M = 1.93406e-06
Branch NODE_1659 B = 1.24666e-05 M = 1.20588e-05
Branch NODE_1660 B = 1.86999e-06 M = 1.82378e-06
Branch NODE_1663 B = 6.85663e-06 M = 6.46159e-07
Branch NODE_1664 B = 3.61532e-05 M = 1.22616e-06
Branch NODE_1666 B = 2.43099e-05 M = 1.14179e-05
Branch NODE_1667 B = 1.86999e-06 M = 1.82346e-06
Branch NODE_1669 B = 1.62066e-05 M = 6.6541e-06
Branch NODE_1670 B = 4.36331e-05 M = 2.68926e-06
Branch NODE_1672 B = 2.49332e-06 M = 2.42531e-06
Branch NODE_1675 B = 1.24666e-06 M = 1.22155e-06
Branch NODE_1681 B = 2.49332e-06 M = 2.42596e-06
Branch NODE_1683 B = 1.86999e-06 M = 1.82394e-06
Branch NODE_1685 B = 4.36331e-06 M = 4.23123e-06
Branch NODE_1687 B = 2.49332e-06 M = 2.42616e-06
Branch NODE_1688 B = 3.73998e-06 M = 3.50828e-06
Branch NODE_1689 B = 6.2333e-06 M = 6.25356e-07
Branch NODE_1692 B = 6.85663e-06 M = 6.64032e-06
Branch NODE_1693 B = 6.85663e-06 M = 6.63932e-06
Branch NODE_1699 B = 2.30632e-05 M = 1.22291e-06
Branch NODE_1700 B = 1.24666e-06 M = 1.22138e-06
Branch NODE_1703 B = 1.24666e-06 M = 1.2217e-06
Branch NODE_1708 B = 2.36865e-05 M = 2.67285e-06
Branch NODE_1709 B = 2.80499e-05 M = 2.42763e-06
Branch NODE_1711 B = 2.49332e-06 M = 2.42531e-06
Branch NODE_1713 B = 1.86999e-06 M = 1.82322e-06
Branch NODE_1714 B = 1.24666e-06 M = 1.22141e-06
Branch NODE_1728 B = 1.99466e-05 M = 6.19689e-07
Branch NODE_1732 B = 1.86999e-06 M = 1.82394e-06
Branch NODE_1734 B = 1.24666e-06 M = 1.22166e-06
Branch NODE_1736 B = 3.17898e-05 M = 1.23445e-06
Branch NODE_1737 B = 9.34995e-06 M = 3.04609e-06
Branch NODE_1738 B = 1.86999e-06 M = 1.82324e-06
Branch NODE_1739 B = 4.36331e-06 M = 4.23187e-06
Branch NODE_1744 B = 4.36331e-06 M = 4.23137e-06
Branch NODE_1745 B = 3.73998e-06 M = 2.4325e-06
Branch NODE_1746 B = 1.24666e-06 M = 1.22177e-06
Branch NODE_1747 B = 2.49332e-06 M = 2.42565e-06
Branch NODE_1751 B = 3.11665e-06 M = 3.02771e-06
Branch NODE_1758 B = 6.2333e-06 M = 6.03823e-06
Branch NODE_1759 B = 9.97328e-06 M = 6.21909e-07
Branch NODE_1763 B = 1.24666e-06 M = 1.22165e-06
Branch NODE_1764 B = 3.11665e-06 M = 3.02759e-06
Branch NODE_1765 B = 6.2333e-06 M = 6.03785e-06
Branch NODE_1766 B = 3.11665e-06 M = 3.0271e-06
Branch NODE_1767 B = 2.49332e-06 M = 2.42597e-06
Branch NODE_1768 B = 1.24666e-06 M = 1.22172e-06
Branch NODE_1770 B = 9.34995e-06 M = 4.00892e-06
Branch NODE_1772 B = 6.91897e-05 M = 2.16922e-06
Branch NODE_1774 B = 1.24666e-06 M = 1.22117e-06
Branch NODE_1775 B = 6.85663e-06 M = 7.40356e-07
Branch NODE_1779 B = 1.18433e-05 M = 1.87646e-06
Branch NODE_1785 B = 1.24666e-06 M = 1.22179e-06
Branch NODE_1789 B = 1.24666e-06 M = 1.22103e-06
Branch NODE_1791 B = 1.24666e-06 M = 1.22145e-06
Branch NODE_1794 B = 1.86999e-06 M = 1.82356e-06
Branch NODE_1800 B = 3.11665e-06 M = 3.0271e-06
Branch NODE_1801 B = 1.24666e-06 M = 1.22158e-06
Branch NODE_1806 B = 1.86999e-06 M = 1.82356e-06
Branch NODE_1816 B = 1.24666e-06 M = 1.22123e-06
Branch NODE_1821 B = 1.86999e-05 M = 6.21749e-07
Branch NODE_1822 B = 3.98931e-05 M = 2.5912e-06
Branch NODE_1823 B = 2.30632e-05 M = 9.47195e-07
Branch NODE_1824 B = 8.10329e-06 M = 1.92496e-06
Branch NODE_1825 B = 3.11665e-06 M = 3.0274e-06
Branch NODE_1826 B = 8.41496e-05 M = 2.43274e-06
Branch NODE_1827 B = 0.000652627 M = 3.34864e-05
Branch NODE_1828 B = 0.000400801 M = 2.09244e-05
Wrote inferred importation status to /home/zyang/NGS/active/IPL/MENINGO/analysis/HRC/zoe/AllNZMemB_2021/clonalframeml/clade154_2371/clade154_2371clonalframeml.out.importation_status.txt
Wrote processed tree to /home/zyang/NGS/active/IPL/MENINGO/analysis/HRC/zoe/AllNZMemB_2021/clonalframeml/clade154_2371/clade154_2371clonalframeml.out.labelled_tree.newick
All done in 1532.15 minutes.
