ClonalFrameML v1.12
kappa = 3.4426
emsim = 100
Finished reading in control file.

Read 1367 sequences of length 1546083 sites from /home/zyang/NGS/active/IPL/MENINGO/analysis/HRC/zoe/AllNZMemB_2021/clonalframeml/clade42_2372_rmNMI1341/42_2372_rmNMI1341parsnp.fasta
IMPUTATION AND RECONSTRUCTION OF ANCESTRAL STATES:
Analysing 98887 sites
Empirical nucleotide frequencies:   A 23.5%   C 26.1%   G 26.6%   T 23.8%
Maximum log-likelihood for imputation and ancestral state reconstruction = -2.54105e+06
Wrote imputed and reconstructed ancestral states to /home/zyang/NGS/active/IPL/MENINGO/analysis/HRC/zoe/AllNZMemB_2021/clonalframeml/clade42_2372_rmNMI1341/42_2372_rm1341clonalframeml.ML_sequence.fasta
Wrote position cross-reference file to /home/zyang/NGS/active/IPL/MENINGO/analysis/HRC/zoe/AllNZMemB_2021/clonalframeml/clade42_2372_rmNMI1341/42_2372_rm1341clonalframeml.position_cross_reference.txt
BRANCH LENGTH CORRECTION/RECOMBINATION ANALYSIS:
Analysing 1546083 sites
Empirical nucleotide frequencies:   A 23.5%   C 26.1%   G 26.6%   T 23.8%
Beginning branch optimization. Key to parameters (and constraints):
B   uncorrected branch length
L   maximum unnormalized log-posterior per branch
P   contribution of the prior to L
R   R/theta per branch                                       (> 0)
I   mean DNA import length per branch                        (> 0)
D   divergence of DNA imported by recombination              (> 0)
M   expected number of mutations per branch                  (> 0)
 L = -2.0173e+06 P = 17900.2 R = 0.918926 I = 848.827 D = 0.0317046 in 75031.5 s and 24 evaluations
 Posterior alphas: R = 12432.6 I = 12430.3 D = 334488
 ClonalFrameML log-likelihood ratio of 5.9206e+06 indicates evidence for recombination
Branch NMI9479 B = 0.000210855 M = 6.92151e-06
Branch NMI0428 B = 1.03487e-05 M = 4.81624e-06
Branch NMI96229 B = 1.29359e-06 M = 1.26495e-06
Branch NMI96167 B = 4.13949e-05 M = 1.97662e-06
Branch NMI97241 B = 0.000123538 M = 6.00933e-06
Branch NMI97378 B = 1.29359e-06 M = 1.26495e-06
Branch NMI9993 B = 4.52756e-06 M = 6.42668e-07
Branch NMI96263 B = 0.00042171 M = 7.76627e-06
Branch NMI00107 B = 0.000111896 M = 1.26877e-06
Branch NMI0048 B = 0.000235433 M = 2.51958e-06
Branch NMI99233 B = 6.46795e-06 M = 2.5104e-06
Branch NMI99109 B = 0.000158465 M = 2.00304e-06
Branch NMI0122 B = 0.000161699 M = 1.04345e-05
Branch NMI03137 B = 3.88077e-06 M = 6.42789e-07
Branch NMI0385 B = 5.17436e-06 M = 1.26549e-06
Branch NMI01198 B = 4.85096e-05 M = 5.21508e-06
Branch NMI0311 B = 2.58718e-06 M = 6.48826e-07
Branch NMI9463 B = 7.11474e-06 M = 1.26629e-06
Branch NMI95143 B = 2.45782e-05 M = 2.36747e-05
Branch NMI0863 B = 0.000155231 M = 1.77317e-05
Branch NMI98273 B = 7.11474e-06 M = 3.13261e-06
Branch NMI098 B = 0.000328572 M = 2.32123e-05
Branch NMI00177 B = 0.000164286 M = 8.2589e-06
Branch NMI0099 B = 1.94038e-06 M = 1.88786e-06
Branch NMI9629 B = 5.17436e-06 M = 1.26517e-06
Branch NMI01207 B = 1.29359e-06 M = 1.26533e-06
Branch NMI03255 B = 0.000113189 M = 1.06388e-05
Branch NMI9848 B = 3.68673e-05 M = 6.43533e-07
Branch NMI9299 B = 4.52756e-06 M = 6.42668e-07
Branch NMI9746 B = 5.17436e-06 M = 1.26515e-06
Branch NMI0323 B = 3.88077e-06 M = 3.75527e-06
Branch NMI02112 B = 9.05513e-06 M = 8.73503e-06
Branch NMI9652 B = 0.000147469 M = 6.45498e-07
Branch NMI04183 B = 4.52756e-06 M = 6.42668e-07
Branch NMI01359 B = 5.3684e-05 M = 2.51415e-06
Branch NMI01122 B = 1.29359e-06 M = 1.26504e-06
Branch NMI9567 B = 5.17436e-06 M = 1.26541e-06
Branch NMI0131 B = 9.70192e-06 M = 7.49e-06
Branch NMI99248 B = 1.94038e-06 M = 1.88769e-06
Branch NMI101 B = 0.000973426 M = 1.11031e-05
Branch NMI00223 B = 6.46795e-06 M = 5.00569e-06
Branch NMI0820 B = 1.94038e-05 M = 1.26696e-06
Branch NMI01299 B = 2.06974e-05 M = 1.26827e-06
Branch NMI94218 B = 0.00015329 M = 4.23902e-06
Branch NMI99161 B = 4.59224e-05 M = 3.75943e-06
Branch NMI01369 B = 2.58718e-06 M = 2.51046e-06
Branch NMI00278 B = 0.0004036 M = 4.18006e-06
Branch NMI95218 B = 7.63218e-05 M = 1.89573e-06
Branch NMI9970 B = 1.29359e-06 M = 1.26502e-06
Branch NMI01200 B = 6.46795e-06 M = 6.24398e-06
Branch NMI0515 B = 2.91058e-05 M = 6.48108e-07
Branch NMI95299 B = 1.16423e-05 M = 6.50172e-07
Branch NMI02256 B = 5.62712e-05 M = 8.76138e-07
Branch NMI0561 B = 4.52756e-06 M = 6.42668e-07
Branch NMI00287 B = 1.16423e-05 M = 5.00566e-06
Branch NMI01146 B = 0.000254837 M = 3.83926e-06
Branch NMI0365 B = 0.000333099 M = 5.76386e-06
Branch NMI96325 B = 0.0016545 M = 3.78872e-05
Branch NMI03280 B = 1.29359e-06 M = 1.26506e-06
Branch NMI98258 B = 1.94038e-06 M = 1.88754e-06
Branch NMI00182 B = 4.52756e-06 M = 6.42668e-07
Branch NMI04166 B = 4.52756e-06 M = 6.42668e-07
Branch NMI04187 B = 1.03487e-05 M = 1.89917e-06
Branch NMI0141 B = 2.65186e-05 M = 2.51221e-06
Branch NMI99178 B = 7.63218e-05 M = 1.27609e-06
Branch NMI086 B = 3.23397e-06 M = 3.13242e-06
Branch NMI0414 B = 0.000721176 M = 1.32002e-05
Branch NMI01136 B = 3.88077e-06 M = 3.75549e-06
Branch NMI97225 B = 1.29359e-06 M = 1.26484e-06
Branch NMI04163 B = 7.11474e-06 M = 6.86767e-06
Branch NMI01141 B = 3.23397e-05 M = 2.1094e-06
Branch NMI9483 B = 0.000262599 M = 4.87498e-06
Branch NMI03195 B = 1.09955e-05 M = 6.8667e-06
Branch NMI99164 B = 3.23397e-06 M = 3.13246e-06
Branch NMI9869 B = 1.94038e-06 M = 1.88832e-06
Branch NMI0559 B = 4.52756e-06 M = 6.42668e-07
Branch NMI0293 B = 7.76154e-06 M = 3.75585e-06
Branch NMI057 B = 0.000439821 M = 5.84926e-06
Branch NMI9637 B = 6.46795e-06 M = 2.50976e-06
Branch NMI98204 B = 1.29359e-05 M = 1.24703e-05
Branch NMI0151 B = 8.40833e-06 M = 3.35812e-06
Branch NMI97223 B = 1.29359e-06 M = 1.26495e-06
Branch NMI111 B = 0.000609281 M = 1.47866e-05
Branch NMI0361 B = 1.29359e-06 M = 1.26521e-06
Branch NMI98222 B = 4.52756e-06 M = 6.42668e-07
Branch NMI9888 B = 0.000575001 M = 7.59234e-06
Branch NMI99163 B = 1.03487e-05 M = 6.24545e-06
Branch NMI00129 B = 0.00011513 M = 3.13923e-06
Branch NMI95207 B = 4.52756e-05 M = 6.43202e-07
Branch NMI0374 B = 0.00047216 M = 1.24006e-05
Branch NMI97403 B = 2.58718e-06 M = 2.51e-06
Branch NMI0639 B = 7.76154e-06 M = 7.49058e-06
Branch NMI0553 B = 2.13442e-05 M = 1.97076e-06
Branch NMI03151 B = 0.000631272 M = 6.81499e-06
Branch NMI0857 B = 4.52756e-06 M = 4.37676e-06
Branch NMI95196 B = 1.29359e-06 M = 1.26569e-06
Branch NMI0339 B = 0.000116423 M = 8.26785e-06
Branch NMI94129 B = 1.87571e-05 M = 6.87196e-06
Branch NMI01143 B = 1.29359e-06 M = 1.26519e-06
Branch NMI96304 B = 1.94038e-06 M = 1.88831e-06
Branch NMI0086 B = 9.70192e-06 M = 1.2668e-06
Branch NMI03131 B = 0.000171401 M = 7.54552e-06
Branch NMI99252 B = 0.00010284 M = 3.76772e-06
Branch NMI97268 B = 1.94038e-06 M = 1.8883e-06
Branch NMI01305 B = 2.13442e-05 M = 4.27493e-06
Branch NMI0579 B = 0.000401013 M = 1.10768e-05
Branch NMI0112 B = 1.29359e-06 M = 1.26479e-06
Branch NMI03234 B = 0.000247076 M = 2.75345e-05
Branch NMI94130 B = 0.000269714 M = 7.23987e-06
Branch NMI04202 B = 0.00111378 M = 2.5402e-05
Branch NMI9160 B = 4.52756e-06 M = 6.43366e-07
Branch NMI92100 B = 0.000199213 M = 7.09512e-06
Branch NMI99153 B = 9.89596e-05 M = 1.31955e-06
Branch NMI00189 B = 4.52756e-06 M = 6.42668e-07
Branch NMI02130 B = 5.82115e-06 M = 1.88767e-06
Branch NMI93131 B = 2.58718e-06 M = 6.42668e-07
Branch NMI0091 B = 2.45782e-05 M = 6.55539e-07
Branch NMI98289 B = 1.94038e-06 M = 1.8883e-06
Branch NMI02278 B = 0.000188864 M = 9.44352e-06
Branch NMI96141 B = 5.82115e-06 M = 1.88724e-06
Branch NMI9571 B = 5.17436e-06 M = 1.26548e-06
Branch NMI9527 B = 4.52756e-06 M = 6.42668e-07
Branch NMI95125 B = 1.29359e-06 M = 1.26501e-06
Branch NMI98254 B = 4.52756e-06 M = 6.42668e-07
Branch NMI00139 B = 0.000174635 M = 1.04556e-05
Branch NMI9773 B = 2.58718e-06 M = 2.51038e-06
Branch NMI03185 B = 0.00085765 M = 1.31042e-05
Branch NMI0930 B = 0.000157818 M = 5.32742e-06
Branch NMI99287 B = 8.14962e-05 M = 6.49691e-07
Branch NMI04142 B = 4.52756e-06 M = 4.3771e-06
Branch NMI0258 B = 8.53769e-05 M = 6.32244e-06
Branch NMI1017 B = 2.58718e-06 M = 2.50999e-06
Branch NMI1156 B = 0.000159758 M = 2.24577e-05
Branch NMI03129 B = 5.82115e-06 M = 5.62153e-06
Branch NMI97331 B = 1.29359e-06 M = 1.26553e-06
Branch NMI0570 B = 2.06974e-05 M = 1.12275e-05
Branch NMI02113 B = 1.74635e-05 M = 4.38067e-06
Branch NMI02205 B = 4.52756e-06 M = 6.42668e-07
Branch NMI00279 B = 0.000232846 M = 5.36063e-06
Branch NMI0078 B = 1.29359e-06 M = 1.26557e-06
Branch NMI0380 B = 0.000142295 M = 1.26772e-06
Branch NMI0298 B = 0.000957257 M = 3.22596e-05
Branch NMI98250 B = 7.11474e-06 M = 3.13188e-06
Branch NMI9630 B = 1.29359e-06 M = 1.26518e-06
Branch NMI9674 B = 2.58718e-06 M = 1.32279e-06
Branch NMI9433 B = 9.05513e-06 M = 2.48201e-06
Branch NMI01226 B = 0.000132593 M = 6.96905e-06
Branch NMI02135 B = 7.37346e-05 M = 3.76724e-06
Branch NMI0826 B = 1.94038e-06 M = 1.88707e-06
Branch NMI00148 B = 4.52756e-06 M = 6.42668e-07
Branch NMI01283 B = 4.20417e-05 M = 2.49734e-06
Branch 19MI0104 B = 0.000172694 M = 1.32299e-05
Branch NMI1125 B = 1.16423e-05 M = 5.68801e-06
Branch NMI1165 B = 0.000356384 M = 6.68021e-06
Branch NMI9757 B = 1.29359e-06 M = 1.26522e-06
Branch NMI0489 B = 0.000919742 M = 1.80179e-05
Branch NMI0557 B = 0.00120692 M = 2.23842e-05
Branch NMI00212 B = 2.58718e-06 M = 2.51037e-06
Branch NMI03111 B = 0.000194038 M = 6.24924e-06
Branch NMI03250 B = 0.00120692 M = 2.01191e-05
Branch NMI9965 B = 4.52756e-06 M = 6.42668e-07
Branch NMI96246 B = 0.00026648 M = 1.27591e-06
Branch NMI96326 B = 0.000514849 M = 6.53486e-06
Branch NMI00298 B = 4.52756e-06 M = 6.42668e-07
Branch NMI94149 B = 3.88077e-05 M = 6.30818e-06
Branch 16MI0015 B = 0.000342801 M = 5.14672e-06
Branch NMI97135 B = 4.52756e-06 M = 6.42668e-07
Branch NMI0723 B = 0.000282649 M = 4.4112e-06
Branch NMI01129 B = 0.000293645 M = 1.90137e-06
Branch NMI9246 B = 1.94038e-06 M = 1.88763e-06
Branch NMI0477 B = 6.59731e-05 M = 5.02154e-06
Branch NMI079 B = 0.000156524 M = 5.07722e-06
Branch NMI98300 B = 0.000648735 M = 6.69196e-06
Branch NMI98270 B = 0.000440467 M = 1.21635e-05
Branch NMI9482 B = 3.23397e-06 M = 3.1324e-06
Branch NMI965 B = 1.22891e-05 M = 1.06332e-05
Branch NMI97270 B = 6.46795e-05 M = 4.39095e-06
Branch NMI99262 B = 5.17436e-06 M = 1.26511e-06
Branch NMI0270 B = 3.23397e-06 M = 3.13301e-06
Branch NMI073 B = 4.33353e-05 M = 3.07225e-06
Branch NMI0046 B = 0.000443701 M = 5.05623e-06
Branch NMI0370 B = 0.000238021 M = 6.41184e-06
Branch NMI01123 B = 2.58718e-06 M = 2.51033e-06
Branch NMI0690 B = 0.000324044 M = 9.54777e-06
Branch NMI00294 B = 7.76154e-06 M = 3.75572e-06
Branch NMI9816 B = 5.82115e-06 M = 1.88711e-06
Branch NMI04103 B = 0.000346035 M = 1.03067e-05
Branch NMI0043 B = 4.98032e-05 M = 3.13806e-06
Branch NMI99183 B = 2.58718e-06 M = 2.51015e-06
Branch NMI98306 B = 1.35827e-05 M = 1.30926e-05
Branch NMI0623 B = 0.000223144 M = 5.67123e-06
Branch NMI1180 B = 0.000281356 M = 1.01689e-05
Branch NMI0429 B = 0.00177287 M = 8.44607e-06
Branch NMI084 B = 5.17436e-06 M = 1.26508e-06
Branch NMI0152 B = 1.94038e-06 M = 1.88823e-06
Branch NMI03206 B = 6.46795e-06 M = 6.24506e-06
Branch NMI97138 B = 1.94038e-06 M = 1.88628e-06
Branch NMI0359 B = 0.000276181 M = 1.53872e-05
Branch NMI96175 B = 1.94038e-06 M = 1.88784e-06
Branch NMI0530 B = 0.000258071 M = 1.91126e-06
Branch NMI9769 B = 5.82115e-06 M = 1.88807e-06
Branch NMI01348 B = 5.23904e-05 M = 3.13611e-06
Branch NMI0537 B = 1.29359e-06 M = 1.26505e-06
Branch NMI00162 B = 8.14962e-05 M = 3.14416e-06
Branch NMI0830 B = 0.000247722 M = 1.00293e-05
Branch NMI0450 B = 0.000192098 M = 1.05912e-05
Branch NMI01181 B = 3.23397e-06 M = 3.13307e-06
Branch NMI98156 B = 0.000104134 M = 1.50404e-05
Branch NMI00206 B = 4.52756e-06 M = 4.3767e-06
Branch NMI9893 B = 1.29359e-06 M = 1.26495e-06
Branch NMI1119 B = 0.00108597 M = 3.02462e-05
Branch NMI0341 B = 0.000560124 M = 5.04543e-06
Branch NMI9281 B = 1.29359e-06 M = 1.26532e-06
Branch NMI03197 B = 2.71654e-05 M = 4.38283e-06
Branch NMI0834 B = 3.23397e-06 M = 3.13296e-06
Branch NMI99181 B = 2.91058e-05 M = 5.01015e-06
Branch NMI04212 B = 7.11474e-06 M = 6.86746e-06
Branch NMI03149 B = 1.29359e-06 M = 1.2649e-06
Branch NMI02210 B = 7.76154e-06 M = 7.48978e-06
Branch NMI9363 B = 9.05513e-06 M = 4.99973e-06
Branch NMI03139 B = 1.29359e-06 M = 1.26522e-06
Branch NMI01220 B = 0.000127419 M = 2.18042e-06
Branch NMI01332 B = 0.000283296 M = 1.91623e-06
Branch NMI00127 B = 5.56244e-05 M = 1.89373e-06
Branch NMI04101 B = 1.94038e-06 M = 1.88703e-06
Branch NMI0411 B = 7.11474e-06 M = 6.86737e-06
Branch NMI952 B = 1.29359e-06 M = 1.26521e-06
Branch NMI9374 B = 1.94038e-06 M = 1.88751e-06
Branch NMI01349 B = 0.000507087 M = 5.03544e-06
Branch NMI02111 B = 0.000104134 M = 2.52216e-06
Branch NMI94183 B = 1.29359e-06 M = 1.26508e-06
Branch NMI9256 B = 1.29359e-06 M = 1.2653e-06
Branch NMI96145 B = 7.11474e-06 M = 6.8675e-06
Branch NMI0434 B = 0.000173341 M = 6.99904e-06
Branch NMI99121 B = 4.52756e-06 M = 4.37746e-06
Branch NMI99243 B = 2.58718e-06 M = 2.51025e-06
Branch NMI97380 B = 3.81609e-05 M = 1.86302e-06
Branch NMI00297 B = 2.58718e-06 M = 2.51045e-06
Branch NMI02127 B = 3.23397e-06 M = 3.13247e-06
Branch NMI9956 B = 8.34366e-05 M = 1.89178e-06
Branch NMI94176 B = 1.29359e-06 M = 1.26515e-06
Branch NMI0119 B = 1.81103e-05 M = 1.19477e-06
Branch NMI0444 B = 1.74635e-05 M = 1.66236e-05
Branch NMI9931 B = 2.58718e-06 M = 2.51042e-06
Branch NMI1020 B = 0.000897105 M = 4.39092e-05
Branch NMI99136 B = 1.29359e-06 M = 1.26526e-06
Branch NMI99258 B = 1.94038e-06 M = 1.88753e-06
Branch NMI96265 B = 2.58718e-06 M = 1.26667e-06
Branch NMI01326 B = 5.43308e-05 M = 5.64836e-06
Branch NMI95227 B = 2.58718e-06 M = 2.50979e-06
Branch NMI0251 B = 9.50789e-05 M = 6.43541e-07
Branch NMI95111 B = 0.000106721 M = 2.7533e-06
Branch NMI98203 B = 0.00108079 M = 1.84512e-05
Branch NMI0585 B = 6.46795e-05 M = 1.82494e-05
Branch NMI0167 B = 3.23397e-06 M = 3.13278e-06
Branch NMI0917 B = 0.000151997 M = 5.66916e-06
Branch NMI0791 B = 0.000429472 M = 1.23149e-05
Branch NMI03271 B = 4.98032e-05 M = 4.99493e-06
Branch NMI02226 B = 0.000114483 M = 6.60659e-07
Branch NMI96243 B = 1.94038e-06 M = 1.88776e-06
Branch NMI9672 B = 7.11474e-06 M = 6.86665e-06
Branch NMI99306 B = 3.23397e-05 M = 2.51506e-06
Branch NMI01153 B = 1.94038e-06 M = 1.88758e-06
Branch NMI1186 B = 0.000703066 M = 2.64194e-05
Branch NMI9864 B = 1.94038e-06 M = 1.88759e-06
Branch NMI0294 B = 5.17436e-06 M = 1.26529e-06
Branch NMI01268 B = 0.000314989 M = 3.22675e-06
Branch NMI96119 B = 0.000785209 M = 2.20437e-05
Branch NMI03248 B = 1.42295e-05 M = 1.37141e-05
Branch NMI92145 B = 2.58718e-06 M = 2.50995e-06
Branch NMI96225 B = 9.05513e-06 M = 4.99983e-06
Branch NMI9124 B = 3.23397e-06 M = 3.13183e-06
Branch NMI0188 B = 5.17436e-05 M = 1.12388e-05
Branch NMI04199 B = 0.000138414 M = 4.08013e-06
Branch NMI0824 B = 4.52756e-06 M = 6.42668e-07
Branch NMI99301 B = 1.94038e-06 M = 1.88719e-06
Branch NMI96209 B = 2.58718e-06 M = 2.51048e-06
Branch NMI02156 B = 7.76154e-06 M = 3.75419e-06
Branch NMI0452 B = 1.29359e-06 M = 1.26474e-06
Branch NMI00141 B = 1.94038e-06 M = 1.88765e-06
Branch NMI05154 B = 2.39314e-05 M = 3.13595e-06
Branch NMI1344 B = 5.82115e-06 M = 4.38576e-06
Branch NMI0033 B = 1.29359e-06 M = 1.26532e-06
Branch NMI0481 B = 0.00028459 M = 6.27637e-06
Branch NMI99300 B = 0.000102194 M = 1.89508e-06
Branch NMI0331 B = 1.29359e-06 M = 1.26511e-06
Branch NMI9873 B = 5.17436e-06 M = 1.26504e-06
Branch NMI0356 B = 4.52756e-06 M = 6.42668e-07
Branch NMI9254 B = 2.58718e-06 M = 2.51023e-06
Branch NMI9314 B = 1.94038e-06 M = 1.88793e-06
Branch NMI0237 B = 0.0002018 M = 7.07865e-06
Branch NMI9385 B = 0.000357678 M = 3.65148e-06
Branch NMI9478 B = 1.29359e-06 M = 1.26543e-06
Branch NMI03238 B = 4.7216e-05 M = 6.43472e-07
Branch NMI05143 B = 1.94038e-06 M = 1.88812e-06
Branch NMI03175 B = 4.52756e-06 M = 6.42668e-07
Branch NMI00293 B = 2.58718e-06 M = 2.50983e-06
Branch NMI02119 B = 5.045e-05 M = 6.26262e-06
Branch NMI9843 B = 2.91058e-05 M = 4.82492e-06
Branch NMI0375 B = 4.78628e-05 M = 1.27007e-06
Branch NMI96197 B = 1.29359e-06 M = 1.26496e-06
Branch NMI04173 B = 0.000131299 M = 1.25043e-05
Branch NMI0243 B = 2.58718e-06 M = 2.51014e-06
Branch NMI9114 B = 8.02026e-05 M = 2.51346e-06
Branch NMI1233 B = 0.000732172 M = 4.19663e-05
Branch NMI0223 B = 0.00188605 M = 3.77741e-05
Branch NMI03182 B = 0.000114483 M = 2.30534e-06
Branch NMI0626 B = 1.29359e-06 M = 1.26499e-06
Branch NMI0085 B = 4.52756e-06 M = 6.42668e-07
Branch NMI00232 B = 0.000291705 M = 8.81907e-06
Branch NMI06120 B = 7.17942e-05 M = 2.01245e-06
Branch NMI9697 B = 0.000122244 M = 2.62469e-06
Branch NMI97309 B = 1.94038e-06 M = 1.88768e-06
Branch NMI0158 B = 4.07481e-05 M = 3.13744e-06
Branch NMI0182 B = 0.000204387 M = 1.15845e-05
Branch NMI03141 B = 0.000265186 M = 3.05631e-06
Branch NMI0946 B = 4.01013e-05 M = 6.87491e-06
Branch NMI03254 B = 0.000113836 M = 3.76146e-06
Branch NMI03184 B = 5.17436e-06 M = 1.26513e-06
Branch NMI9632 B = 1.94038e-06 M = 1.88725e-06
Branch NMI99138 B = 0.000262599 M = 5.30308e-06
Branch NMI964 B = 0.000541367 M = 7.32018e-06
Branch NMI9969 B = 3.23397e-06 M = 3.13266e-06
Branch NMI0993 B = 0.000388724 M = 2.24791e-05
Branch NMI99220 B = 0.000128712 M = 3.77077e-06
Branch NMI0139 B = 3.88077e-06 M = 3.75439e-06
Branch NMI0317 B = 9.05513e-06 M = 4.99949e-06
Branch NMI02118 B = 1.74635e-05 M = 1.07207e-05
Branch NMI0417 B = 0.000168167 M = 8.46716e-06
Branch NMI03237 B = 2.5225e-05 M = 3.76402e-06
Branch NMI04156 B = 7.11474e-06 M = 1.88994e-06
Branch NMI0049 B = 6.46795e-06 M = 6.24496e-06
Branch NMI04132 B = 4.52756e-06 M = 4.37735e-06
Branch NMI0647 B = 4.98032e-05 M = 4.93695e-06
Branch NMI0186 B = 0.000375788 M = 1.05606e-05
Branch NMI97320 B = 6.01519e-05 M = 1.272e-06
Branch NMI94168 B = 1.29359e-06 M = 1.26506e-06
Branch NMI9712 B = 1.94038e-06 M = 1.88751e-06
Branch NMI96268 B = 1.29359e-06 M = 1.26522e-06
Branch NMI995 B = 0.000160405 M = 9.01297e-06
Branch NMI96319 B = 0.000128712 M = 6.23926e-06
Branch NMI00257 B = 2.06974e-05 M = 2.51204e-06
Branch NMI9762 B = 1.94038e-06 M = 1.88762e-06
Branch NMI0541 B = 0.000509674 M = 9.51833e-06
Branch NMI092 B = 0.000953376 M = 2.52571e-05
Branch NMI94229 B = 4.52756e-06 M = 6.42668e-07
Branch NMI0750 B = 1.29359e-06 M = 1.26453e-06
Branch NMI051 B = 6.53263e-05 M = 1.89049e-06
Branch NMI03223 B = 1.22891e-05 M = 6.42865e-07
Branch NMI95159 B = 0.00219199 M = 3.36594e-05
Branch NMI0844 B = 3.23397e-06 M = 3.13276e-06
Branch NMI9770 B = 1.94038e-06 M = 6.43584e-07
Branch 14MI0035 B = 9.70192e-06 M = 4.38544e-06
Branch NMI01334 B = 0.000565946 M = 2.84352e-05
Branch NMI99223 B = 0.000307228 M = 5.31589e-06
Branch NMI03123 B = 1.94038e-06 M = 1.88725e-06
Branch NMI03152 B = 1.94038e-06 M = 1.88727e-06
Branch NMI98169 B = 5.82115e-06 M = 1.88773e-06
Branch NMI02251 B = 6.46795e-06 M = 2.51043e-06
Branch NMI97187 B = 2.58718e-06 M = 2.51004e-06
Branch NMI1256 B = 0.00014941 M = 1.06721e-05
Branch NMI98252 B = 5.3684e-05 M = 6.43432e-07
Branch NMI01135 B = 7.05007e-05 M = 2.5034e-06
Branch NMI01145 B = 0.000712121 M = 8.40645e-06
Branch NMI01225 B = 2.58718e-06 M = 2.51009e-06
Branch NMI97143 B = 5.17436e-06 M = 1.26492e-06
Branch NMI0596 B = 0.000404247 M = 1.63591e-05
Branch NMI96144 B = 5.56244e-05 M = 9.36354e-06
Branch NMI04168 B = 0.000206328 M = 1.0447e-05
Branch NMI9928 B = 3.88077e-06 M = 3.7548e-06
Branch NMI0555 B = 6.46795e-06 M = 2.51027e-06
Branch NMI9241 B = 0.000342155 M = 7.4156e-06
Branch NMI04144 B = 1.94038e-06 M = 1.88711e-06
Branch NMI03208 B = 5.17436e-05 M = 5.62964e-06
Branch 17MI0043 B = 0.000392605 M = 2.06823e-05
Branch NMI99177 B = 0.000173988 M = 8.47112e-06
Branch NMI05157 B = 0.000223791 M = 1.66276e-05
Branch 15MI0034 B = 2.58718e-06 M = 2.51078e-06
Branch NMI0378 B = 4.52756e-06 M = 6.42668e-07
Branch NMI9728 B = 1.29359e-06 M = 1.26551e-06
Branch NMI09104 B = 0.000257424 M = 4.68439e-06
Branch NMI96300 B = 5.17436e-06 M = 1.265e-06
Branch NMI02106 B = 6.66199e-05 M = 1.2495e-05
Branch NMI92152 B = 4.52756e-06 M = 6.42668e-07
Branch NMI03278 B = 9.05513e-06 M = 4.37809e-06
Branch NMI00261 B = 8.47301e-05 M = 2.88956e-06
Branch NMI0269 B = 0.000150056 M = 2.53395e-06
Branch NMI9946 B = 0.000373201 M = 1.07058e-05
Branch NMI1130 B = 0.000228965 M = 1.44568e-05
Branch NMI05141 B = 3.23397e-06 M = 3.13278e-06
Branch NMI00140 B = 4.98032e-05 M = 1.26815e-06
Branch NMI0778 B = 1.48763e-05 M = 3.13352e-06
Branch NMI06119 B = 0.000527785 M = 1.20255e-05
Branch NMI0217 B = 1.29359e-06 M = 1.26518e-06
Branch NMI00113 B = 0.000190805 M = 2.48956e-06
Branch NMI00255 B = 1.29359e-06 M = 1.26501e-06
Branch NMI9657 B = 7.11474e-06 M = 3.13224e-06
Branch NMI98146 B = 5.17436e-06 M = 1.26487e-06
Branch NMI01289 B = 1.29359e-06 M = 1.26523e-06
Branch NMI0241 B = 3.88077e-06 M = 3.75515e-06
Branch NMI99137 B = 0.000534899 M = 1.50045e-05
Branch NMI0195 B = 0.000120951 M = 5.36932e-06
Branch NMI0074 B = 1.94038e-06 M = 1.88848e-06
Branch NMI97140 B = 1.94038e-06 M = 1.88779e-06
Branch NMI0142 B = 2.97526e-05 M = 3.13428e-06
Branch NMI98100 B = 6.72667e-05 M = 7.53648e-06
Branch NMI01104 B = 1.03487e-05 M = 6.24494e-06
Branch NMI0226 B = 9.70192e-06 M = 5.6227e-06
Branch NMI03173 B = 7.76154e-06 M = 1.26529e-06
Branch NMI99280 B = 3.88077e-06 M = 1.2653e-06
Branch NMI96256 B = 5.82115e-06 M = 1.88788e-06
Branch NMI01171 B = 1.94038e-06 M = 1.88759e-06
Branch NMI03172 B = 8.40833e-06 M = 4.37765e-06
Branch NMI99275 B = 3.88077e-06 M = 3.75535e-06
Branch NMI0792 B = 6.46795e-06 M = 1.27127e-06
Branch NMI00131 B = 1.94038e-06 M = 1.88741e-06
Branch NMI1258 B = 3.88077e-06 M = 3.75484e-06
Branch NMI9599 B = 1.29359e-06 M = 1.26503e-06
Branch NMI01252 B = 0.000147469 M = 5.639e-06
Branch NMI0360 B = 4.52756e-06 M = 1.68907e-06
Branch NMI00249 B = 1.42295e-05 M = 9.98076e-06
Branch NMI0035 B = 0.000208915 M = 7.52524e-06
Branch NMI01183 B = 1.03487e-05 M = 3.13297e-06
Branch NMI0545 B = 2.58718e-06 M = 2.51015e-06
Branch NMI04122 B = 0.000543308 M = 1.67706e-05
Branch 17MI0038 B = 0.000799439 M = 3.39189e-05
Branch NMI01164 B = 2.78122e-05 M = 6.4305e-07
Branch NMI989 B = 0.00033504 M = 2.99095e-06
Branch NMI02169 B = 1.94038e-06 M = 1.88755e-06
Branch NMI93146 B = 4.52756e-06 M = 6.42668e-07
Branch NMI06131 B = 2.58718e-06 M = 6.42668e-07
Branch NMI96306 B = 0.000168813 M = 3.2509e-06
Branch NMI0079 B = 1.29359e-06 M = 1.26524e-06
Branch NMI9972 B = 0.00117458 M = 2.22176e-05
Branch NMI135 B = 8.08494e-05 M = 8.44981e-06
Branch NMI9927 B = 4.52756e-06 M = 4.37771e-06
Branch NMI05127 B = 0.000288471 M = 3.21146e-06
Branch NMI97239 B = 4.65692e-05 M = 6.01441e-06
Branch NMI1189 B = 3.88077e-06 M = 3.7551e-06
Branch NMI00159 B = 0.000128065 M = 4.39648e-06
Branch NMI96173 B = 8.40833e-06 M = 3.13674e-06
Branch NMI0782 B = 0.000876407 M = 1.00183e-05
Branch NMI99199 B = 4.52756e-06 M = 4.37733e-06
Branch NMI0976 B = 3.23397e-06 M = 3.13183e-06
Branch NMI00269 B = 2.58718e-06 M = 2.51083e-06
Branch NMI9624 B = 1.29359e-06 M = 1.26501e-06
Branch NMI98139 B = 1.94038e-06 M = 1.88739e-06
Branch NMI98166 B = 2.06974e-05 M = 1.37186e-05
Branch NMI02234 B = 1.94038e-06 M = 1.888e-06
Branch NMI05159 B = 5.88583e-05 M = 9.38926e-06
Branch NMI98157 B = 2.58718e-06 M = 2.5095e-06
Branch NMI0081 B = 0.000105428 M = 3.20927e-06
Branch NMI04191 B = 1.94038e-06 M = 1.88773e-06
Branch NMI03146 B = 1.94038e-06 M = 1.88709e-06
Branch NMI99261 B = 3.88077e-06 M = 3.75601e-06
Branch NMI0328 B = 8.40833e-06 M = 8.11243e-06
Branch NMI97149 B = 1.29359e-06 M = 1.26492e-06
Branch NMI969 B = 2.58718e-06 M = 2.5111e-06
Branch NMI95174 B = 2.58718e-06 M = 2.50968e-06
Branch NMI01199 B = 9.70192e-06 M = 9.35705e-06
Branch NMI99240 B = 3.03994e-05 M = 1.88851e-06
Branch NMI0468 B = 8.73173e-05 M = 4.22592e-06
Branch NMI97321 B = 6.46795e-06 M = 2.51052e-06
Branch NMI00250 B = 0.000542014 M = 1.24775e-05
Branch NMI97184 B = 1.29359e-06 M = 1.26515e-06
Branch NMI9913 B = 4.52756e-06 M = 4.37824e-06
Branch NMI00146 B = 4.52756e-06 M = 6.42668e-07
Branch NMI02238 B = 0.000107368 M = 6.81842e-06
Branch NMI95297 B = 1.29359e-06 M = 1.26529e-06
Branch NMI9115 B = 1.94038e-06 M = 1.88761e-06
Branch NMI98104 B = 0.000131299 M = 4.39821e-06
Branch NMI9474 B = 1.29359e-06 M = 1.26502e-06
Branch NMI97368 B = 1.29359e-06 M = 1.26496e-06
Branch NMI1264 B = 1.29359e-06 M = 1.26502e-06
Branch NMI9348 B = 0.000213442 M = 1.56858e-06
Branch NMI0312 B = 0.000171401 M = 2.66006e-05
Branch NMI9885 B = 0.000124185 M = 6.45622e-07
Branch NMI94101 B = 5.82115e-06 M = 5.6194e-06
Branch NMI06102 B = 0.00100512 M = 2.52561e-05
Branch NMI96174 B = 1.94038e-06 M = 1.88747e-06
Branch NMI9792 B = 1.55231e-05 M = 1.90278e-06
Branch NMI0189 B = 0.000110602 M = 4.83815e-06
Branch NMI01118 B = 6.92071e-05 M = 4.89572e-06
Branch NMI00219 B = 0.000379022 M = 1.20907e-05
Branch NMI03143 B = 3.88077e-06 M = 3.75693e-06
Branch NMI01322 B = 2.1991e-05 M = 6.4317e-07
Branch NMI9484 B = 5.82115e-06 M = 1.88833e-06
Branch NMI0059 B = 0.000649382 M = 7.04288e-06
Branch NMI0256 B = 0.0010491 M = 2.37765e-05
Branch NMI9985 B = 3.88077e-05 M = 2.51235e-06
Branch NMI93143 B = 5.17436e-06 M = 1.26543e-06
Branch NMI02213 B = 1.29359e-06 M = 1.26477e-06
Branch NMI04181 B = 0.000323397 M = 9.56877e-06
Branch NMI03242 B = 0.00052067 M = 1.40746e-05
Branch NMI0637 B = 1.29359e-06 M = 1.26481e-06
Branch NMI1074 B = 0.000263892 M = 4.40199e-06
Branch NMI9569 B = 1.94038e-06 M = 1.88786e-06
Branch NMI03267 B = 4.52756e-05 M = 6.69559e-06
Branch NMI96200 B = 2.58718e-06 M = 2.51018e-06
Branch NMI97324 B = 0.000241255 M = 5.52546e-06
Branch NMI96132 B = 4.52756e-06 M = 6.42668e-07
Branch NMI9626 B = 5.23904e-05 M = 2.60707e-06
Branch NMI0123 B = 3.1693e-05 M = 3.13897e-06
Branch NMI1120 B = 2.97526e-05 M = 9.21702e-06
Branch NMI9781 B = 0.00013518 M = 8.13173e-06
Branch NMI03150 B = 5.82115e-06 M = 1.88759e-06
Branch NMI04176 B = 1.48763e-05 M = 1.2578e-06
Branch NMI00211 B = 1.29359e-06 M = 1.26507e-06
Branch NMI0321 B = 9.70192e-06 M = 3.13337e-06
Branch NMI01219 B = 1.29359e-06 M = 1.26494e-06
Branch NMI97153 B = 0.000750929 M = 6.42897e-06
Branch NMI9358 B = 1.61699e-05 M = 1.43723e-05
Branch NMI9941 B = 0.000532959 M = 1.88055e-06
Branch NMI9550 B = 1.94038e-06 M = 1.88782e-06
Branch NMI96219 B = 0.000269067 M = 1.54484e-05
Branch NMI01327 B = 0.000242548 M = 7.49386e-06
Branch NMI0578 B = 0.000203094 M = 1.59205e-05
Branch 14MI0033 B = 5.17436e-06 M = 3.13293e-06
Branch NMI04147 B = 0.000527138 M = 1.35236e-05
Branch NMI9810 B = 0.00032081 M = 7.37939e-06
Branch NMI9935 B = 4.52756e-06 M = 6.42668e-07
Branch NMI0219 B = 2.58718e-05 M = 3.75944e-06
Branch NMI04126 B = 2.58718e-06 M = 6.42669e-07
Branch NMI00183 B = 1.22891e-05 M = 1.08331e-05
Branch NMI0894 B = 9.05513e-06 M = 8.7352e-06
Branch NMI98194 B = 4.52756e-06 M = 6.42668e-07
Branch NMI0448 B = 4.33353e-05 M = 5.41636e-06
Branch NMI01335 B = 5.045e-05 M = 3.76018e-06
Branch NMI0358 B = 0.000175281 M = 1.06955e-05
Branch NMI0096 B = 4.52756e-06 M = 6.42668e-07
Branch NMI018 B = 4.52756e-06 M = 6.42668e-07
Branch NMI97163 B = 0.000225731 M = 3.76941e-06
Branch NMI0847 B = 4.52756e-06 M = 6.42668e-07
Branch NMI01290 B = 9.05513e-05 M = 2.76973e-05
Branch NMI02133 B = 4.65692e-05 M = 5.62619e-06
Branch NMI00272 B = 2.26378e-05 M = 3.75818e-06
Branch NMI97116 B = 0.000381609 M = 5.20822e-06
Branch NMI98142 B = 0.00015135 M = 8.41619e-06
Branch NMI9039 B = 0.000676548 M = 4.32903e-05
Branch NMI0470 B = 0.000111896 M = 6.61448e-06
Branch NMI02192 B = 0.000109308 M = 1.8948e-06
Branch NMI9991 B = 1.81103e-05 M = 1.88869e-06
Branch NMI9555 B = 0.000551069 M = 6.82155e-06
Branch NMI044 B = 0.000269067 M = 2.04355e-06
Branch NMI97347 B = 0.000155231 M = 2.62464e-06
Branch NMI98186 B = 3.75141e-05 M = 3.7205e-06
Branch NMI03273 B = 1.29359e-06 M = 1.26523e-06
Branch NMI02236 B = 1.29359e-06 M = 1.26518e-06
Branch NMI02194 B = 0.000131299 M = 8.25783e-06
Branch NMI95284 B = 5.82115e-06 M = 1.88756e-06
Branch NMI00266 B = 0.000148763 M = 1.02566e-05
Branch NMI96157 B = 6.46795e-06 M = 2.5098e-06
Branch NMI0050 B = 1.29359e-06 M = 1.26511e-06
Branch NMI05145 B = 0.000138414 M = 2.07667e-05
Branch NMI97259 B = 3.23397e-06 M = 3.13151e-06
Branch NMI9878 B = 1.29359e-06 M = 1.2651e-06
Branch NMI0051 B = 1.29359e-06 M = 1.26513e-06
Branch NMI04210 B = 0.000363499 M = 1.44791e-05
Branch NMI98143 B = 2.00506e-05 M = 5.14224e-06
Branch NMI0679 B = 1.29359e-06 M = 1.26503e-06
Branch NMI0040 B = 0.000159758 M = 1.06677e-05
Branch NMI96217 B = 1.29359e-06 M = 1.26526e-06
Branch NMI9779 B = 1.94038e-06 M = 1.88756e-06
Branch NMI97311 B = 1.94038e-06 M = 1.88766e-06
Branch NMI0511 B = 5.82115e-06 M = 4.38283e-06
Branch NMI99196 B = 5.17436e-06 M = 1.26497e-06
Branch NMI03181 B = 1.94038e-06 M = 1.88717e-06
Branch NMI01180 B = 0.000237374 M = 9.37017e-06
Branch NMI01269 B = 0.00015135 M = 8.1527e-06
Branch 14MI0019 B = 0.000335687 M = 2.9052e-05
Branch NMI00125 B = 0.000300113 M = 2.83549e-06
Branch NMI9267 B = 5.17436e-06 M = 1.26506e-06
Branch NMI98296 B = 0.000122244 M = 7.10097e-07
Branch NMI00157 B = 4.52756e-06 M = 6.42668e-07
Branch NMI00119 B = 0.000314989 M = 9.46741e-07
Branch NMI0281 B = 0.000291705 M = 1.00144e-05
Branch NMI98294 B = 0.000208915 M = 1.89804e-06
Branch NMI0335 B = 0.000142942 M = 1.43263e-06
Branch NMI01340 B = 0.000375788 M = 7.81217e-06
Branch NMI0888 B = 3.23397e-06 M = 3.13242e-06
Branch NMI01351 B = 1.29359e-06 M = 1.2649e-06
Branch NMI0755 B = 0.000469573 M = 4.41876e-06
Branch NMI0227 B = 0.000197272 M = 3.14863e-06
Branch NMI0255 B = 0.000123538 M = 4.40345e-06
Branch 17MI0003 B = 4.52756e-06 M = 6.42668e-07
Branch NMI0382 B = 1.94038e-06 M = 1.88779e-06
Branch NMI9947 B = 5.82115e-06 M = 1.88778e-06
Branch NMI03233 B = 3.03994e-05 M = 1.26685e-06
Branch NMI9658 B = 1.94038e-06 M = 1.88712e-06
Branch NMI00144 B = 1.29359e-06 M = 1.26492e-06
Branch NMI0487 B = 1.94038e-06 M = 1.88703e-06
Branch NMI03227 B = 6.14455e-05 M = 6.84789e-06
Branch NMI98119 B = 1.94038e-06 M = 1.88761e-06
Branch NMI00105 B = 1.94038e-06 M = 1.88754e-06
Branch NMI02170 B = 1.29359e-06 M = 1.265e-06
Branch NMI01209 B = 5.17436e-06 M = 4.99892e-06
Branch NMI0474 B = 2.71654e-05 M = 7.01156e-07
Branch NMI00161 B = 5.17436e-05 M = 7.37801e-06
Branch NMI04116 B = 4.39821e-05 M = 3.13654e-06
Branch NMI95192 B = 4.52756e-06 M = 6.42668e-07
Branch NMI1144 B = 3.23397e-06 M = 3.13293e-06
Branch NMI01352 B = 0.000835659 M = 1.78373e-05
Branch NMI0349 B = 1.94038e-06 M = 1.88772e-06
Branch NMI97382 B = 0.000366086 M = 1.1599e-05
Branch NMI97221 B = 1.94038e-06 M = 1.88794e-06
Branch NMI01274 B = 4.52756e-06 M = 4.37794e-06
Branch NMI97111 B = 0.00023608 M = 2.59734e-06
Branch NMI93124 B = 1.94038e-06 M = 1.88778e-06
Branch NMI00120 B = 3.36333e-05 M = 2.51271e-06
Branch NMI0368 B = 3.23397e-06 M = 3.13283e-06
Branch NMI9671 B = 0.000118363 M = 3.84133e-06
Branch NMI0140 B = 3.23397e-06 M = 3.13345e-06
Branch NMI97195 B = 0.000302053 M = 4.86404e-06
Branch 15MI0030 B = 0.00040554 M = 2.03532e-05
Branch NMI0853 B = 1.94038e-06 M = 1.88784e-06
Branch NMI98122 B = 1.48763e-05 M = 2.51143e-06
Branch NMI01337 B = 4.52756e-06 M = 6.42668e-07
Branch NMI9882 B = 1.94038e-06 M = 1.88711e-06
Branch NMI9442 B = 0.000494798 M = 9.71149e-06
Branch NMI9413 B = 0.000509028 M = 5.32574e-06
Branch NMI0465 B = 4.52756e-06 M = 4.37643e-06
Branch NMI1124 B = 9.70192e-06 M = 9.35581e-06
Branch NMI0588 B = 0.000139708 M = 2.58952e-06
Branch NMI01227 B = 4.52756e-06 M = 6.42668e-07
Branch NMI011 B = 1.29359e-06 M = 1.26496e-06
Branch NMI03159 B = 0.000461165 M = 1.87207e-05
Branch NMI03166 B = 1.55231e-05 M = 5.00382e-06
Branch NMI99147 B = 4.52756e-06 M = 6.42668e-07
Branch NMI9754 B = 3.23397e-06 M = 1.89079e-06
Branch NMI0421 B = 9.70192e-06 M = 2.87671e-06
Branch NMI03231 B = 0.000413949 M = 7.75219e-06
Branch NMI015 B = 3.23397e-06 M = 3.13224e-06
Branch NMI99278 B = 6.14455e-05 M = 1.40539e-06
Branch NMI0093 B = 3.88077e-06 M = 3.75467e-06
Branch NMI9029 B = 3.23397e-06 M = 1.89002e-06
Branch NMI9692 B = 8.79641e-05 M = 1.26799e-06
Branch NMI0441 B = 0.000443701 M = 3.48552e-06
Branch NMI9863 B = 4.52756e-06 M = 4.3785e-06
Branch NMI05164 B = 0.00157624 M = 3.18099e-05
Branch NMI99224 B = 6.01519e-05 M = 2.51401e-06
Branch NMI99180 B = 2.58718e-06 M = 2.51016e-06
Branch NMI03202 B = 0.000236727 M = 6.92593e-06
Branch NMI9684 B = 0.000143588 M = 2.26173e-06
Branch NMI0718 B = 0.000106721 M = 8.73953e-06
Branch NMI96323 B = 5.82115e-06 M = 1.88715e-06
Branch NMI04178 B = 3.23397e-06 M = 3.13264e-06
Branch NMI0180 B = 9.89596e-05 M = 6.44653e-07
Branch NMI99302 B = 8.53769e-05 M = 1.92417e-06
Branch NMI0493 B = 7.11474e-06 M = 6.86821e-06
Branch NMI0286 B = 3.88077e-06 M = 1.88714e-06
Branch NMI0427 B = 3.75141e-05 M = 3.44622e-06
Branch 14MI0013 B = 1.94038e-06 M = 1.88723e-06
Branch NMI045 B = 3.29865e-05 M = 3.12327e-05
Branch NMI9836 B = 8.47301e-05 M = 1.26745e-06
Branch NMI99281 B = 0.000161699 M = 3.1676e-06
Branch NMI9554 B = 5.10968e-05 M = 1.89036e-06
Branch NMI00260 B = 1.94038e-06 M = 1.88779e-06
Branch NMI9865 B = 4.52756e-06 M = 6.42668e-07
Branch NMI97405 B = 1.87571e-05 M = 1.80641e-06
Branch NMI0594 B = 7.50282e-05 M = 3.808e-06
Branch NMI0132 B = 2.58718e-06 M = 2.5096e-06
Branch NMI03205 B = 0.00168684 M = 3.69467e-05
Branch NMI9610 B = 1.29359e-06 M = 1.26538e-06
Branch NMI9545 B = 1.09955e-05 M = 1.03878e-05
Branch NMI03104 B = 5.82115e-06 M = 1.88807e-06
Branch NMI01189 B = 4.33353e-05 M = 4.60695e-06
Branch NMI9718 B = 0.00032081 M = 4.25768e-06
Branch NMI01160 B = 8.40833e-06 M = 8.1118e-06
Branch NMI94163 B = 1.74635e-05 M = 6.43145e-07
Branch NMI97404 B = 3.94545e-05 M = 3.14056e-06
Branch NMI01238 B = 4.52756e-06 M = 6.42668e-07
Branch NMI0547 B = 0.000229612 M = 2.10037e-06
Branch NMI98141 B = 0.0014029 M = 9.8176e-06
Branch NMI99100 B = 0.000432706 M = 1.53264e-05
Branch NMI04207 B = 9.89596e-05 M = 4.24058e-06
Branch NMI04203 B = 1.29359e-06 M = 1.26507e-06
Branch NMI9419 B = 1.09955e-05 M = 8.54272e-06
Branch NMI93157 B = 1.29359e-06 M = 1.26545e-06
Branch NMI00265 B = 1.35827e-05 M = 3.13437e-06
Branch NMI05168 B = 0.0011901 M = 2.3384e-05
Branch NMI0332 B = 7.11474e-06 M = 3.13298e-06
Branch NMI01202 B = 0.000157171 M = 8.20369e-06
Branch NMI96310 B = 0.000376435 M = 1.01708e-05
Branch NMI94118 B = 1.29359e-06 M = 1.2647e-06
Branch NMI01265 B = 3.62205e-05 M = 4.37979e-06
Branch NMI0531 B = 0.000500619 M = 5.43749e-06
Branch NMI04120 B = 0.000255484 M = 4.66158e-06
Branch NMI93144 B = 1.29359e-06 M = 1.26514e-06
Branch NMI03275 B = 0.000104134 M = 4.38638e-06
Branch NMI04124 B = 5.82115e-06 M = 5.62138e-06
Branch NMI96201 B = 0.000130653 M = 6.71945e-06
Branch NMI0214 B = 0.000305934 M = 1.2179e-05
Branch NMI0412 B = 0.000303347 M = 8.79274e-06
Branch NMI00205 B = 0.000364792 M = 1.0267e-05
Branch NMI0524 B = 3.29865e-05 M = 5.01145e-06
Branch NMI04134 B = 3.23397e-06 M = 3.133e-06
Branch NMI0896 B = 5.82115e-06 M = 5.62172e-06
Branch NMI04158 B = 1.42295e-05 M = 6.25047e-06
Branch NMI98276 B = 2.5225e-05 M = 3.19962e-06
Branch NMI0583 B = 5.17436e-06 M = 1.26504e-06
Branch NMI99126 B = 6.46795e-05 M = 6.44831e-07
Branch NMI01100 B = 0.00128842 M = 2.01162e-05
Branch NMI0573 B = 8.86109e-05 M = 3.63303e-06
Branch NMI01309 B = 0.000776801 M = 3.28125e-05
Branch NMI0016 B = 0.000379022 M = 8.8106e-06
Branch NMI0535 B = 0.000139061 M = 5.98143e-06
Branch NMI0034 B = 6.46795e-06 M = 2.51059e-06
Branch NMI008 B = 4.91564e-05 M = 1.43902e-05
Branch NMI00256 B = 0.0003027 M = 5.69523e-06
Branch NMI99211 B = 0.000195332 M = 7.09356e-06
Branch NMI9287 B = 1.87571e-05 M = 1.27058e-06
Branch NMI0497 B = 4.59224e-05 M = 5.03981e-06
Branch NMI03134 B = 5.95051e-05 M = 3.76529e-06
Branch NMI03188 B = 0.000393251 M = 1.14029e-05
Branch NMI01330 B = 1.81103e-05 M = 6.42961e-07
Branch NMI0342 B = 0.000111896 M = 1.02986e-05
Branch NMI03261 B = 3.88077e-06 M = 2.51374e-06
Branch NMI97160 B = 1.29359e-06 M = 1.26488e-06
Branch NMI97396 B = 4.52756e-06 M = 6.42668e-07
Branch NMI99158 B = 2.1991e-05 M = 1.12909e-05
Branch NMI0175 B = 3.29865e-05 M = 9.63894e-06
Branch NMI01350 B = 1.29359e-06 M = 1.26536e-06
Branch NMI95258 B = 0.000191451 M = 1.91232e-06
Branch NMI1150 B = 1.29359e-06 M = 1.26519e-06
Branch NMI00181 B = 0.00142942 M = 3.43664e-05
Branch NMI0849 B = 2.58718e-06 M = 2.51018e-06
Branch NMI0092 B = 0.000301406 M = 3.57307e-06
Branch NMI03244 B = 1.94038e-06 M = 1.8881e-06
Branch NMI914 B = 4.52756e-06 M = 6.42668e-07
Branch NMI95206 B = 1.29359e-06 M = 1.26507e-06
Branch NMI00252 B = 3.1693e-05 M = 1.26668e-06
Branch NMI9734 B = 3.62205e-05 M = 4.12257e-06
Branch NMI0393 B = 0.000567886 M = 9.75276e-06
Branch NMI01267 B = 0.000179809 M = 1.47131e-05
Branch NMI0023 B = 3.23397e-06 M = 3.13281e-06
Branch NMI0931 B = 0.000166226 M = 4.57067e-06
Branch NMI01195 B = 5.82115e-06 M = 1.88731e-06
Branch NMI999 B = 0.000247722 M = 1.71374e-05
Branch NMI046 B = 0.000510321 M = 1.13125e-05
Branch NMI03110 B = 4.7216e-05 M = 4.60509e-06
Branch NMI01260 B = 0.000199213 M = 1.68708e-05
Branch NMI01241 B = 2.58718e-06 M = 2.50957e-06
Branch NMI99197 B = 5.82115e-06 M = 4.39225e-06
Branch NMI0762 B = 0.000249016 M = 1.19945e-05
Branch NMI99237 B = 2.26378e-05 M = 1.88839e-06
Branch NMI9565 B = 8.40833e-06 M = 4.3783e-06
Branch NMI0137 B = 0.00181879 M = 5.60058e-05
Branch NMI0948 B = 0.000103487 M = 1.44786e-05
Branch NMI9149 B = 1.29359e-06 M = 1.26565e-06
Branch NMI01294 B = 1.48763e-05 M = 5.69166e-06
Branch NMI0383 B = 5.17436e-06 M = 1.26533e-06
Branch NMI9218 B = 0.000177869 M = 8.29198e-07
Branch NMI96188 B = 0.000280062 M = 4.93199e-06
Branch NMI0753 B = 0.000294292 M = 1.27918e-06
Branch NMI0483 B = 3.23397e-06 M = 3.13238e-06
Branch NMI0061 B = 0.000307874 M = 7.35806e-06
Branch NMI01233 B = 3.62205e-05 M = 1.2661e-06
Branch NMI0230 B = 1.29359e-06 M = 1.2651e-06
Branch NMI93147 B = 2.58718e-06 M = 6.42668e-07
Branch NMI95154 B = 1.29359e-06 M = 1.26538e-06
Branch NMI94198 B = 1.68167e-05 M = 6.25561e-06
Branch NMI0733 B = 3.94545e-05 M = 5.62502e-06
Branch NMI01112 B = 0.000330512 M = 8.57891e-06
Branch NMI9813 B = 4.07481e-05 M = 1.26589e-06
Branch NMI06126 B = 0.000104134 M = 5.02222e-06
Branch NMI00270 B = 0.000451463 M = 9.68215e-06
Branch NMI00242 B = 4.52756e-06 M = 6.42668e-07
Branch NMI97366 B = 1.94038e-06 M = 1.88796e-06
Branch NMI95157 B = 3.23397e-06 M = 3.13301e-06
Branch NMI02204 B = 6.59731e-05 M = 9.56087e-06
Branch NMI97339 B = 8.79641e-05 M = 6.4505e-07
Branch NMI0529 B = 0.00021797 M = 4.49301e-06
Branch NMI0391 B = 0.000120304 M = 4.18963e-06
Branch NMI03269 B = 0.000174635 M = 6.41573e-06
Branch NMI9628 B = 7.11474e-06 M = 6.86821e-06
Branch NMI96299 B = 0.000138414 M = 2.61269e-06
Branch NMI99277 B = 1.29359e-06 M = 1.26495e-06
Branch NMI9987 B = 3.81609e-05 M = 4.38203e-06
Branch NMI0134 B = 8.2143e-05 M = 1.26722e-06
Branch NMI05102 B = 6.27391e-05 M = 8.07419e-06
Branch 15MI0021 B = 0.000977307 M = 3.28203e-05
Branch NMI96320 B = 8.40833e-06 M = 4.37791e-06
Branch NMI99120 B = 1.29359e-06 M = 1.26521e-06
Branch NMI0415 B = 5.82115e-06 M = 1.88731e-06
Branch NMI93169 B = 3.23397e-06 M = 3.13362e-06
Branch NMI966 B = 3.62205e-05 M = 2.51247e-06
Branch NMI04107 B = 5.82115e-06 M = 5.52297e-06
Branch NMI0495 B = 0.000296232 M = 4.4217e-06
Branch NMI9549 B = 1.16423e-05 M = 2.51165e-06
Branch NMI98272 B = 6.46795e-06 M = 6.24502e-06
Branch NMI0231 B = 0.000424297 M = 6.44155e-06
Branch NMI0320 B = 2.58718e-06 M = 2.51022e-06
Branch NMI00167 B = 6.59731e-05 M = 2.54079e-06
Branch NMI95105 B = 0.000675254 M = 1.01749e-05
Branch NMI02182 B = 4.52756e-06 M = 6.42668e-07
Branch NMI99246 B = 6.66199e-05 M = 1.8909e-06
Branch NMI97180 B = 1.94038e-06 M = 1.88749e-06
Branch NMI9737 B = 5.17436e-06 M = 1.26514e-06
Branch NMI0449 B = 0.000611868 M = 8.54903e-06
Branch NMI99169 B = 1.29359e-06 M = 1.26534e-06
Branch NMI0767 B = 2.45782e-05 M = 4.39962e-06
Branch NMI0627 B = 1.03487e-05 M = 6.24571e-06
Branch NMI01346 B = 0.000131299 M = 8.25932e-06
Branch NMI99292 B = 0.000192098 M = 6.40538e-06
Branch NMI01184 B = 4.85096e-05 M = 4.41414e-06
Branch NMI96233 B = 5.17436e-06 M = 1.26512e-06
Branch NMI01264 B = 1.94038e-06 M = 1.88836e-06
Branch NMI9217 B = 0.00212149 M = 5.97036e-05
Branch NMI01339 B = 4.78628e-05 M = 1.89019e-06
Branch NMI0362 B = 3.88077e-06 M = 3.75478e-06
Branch NMI94208 B = 1.29359e-06 M = 1.26502e-06
Branch NMI00217 B = 5.17436e-06 M = 4.99993e-06
Branch NMI95216 B = 5.17436e-06 M = 1.93818e-06
Branch NMI9958 B = 6.92071e-05 M = 1.27011e-06
Branch NMI97159 B = 3.62205e-05 M = 2.03742e-06
Branch NMI9673 B = 0.000145529 M = 4.21338e-06
Branch NMI98132 B = 0.000305287 M = 6.92865e-06
Branch NMI9823 B = 0.000269067 M = 1.90372e-06
Branch NMI02171 B = 2.13442e-05 M = 1.89005e-06
Branch NMI00145 B = 6.40327e-05 M = 3.97709e-06
Branch NMI1185 B = 4.52756e-06 M = 4.37755e-06
Branch NMI9698 B = 3.88077e-06 M = 3.75498e-06
Branch NMI00185 B = 0.000312402 M = 7.49276e-06
Branch NMI059 B = 1.55231e-05 M = 4.37997e-06
Branch NMI0285 B = 3.88077e-06 M = 3.75407e-06
Branch NMI02223 B = 1.29359e-06 M = 1.26522e-06
Branch NMI0190 B = 0.0002018 M = 3.14379e-06
Branch NMI00267 B = 5.17436e-06 M = 1.26518e-06
Branch NMI0646 B = 2.91058e-05 M = 5.17626e-06
Branch NMI02153 B = 0.000223144 M = 5.6799e-06
Branch NMI96126 B = 5.17436e-06 M = 1.2652e-06
Branch NMI02107 B = 0.000258718 M = 3.77032e-06
Branch NMI02140 B = 0.000755457 M = 1.48319e-05
Branch NMI02258 B = 0.000144235 M = 7.93776e-06
Branch NMI01106 B = 3.23397e-06 M = 3.13237e-06
Branch NMI02137 B = 1.29359e-06 M = 1.26523e-06
Branch NMI0567 B = 0.000199213 M = 6.41657e-06
Branch NMI0168 B = 8.40833e-06 M = 4.3767e-06
Branch NMI1113 B = 9.70192e-05 M = 5.01616e-06
Branch NMI04114 B = 1.22891e-05 M = 6.24618e-06
Branch NMI9817 B = 2.58718e-06 M = 2.5103e-06
Branch NMI96247 B = 2.58718e-06 M = 2.51026e-06
Branch NMI00106 B = 1.29359e-05 M = 1.24696e-05
Branch NMI94120 B = 4.52756e-06 M = 6.42668e-07
Branch NMI03198 B = 3.23397e-06 M = 3.13305e-06
Branch NMI03229 B = 0.000221851 M = 2.06733e-06
Branch NMI02141 B = 1.29359e-06 M = 1.26498e-06
Branch NMI04149 B = 4.52756e-06 M = 6.42668e-07
Branch NMI98223 B = 9.96064e-05 M = 7.64382e-06
Branch NMI0222 B = 1.81103e-05 M = 1.55833e-05
Branch NMI06123 B = 1.09955e-05 M = 6.86867e-06
Branch NMI96189 B = 1.22891e-05 M = 1.18479e-05
Branch NMI9774 B = 4.52756e-06 M = 6.42668e-07
Branch NMI97211 B = 6.46795e-06 M = 2.50973e-06
Branch NMI0631 B = 0.00063774 M = 3.2061e-06
Branch NMI99225 B = 1.29359e-06 M = 1.26516e-06
Branch 15MI0019 B = 0.000213442 M = 1.86422e-05
Branch NMI03265 B = 3.88077e-06 M = 3.7555e-06
Branch NMI9837 B = 0.000115776 M = 4.66352e-06
Branch NMI0982 B = 1.16423e-05 M = 1.1225e-05
Branch NMI97402 B = 1.94038e-06 M = 1.88748e-06
Branch NMI97351 B = 7.63218e-05 M = 3.67102e-06
Branch NMI975 B = 2.58718e-05 M = 1.29228e-06
Branch NMI0456 B = 0.000213442 M = 7.02731e-06
Branch NMI0315 B = 0.000103487 M = 1.32965e-06
Branch NMI98161 B = 0.000617042 M = 1.31359e-05
Branch NMI98109 B = 0.00160793 M = 3.14184e-05
Branch NMI00271 B = 3.88077e-06 M = 3.75454e-06
Branch NMI0457 B = 0.000207621 M = 6.47631e-06
Branch NMI01306 B = 1.94038e-06 M = 1.88733e-06
Branch NMI0012 B = 1.29359e-06 M = 1.26548e-06
Branch NMI0730 B = 0.000683015 M = 3.18062e-05
Branch NMI0165 B = 0.000108662 M = 2.60754e-06
Branch NMI99117 B = 1.48763e-05 M = 3.75667e-06
Branch NMI00231 B = 1.29359e-06 M = 1.2652e-06
Branch NMI0310 B = 5.82115e-06 M = 1.88758e-06
Branch NMI98147 B = 6.20923e-05 M = 5.62851e-06
Branch NMI009 B = 9.05513e-06 M = 2.00741e-06
Branch NMI9944 B = 0.000193392 M = 1.27131e-06
Branch NMI1042 B = 0.000874467 M = 1.03185e-05
Branch NMI01254 B = 4.52756e-06 M = 6.42668e-07
Branch NMI1035 B = 1.03487e-05 M = 8.11252e-06
Branch NMI0133 B = 3.23397e-06 M = 3.13215e-06
Branch NMI0785 B = 3.23397e-06 M = 3.13257e-06
Branch NMI02101 B = 5.82115e-06 M = 3.75546e-06
Branch NMI01229 B = 8.34366e-05 M = 2.51472e-06
Branch NMI96120 B = 1.29359e-06 M = 1.26544e-06
Branch NMI97162 B = 5.23904e-05 M = 6.437e-07
Branch NMI00225 B = 3.23397e-06 M = 3.13329e-06
Branch NMI0224 B = 1.87571e-05 M = 1.89008e-06
Branch NMI0397 B = 3.23397e-06 M = 3.1323e-06
Branch NMI01125 B = 0.00031693 M = 1.31155e-05
Branch NMI0929 B = 0.000155878 M = 1.25126e-05
Branch NMI1174 B = 0.000477335 M = 7.34693e-06
Branch NMI1133 B = 9.7666e-05 M = 6.91952e-06
Branch NMI02157 B = 0.000288471 M = 6.94821e-06
Branch NMI97218 B = 0.000745755 M = 7.56009e-06
Branch NMI03122 B = 0.000300113 M = 7.88635e-06
Branch NMI95211 B = 7.11474e-06 M = 3.13291e-06
Branch NMI9953 B = 0.000128065 M = 2.9672e-06
Branch NMI00118 B = 0.000180456 M = 8.87636e-06
Branch NMI0390 B = 4.52756e-06 M = 6.42668e-07
Branch NMI01182 B = 0.00130329 M = 2.06973e-05
Branch NMI95305 B = 1.94038e-06 M = 1.88782e-06
Branch NMI99148 B = 1.94038e-06 M = 1.88737e-06
Branch NMI02219 B = 0.000168813 M = 5.54062e-06
Branch NMI0736 B = 0.00113318 M = 2.11475e-05
Branch NMI0347 B = 1.29359e-06 M = 1.26549e-06
Branch NMI0260 B = 8.40833e-06 M = 8.11242e-06
Branch NMI97279 B = 0.000126125 M = 4.05636e-06
Branch NMI0353 B = 0.000129359 M = 5.06869e-06
Branch NMI95135 B = 0.000214089 M = 4.48154e-06
Branch NMI95242 B = 3.62205e-05 M = 6.44479e-07
Branch NMI00273 B = 3.88077e-06 M = 3.75508e-06
Branch NMI93181 B = 5.82115e-06 M = 1.88767e-06
Branch NMI0740 B = 6.46795e-06 M = 2.51002e-06
Branch NMI03103 B = 0.000359618 M = 2.04129e-05
Branch NMI0681 B = 4.52756e-06 M = 6.42668e-07
Branch NMI0149 B = 7.50282e-05 M = 4.472e-06
Branch NMI01333 B = 2.5225e-05 M = 6.42926e-07
Branch NMI01217 B = 3.23397e-06 M = 3.13335e-06
Branch NMI00286 B = 1.29359e-06 M = 1.26565e-06
Branch NMI9978 B = 2.78122e-05 M = 4.26064e-06
Branch NMI0490 B = 3.88077e-06 M = 3.75581e-06
Branch NMI0614 B = 7.76154e-06 M = 1.37721e-06
Branch NMI95178 B = 5.17436e-06 M = 1.26487e-06
Branch NMI01196 B = 5.17436e-06 M = 3.7607e-06
Branch NMI00292 B = 1.29359e-06 M = 1.26514e-06
Branch NMI00229 B = 4.52756e-06 M = 1.88746e-06
Branch NMI93167 B = 5.30372e-05 M = 1.51562e-06
Branch NMI0011 B = 0.000183043 M = 4.8382e-06
Branch NMI9689 B = 1.29359e-06 M = 1.26526e-06
Branch NMI99229 B = 0.000120951 M = 6.61387e-06
Branch NMI99265 B = 1.94038e-06 M = 1.88812e-06
Branch NMI03260 B = 1.29359e-06 M = 1.26549e-06
Branch NMI945 B = 7.11474e-06 M = 3.13251e-06
Branch NMI0663 B = 5.17436e-06 M = 1.26471e-06
Branch NMI96254 B = 2.58718e-06 M = 2.51027e-06
Branch NMI96309 B = 1.29359e-06 M = 1.26499e-06
Branch NMI01258 B = 1.29359e-06 M = 1.26517e-06
Branch NMI0581 B = 1.29359e-06 M = 1.26532e-06
Branch NMI97358 B = 0.000346682 M = 1.10383e-05
Branch NMI112 B = 6.46795e-05 M = 6.49253e-07
Branch NMI0492 B = 7.76154e-06 M = 3.75564e-06
Branch NMI03168 B = 1.94038e-06 M = 1.88757e-06
Branch NMI99207 B = 3.1693e-05 M = 2.51509e-06
Branch NMI9793 B = 0.000265833 M = 5.71353e-06
Branch NMI00216 B = 0.000496739 M = 1.35002e-05
Branch NMI01298 B = 0.00115388 M = 1.94594e-05
Branch NMI0939 B = 0.000331806 M = 1.60282e-05
Branch NMI1320 B = 5.82115e-06 M = 1.88692e-06
Branch NMI0467 B = 0.000145529 M = 6.2621e-06
Branch NMI0153 B = 8.40833e-06 M = 3.135e-06
Branch NMI0410 B = 7.76154e-06 M = 3.75614e-06
Branch NMI06107 B = 4.91564e-05 M = 1.89193e-06
Branch NMI0384 B = 0.000827251 M = 2.54215e-05
Branch NMI9922 B = 0.000175281 M = 3.9341e-06
Branch NMI9713 B = 0.000106721 M = 1.89382e-06
Branch NMI96244 B = 0.000111896 M = 3.87525e-06
Branch NMI9872 B = 1.29359e-06 M = 1.26484e-06
Branch NMI96123 B = 5.17436e-05 M = 2.51861e-06
Branch NMI0039 B = 9.70192e-06 M = 9.35632e-06
Branch NMI97295 B = 0.00028459 M = 3.26318e-06
Branch NMI03258 B = 0.000154584 M = 1.59407e-05
Branch NMI97245 B = 3.23397e-06 M = 3.13319e-06
Branch 14MI0012 B = 5.82115e-06 M = 3.75479e-06
Branch NMI98244 B = 9.70192e-06 M = 5.6228e-06
Branch NMI95132 B = 1.29359e-06 M = 1.26512e-06
Branch NMI0790 B = 5.17436e-06 M = 5.00034e-06
Branch NMI00175 B = 0.000174635 M = 3.79958e-06
Branch NMI0548 B = 5.43308e-05 M = 6.25633e-06
Branch NMI0184 B = 7.17942e-05 M = 3.1381e-06
Branch NMI03264 B = 3.88077e-05 M = 2.51222e-06
Branch NMI98182 B = 4.52756e-06 M = 6.42668e-07
Branch NMI96242 B = 1.29359e-06 M = 1.26518e-06
Branch NMI0367 B = 1.94038e-06 M = 1.88738e-06
Branch NMI02173 B = 0.000312402 M = 1.21643e-05
Branch NMI0479 B = 0.000207621 M = 8.23316e-06
Branch NMI0065 B = 5.82115e-06 M = 1.88755e-06
Branch NMI9971 B = 0.000100253 M = 6.88339e-06
Branch NMI04194 B = 2.58718e-06 M = 2.5104e-06
Branch NMI049 B = 6.98539e-05 M = 2.52546e-06
Branch NMI943 B = 4.26885e-05 M = 5.00584e-06
Branch NMI97198 B = 1.29359e-05 M = 3.11524e-06
Branch NMI98228 B = 7.63218e-05 M = 1.4676e-06
Branch NMI0215 B = 9.96064e-05 M = 3.76561e-06
Branch NMI0163 B = 0.000925564 M = 1.18797e-05
Branch NMI04172 B = 5.82115e-05 M = 6.88151e-06
Branch NMI06101 B = 9.05513e-06 M = 5.00164e-06
Branch NMI01259 B = 1.48763e-05 M = 6.2465e-06
Branch NMI97353 B = 1.29359e-06 M = 1.26544e-06
Branch NMI9924 B = 0.000336333 M = 4.07675e-06
Branch NMI02120 B = 1.29359e-06 M = 1.26494e-06
Branch NMI02183 B = 4.59224e-05 M = 1.43389e-06
Branch NMI97335 B = 0.000674607 M = 1.22553e-05
Branch NMI03132 B = 5.17436e-06 M = 1.26503e-06
Branch NMI98162 B = 0.000110602 M = 8.36668e-06
Branch NMI0475 B = 1.68167e-05 M = 3.76064e-06
Branch NMI96125 B = 2.58718e-06 M = 2.50916e-06
Branch NMI00262 B = 7.11474e-06 M = 2.51084e-06
Branch NMI0266 B = 1.09955e-05 M = 6.86752e-06
Branch NMI0028 B = 1.29359e-06 M = 1.26511e-06
Branch NMI99290 B = 2.58718e-06 M = 6.42812e-07
Branch NMI95187 B = 1.94038e-06 M = 1.88708e-06
Branch NMI9894 B = 0.00133369 M = 2.91666e-05
Branch NMI97210 B = 3.88077e-05 M = 6.47005e-07
Branch NMI99208 B = 5.82115e-06 M = 1.88793e-06
Branch NMI9426 B = 1.22891e-05 M = 8.11248e-06
Branch NMI00163 B = 2.91058e-05 M = 3.13371e-06
Branch NMI0617 B = 0.000115776 M = 2.27541e-06
Branch NMI9361 B = 2.58718e-06 M = 2.50979e-06
Branch NMI0252 B = 5.82115e-06 M = 1.88779e-06
Branch NMI02227 B = 0.000233493 M = 8.89482e-06
Branch NMI95140 B = 0.000293645 M = 2.50491e-06
Branch NMI0462 B = 1.29359e-06 M = 1.26522e-06
Branch NMI96249 B = 5.82115e-06 M = 1.8876e-06
Branch NMI007 B = 1.94038e-06 M = 1.88721e-06
Branch NMI9948 B = 1.16423e-05 M = 1.26568e-06
Branch NMI96231 B = 1.29359e-06 M = 1.26541e-06
Branch NMI95217 B = 3.23397e-06 M = 3.13181e-06
Branch NMI01224 B = 1.29359e-05 M = 1.24699e-05
Branch NMI0423 B = 3.23397e-06 M = 1.26482e-06
Branch NMI0419 B = 1.35827e-05 M = 1.2659e-06
Branch NMI027 B = 1.94038e-06 M = 1.88775e-06
Branch NMI01318 B = 7.76154e-06 M = 3.75474e-06
Branch NMI9446 B = 1.29359e-06 M = 1.26482e-06
Branch NMI94240 B = 0.000101547 M = 3.90649e-06
Branch NMI9651 B = 1.94038e-06 M = 1.88774e-06
Branch NMI98110 B = 4.52756e-06 M = 6.42668e-07
Branch NMI02116 B = 4.52756e-06 M = 6.42668e-07
Branch NMI00176 B = 3.23397e-06 M = 3.13264e-06
Branch NMI0891 B = 5.82115e-06 M = 1.88744e-06
Branch NMI02191 B = 5.17436e-06 M = 4.95681e-06
Branch NMI03100 B = 0.000536193 M = 1.17231e-05
Branch NMI94185 B = 1.29359e-06 M = 1.26513e-06
Branch NMI96202 B = 7.76154e-06 M = 7.48993e-06
Branch NMI05139 B = 6.72667e-05 M = 5.26045e-06
Branch NMI021 B = 1.29359e-06 M = 1.26488e-06
Branch NMI94100 B = 1.29359e-06 M = 1.26495e-06
Branch NMI0325 B = 7.76154e-06 M = 3.75543e-06
Branch NMI95246 B = 0.000310462 M = 5.57967e-06
Branch NMI974 B = 1.94038e-06 M = 1.88764e-06
Branch NMI0115 B = 5.82115e-06 M = 5.62248e-06
Branch NMI0451 B = 0.000271007 M = 1.89661e-06
Branch NMI052 B = 4.52756e-06 M = 6.42668e-07
Branch NMI99228 B = 0.000840187 M = 1.13889e-05
Branch NMI0088 B = 1.29359e-06 M = 1.26496e-06
Branch NMI00203 B = 1.29359e-06 M = 1.26494e-06
Branch NMI01210 B = 1.68167e-05 M = 3.15684e-06
Branch NMI0699 B = 6.46795e-06 M = 6.24648e-06
Branch NMI01120 B = 0.000343448 M = 8.99433e-06
Branch NMI05117 B = 0.000642267 M = 1.53799e-05
Branch NMI03215 B = 5.82115e-06 M = 1.88807e-06
Branch NMI02177 B = 0.000186924 M = 4.70586e-06
Branch NMI96221 B = 1.94038e-06 M = 1.88695e-06
Branch NMI97158 B = 4.52756e-06 M = 6.42668e-07
Branch NMI00158 B = 1.29359e-06 M = 1.26544e-06
Branch NMI04138 B = 4.52756e-06 M = 4.37787e-06
Branch NMI97139 B = 3.81609e-05 M = 5.01425e-06
Branch NMI97323 B = 5.17436e-06 M = 1.26521e-06
Branch NMI99293 B = 0.000166226 M = 3.76475e-06
Branch NMI00289 B = 4.52756e-06 M = 4.37778e-06
Branch NMI98120 B = 0.000331159 M = 5.01142e-06
Branch NMI0491 B = 2.45782e-05 M = 4.38079e-06
Branch NMI97409 B = 3.23397e-06 M = 6.42677e-07
Branch NMI98257 B = 8.40833e-06 M = 4.37749e-06
Branch NMI98297 B = 1.29359e-06 M = 1.26496e-06
Branch NMI94233 B = 4.52756e-06 M = 6.42668e-07
Branch NMI024 B = 4.52756e-06 M = 4.37654e-06
Branch NMI03156 B = 2.65186e-05 M = 3.13781e-06
Branch NMI00296 B = 8.40833e-06 M = 4.37405e-06
Branch NMI9510 B = 1.94038e-06 M = 6.43465e-07
Branch NMI9887 B = 0.000174635 M = 6.27435e-06
Branch NMI96198 B = 7.76154e-06 M = 1.26517e-06
Branch NMI02221 B = 1.94038e-06 M = 1.88673e-06
Branch 16MI0033 B = 7.11474e-06 M = 6.86622e-06
Branch NMI95213 B = 3.10462e-05 M = 6.8899e-06
Branch NMI0161 B = 6.46795e-06 M = 2.51034e-06
Branch NMI96128 B = 8.66705e-05 M = 2.52723e-06
Branch NMI93154 B = 1.29359e-06 M = 1.26494e-06
Branch NMI04143 B = 0.000511615 M = 1.18645e-05
Branch NMI0014 B = 1.87571e-05 M = 1.89751e-06
Branch NMI01130 B = 3.23397e-06 M = 3.13269e-06
Branch NMI0127 B = 5.17436e-06 M = 5.00031e-06
Branch NMI00241 B = 1.29359e-06 M = 1.26519e-06
Branch NMI01206 B = 8.34366e-05 M = 1.80593e-06
Branch NMI9460 B = 0.000531665 M = 5.38404e-06
Branch NMI97370 B = 6.92071e-05 M = 1.37473e-06
Branch NMI94121 B = 5.82115e-06 M = 1.8879e-06
Branch NMI0436 B = 0.000966312 M = 2.50642e-05
Branch NMI927 B = 4.52756e-06 M = 6.42668e-07
Branch NMI0866 B = 0.000131946 M = 5.51731e-06
Branch NMI9862 B = 1.94038e-06 M = 1.88759e-06
Branch NMI99171 B = 4.33353e-05 M = 2.5136e-06
Branch NMI98167 B = 9.50789e-05 M = 3.18779e-06
Branch NMI0357 B = 5.17436e-06 M = 1.26499e-06
Branch NMI9932 B = 0.00137573 M = 4.413e-05
Branch NMI97388 B = 6.20923e-05 M = 1.89329e-06
Branch NMI01221 B = 2.32846e-05 M = 2.5125e-06
Branch NMI9933 B = 6.46795e-06 M = 2.51041e-06
Branch NMI0249 B = 0.000159758 M = 1.01813e-05
Branch NMI97191 B = 9.37853e-05 M = 1.2686e-06
Branch NMI03289 B = 7.82622e-05 M = 6.87275e-06
Branch NMI9043 B = 2.58718e-06 M = 2.50953e-06
Branch NMI98154 B = 5.82115e-06 M = 5.62174e-06
Branch NMI02245 B = 1.94038e-06 M = 1.8877e-06
Branch NMI03192 B = 3.88077e-06 M = 3.75592e-06
Branch NMI97284 B = 4.52756e-06 M = 6.42668e-07
Branch NMI9654 B = 0.000212796 M = 7.38562e-06
Branch NMI98207 B = 7.76154e-06 M = 3.75466e-06
Branch NMI03155 B = 0.000222497 M = 4.40072e-06
Branch NMI04164 B = 3.88077e-06 M = 3.75529e-06
Branch NMI00160 B = 9.05513e-06 M = 4.37856e-06
Branch NMI9954 B = 5.43308e-05 M = 5.7771e-06
Branch NMI04135 B = 4.20417e-05 M = 2.09627e-06
Branch NMI0513 B = 3.23397e-06 M = 3.13251e-06
Branch NMI0994 B = 3.23397e-06 M = 1.26528e-06
Branch NMI98284 B = 3.88077e-06 M = 3.75459e-06
Branch NMI0595 B = 2.58718e-06 M = 6.42667e-07
Branch NMI00192 B = 5.17436e-06 M = 1.26516e-06
Branch NMI01247 B = 0.000146176 M = 1.27606e-06
Branch NMI03116 B = 3.23397e-06 M = 3.13319e-06
Branch NMI03224 B = 1.09955e-05 M = 6.86765e-06
Branch NMI92111 B = 1.03487e-05 M = 6.42781e-07
Branch NMI026 B = 4.07481e-05 M = 2.51698e-06
Branch NMI00180 B = 2.58718e-06 M = 2.51069e-06
Branch NMI98282 B = 3.23397e-06 M = 3.13341e-06
Branch NMI0430 B = 1.81103e-05 M = 1.88851e-06
Branch NMI00124 B = 4.52756e-06 M = 2.51093e-06
Branch NMI96277 B = 7.11474e-06 M = 5.00005e-06
Branch NMI03283 B = 0.000355737 M = 1.39901e-05
Branch NMI03253 B = 0.000470867 M = 2.63923e-06
Branch NMI138 B = 3.23397e-06 M = 3.13278e-06
Branch NMI997 B = 0.000237374 M = 7.17587e-06
Branch NMI0582 B = 1.87571e-05 M = 1.37901e-05
Branch NMI98206 B = 0.000102194 M = 1.90876e-06
Branch NMI0334 B = 3.23397e-06 M = 3.13257e-06
Branch NODE_1369 B = 0.001877 M = 4.9871e-05
Branch NODE_1370 B = 1.29359e-06 M = 1.26497e-06
Branch NODE_1371 B = 0.000335687 M = 1.29664e-05
Branch NODE_1372 B = 0.000183043 M = 8.10001e-06
Branch NODE_1374 B = 2.58718e-06 M = 1.39565e-06
Branch NODE_1375 B = 2.58718e-05 M = 4.38402e-06
Branch NODE_1376 B = 0.0011403 M = 2.4279e-05
Branch NODE_1377 B = 0.000905513 M = 1.21469e-05
Branch NODE_1378 B = 0.00151932 M = 2.26373e-05
Branch NODE_1379 B = 0.000811081 M = 1.63493e-05
Branch NODE_1380 B = 0.000201153 M = 2.93634e-06
Branch NODE_1381 B = 0.00139772 M = 2.44908e-05
Branch NODE_1382 B = 0.000783916 M = 9.80364e-06
Branch NODE_1385 B = 3.88077e-06 M = 3.75493e-06
Branch NODE_1388 B = 1.29359e-06 M = 1.26513e-06
Branch NODE_1391 B = 3.1693e-05 M = 1.26677e-06
Branch NODE_1392 B = 0.00125931 M = 1.55052e-05
Branch NODE_1394 B = 0.000100253 M = 4.93317e-06
Branch NODE_1395 B = 0.000979248 M = 2.14681e-05
Branch NODE_1396 B = 2.65186e-05 M = 1.26603e-06
Branch NODE_1397 B = 0.000162346 M = 1.17257e-06
Branch NODE_1398 B = 0.000124185 M = 5.02663e-06
Branch NODE_1399 B = 4.52756e-06 M = 4.37693e-06
Branch NODE_1401 B = 3.23397e-06 M = 3.1326e-06
Branch NODE_1405 B = 9.05513e-06 M = 6.43058e-07
Branch NODE_1407 B = 7.37346e-05 M = 4.38307e-06
Branch NODE_1408 B = 0.000408774 M = 1.32697e-05
Branch NODE_1409 B = 6.92071e-05 M = 2.513e-06
Branch NODE_1410 B = 0.000102194 M = 2.03052e-06
Branch NODE_1411 B = 0.000108662 M = 1.89459e-06
Branch NODE_1412 B = 8.47301e-05 M = 6.93799e-06
Branch NODE_1413 B = 0.000159112 M = 6.44658e-07
Branch NODE_1414 B = 0.000109955 M = 1.93919e-06
Branch NODE_1415 B = 5.17436e-06 M = 1.26489e-06
Branch NODE_1418 B = 3.88077e-06 M = 3.75476e-06
Branch NODE_1419 B = 0.00108597 M = 2.13078e-05
Branch NODE_1420 B = 0.000785209 M = 1.58349e-05
Branch NODE_1422 B = 0.000164286 M = 8.84039e-06
Branch NODE_1423 B = 0.000802026 M = 2.35315e-05
Branch NODE_1424 B = 0.000402953 M = 4.31608e-06
Branch NODE_1425 B = 1.29359e-06 M = 1.26528e-06
Branch NODE_1426 B = 4.20417e-05 M = 1.26699e-06
Branch NODE_1427 B = 0.000146822 M = 3.81099e-06
Branch NODE_1428 B = 0.000379022 M = 3.38499e-06
Branch NODE_1429 B = 8.40833e-06 M = 4.37774e-06
Branch NODE_1430 B = 9.7666e-05 M = 6.48222e-07
Branch NODE_1431 B = 0.00101223 M = 1.20574e-05
Branch NODE_1432 B = 3.23397e-06 M = 3.13242e-06
Branch NODE_1435 B = 2.58718e-06 M = 2.50981e-06
Branch NODE_1436 B = 1.94038e-06 M = 1.88726e-06
Branch NODE_1438 B = 7.17942e-05 M = 8.00618e-06
Branch NODE_1439 B = 0.000210855 M = 7.68254e-06
Branch NODE_1443 B = 0.000408128 M = 1.14797e-05
Branch NODE_1445 B = 0.000120951 M = 1.93457e-06
Branch NODE_1446 B = 1.94038e-06 M = 1.88723e-06
Branch NODE_1451 B = 0.000571767 M = 6.91016e-06
Branch NODE_1452 B = 3.55737e-05 M = 2.49112e-06
Branch NODE_1454 B = 0.000293645 M = 8.07061e-06
Branch NODE_1455 B = 0.000545248 M = 1.21996e-05
Branch NODE_1456 B = 2.5225e-05 M = 7.58242e-06
Branch NODE_1457 B = 0.000835012 M = 1.38736e-05
Branch NODE_1458 B = 4.52756e-06 M = 6.42668e-07
Branch NODE_1459 B = 0.000191451 M = 2.52839e-06
Branch NODE_1466 B = 2.39314e-05 M = 6.60245e-07
Branch NODE_1467 B = 1.29359e-06 M = 1.26496e-06
Branch NODE_1468 B = 0.000283943 M = 9.29198e-06
Branch NODE_1469 B = 0.000954023 M = 1.21127e-05
Branch NODE_1470 B = 7.95558e-05 M = 1.3354e-06
Branch NODE_1471 B = 1.94038e-06 M = 1.88719e-06
Branch NODE_1472 B = 0.000725704 M = 1.88743e-05
Branch NODE_1475 B = 2.8459e-05 M = 1.90798e-06
Branch NODE_1476 B = 7.30878e-05 M = 6.44875e-07
Branch NODE_1477 B = 4.52756e-06 M = 6.42668e-07
Branch NODE_1478 B = 3.23397e-05 M = 6.43598e-07
Branch NODE_1479 B = 7.76154e-06 M = 7.4902e-06
Branch NODE_1480 B = 0.000797498 M = 1.717e-05
Branch NODE_1481 B = 0.000510321 M = 3.13292e-06
Branch NODE_1482 B = 2.58718e-06 M = 6.42668e-07
Branch NODE_1483 B = 6.20923e-05 M = 6.43646e-07
Branch NODE_1486 B = 0.000155231 M = 1.26947e-06
Branch NODE_1487 B = 0.000247076 M = 3.5414e-06
Branch NODE_1488 B = 1.61699e-05 M = 1.26594e-06
Branch NODE_1489 B = 0.000308521 M = 6.97701e-06
Branch NODE_1491 B = 0.000569826 M = 1.2786e-05
Branch NODE_1494 B = 1.29359e-06 M = 1.26498e-06
Branch NODE_1495 B = 0.000759337 M = 1.31571e-05
Branch NODE_1496 B = 2.58718e-06 M = 2.50999e-06
Branch NODE_1497 B = 1.94038e-06 M = 1.88758e-06
Branch NODE_1499 B = 2.58718e-06 M = 2.50971e-06
Branch NODE_1502 B = 1.29359e-06 M = 1.26531e-06
Branch NODE_1504 B = 0.000162992 M = 1.27015e-06
Branch NODE_1508 B = 1.29359e-06 M = 1.26512e-06
Branch NODE_1509 B = 4.33353e-05 M = 1.17514e-06
Branch NODE_1510 B = 1.29359e-06 M = 1.26476e-06
Branch NODE_1511 B = 2.1991e-05 M = 4.37874e-06
Branch NODE_1512 B = 1.09955e-05 M = 2.51115e-06
Branch NODE_1513 B = 5.17436e-06 M = 4.99937e-06
Branch NODE_1514 B = 0.000139061 M = 1.92802e-06
Branch NODE_1519 B = 0.000450816 M = 5.70333e-06
Branch NODE_1520 B = 0.000276181 M = 3.83222e-06
Branch NODE_1521 B = 0.000131299 M = 1.27046e-06
Branch NODE_1523 B = 3.29865e-05 M = 2.40497e-06
Branch NODE_1525 B = 8.14962e-05 M = 7.48127e-07
Branch NODE_1526 B = 0.000140355 M = 8.36841e-06
Branch NODE_1527 B = 1.29359e-06 M = 1.26502e-06
Branch NODE_1528 B = 3.23397e-06 M = 1.89057e-06
Branch NODE_1529 B = 1.29359e-06 M = 1.2651e-06
Branch NODE_1531 B = 0.000107368 M = 1.26902e-06
Branch NODE_1532 B = 7.30878e-05 M = 1.26736e-06
Branch NODE_1534 B = 0.000109955 M = 6.5882e-07
Branch NODE_1535 B = 0.000610574 M = 4.89898e-06
Branch NODE_1537 B = 1.94038e-06 M = 1.88673e-06
Branch NODE_1538 B = 0.000134533 M = 3.22881e-06
Branch NODE_1540 B = 7.95558e-05 M = 5.58999e-06
Branch NODE_1541 B = 0.000241901 M = 6.58001e-06
Branch NODE_1542 B = 0.000636446 M = 1.86392e-05
Branch NODE_1543 B = 6.46795e-06 M = 6.24426e-06
Branch NODE_1544 B = 1.29359e-06 M = 1.26516e-06
Branch NODE_1546 B = 0.000181103 M = 4.14544e-06
Branch NODE_1547 B = 0.000488977 M = 3.45591e-06
Branch NODE_1548 B = 1.09955e-05 M = 3.13408e-06
Branch NODE_1549 B = 5.95051e-05 M = 4.388e-06
Branch NODE_1550 B = 0.000271007 M = 7.05273e-06
Branch NODE_1552 B = 0.000712768 M = 6.27821e-06
Branch NODE_1555 B = 1.94038e-06 M = 1.88846e-06
Branch NODE_1556 B = 0.000116423 M = 3.14537e-06
Branch NODE_1557 B = 0.000136474 M = 3.7336e-06
Branch NODE_1558 B = 1.29359e-06 M = 1.26488e-06
Branch NODE_1559 B = 1.94038e-06 M = 6.43548e-07
Branch NODE_1560 B = 0.000310462 M = 4.15917e-06
Branch NODE_1561 B = 2.58718e-06 M = 2.51004e-06
Branch NODE_1562 B = 2.58718e-06 M = 2.50988e-06
Branch NODE_1563 B = 1.94038e-06 M = 1.88714e-06
Branch NODE_1565 B = 7.11474e-05 M = 3.13675e-06
Branch NODE_1566 B = 3.88077e-06 M = 3.75502e-06
Branch NODE_1567 B = 0.000110602 M = 6.64694e-06
Branch NODE_1568 B = 0.000188864 M = 4.54404e-06
Branch NODE_1569 B = 0.000150056 M = 1.28426e-06
Branch NODE_1572 B = 1.29359e-06 M = 1.2649e-06
Branch NODE_1574 B = 1.29359e-06 M = 1.26507e-06
Branch NODE_1576 B = 0.000595051 M = 1.29971e-05
Branch NODE_1581 B = 5.82115e-05 M = 2.50285e-06
Branch NODE_1583 B = 3.88077e-06 M = 3.75573e-06
Branch NODE_1584 B = 0.000333099 M = 1.31479e-06
Branch NODE_1587 B = 5.82115e-06 M = 5.62277e-06
Branch NODE_1588 B = 1.16423e-05 M = 1.26215e-06
Branch NODE_1589 B = 7.17942e-05 M = 1.31228e-06
Branch NODE_1590 B = 4.52756e-06 M = 4.37721e-06
Branch NODE_1595 B = 3.03994e-05 M = 6.43078e-07
Branch NODE_1596 B = 1.68167e-05 M = 1.46253e-06
Branch NODE_1597 B = 0.000291705 M = 3.16186e-06
Branch NODE_1598 B = 1.94038e-06 M = 1.8876e-06
Branch NODE_1599 B = 3.23397e-06 M = 3.13133e-06
Branch NODE_1600 B = 3.75141e-05 M = 1.26861e-06
Branch NODE_1601 B = 2.58718e-06 M = 6.42668e-07
Branch NODE_1603 B = 0.000132593 M = 5.02288e-06
Branch NODE_1606 B = 1.94038e-06 M = 1.88777e-06
Branch NODE_1607 B = 4.91564e-05 M = 1.09199e-06
Branch NODE_1608 B = 0.00058729 M = 7.61596e-06
Branch NODE_1609 B = 0.000327278 M = 6.48402e-06
Branch NODE_1612 B = 0.00011513 M = 1.26833e-06
Branch NODE_1614 B = 8.34366e-05 M = 2.59331e-06
Branch NODE_1615 B = 1.29359e-06 M = 1.26536e-06
Branch NODE_1618 B = 6.20923e-05 M = 7.15492e-07
Branch NODE_1619 B = 6.46795e-05 M = 1.89191e-06
Branch NODE_1621 B = 4.52756e-06 M = 6.42668e-07
Branch NODE_1622 B = 0.000119657 M = 1.89377e-06
Branch NODE_1625 B = 0.000457931 M = 8.42586e-06
Branch NODE_1626 B = 0.000546542 M = 7.28665e-06
Branch NODE_1627 B = 0.000117717 M = 1.2716e-06
Branch NODE_1629 B = 1.29359e-06 M = 1.2652e-06
Branch NODE_1630 B = 8.60237e-05 M = 3.76696e-06
Branch NODE_1631 B = 0.00037126 M = 7.97422e-06
Branch NODE_1632 B = 0.000681722 M = 2.10824e-05
Branch NODE_1635 B = 9.05513e-06 M = 2.03171e-06
Branch NODE_1636 B = 0.000465046 M = 1.25087e-05
Branch NODE_1637 B = 3.88077e-05 M = 3.85245e-06
Branch NODE_1638 B = 0.000137767 M = 6.70908e-07
Branch NODE_1639 B = 4.52756e-06 M = 6.42668e-07
Branch NODE_1640 B = 0.000106721 M = 5.59013e-06
Branch NODE_1641 B = 1.74635e-05 M = 1.43957e-06
Branch NODE_1643 B = 3.49269e-05 M = 7.63447e-06
Branch NODE_1644 B = 6.66199e-05 M = 2.5159e-06
Branch NODE_1645 B = 1.94038e-06 M = 1.88774e-06
Branch NODE_1646 B = 4.20417e-05 M = 3.49147e-06
Branch NODE_1649 B = 2.58718e-06 M = 2.51086e-06
Branch NODE_1650 B = 1.03487e-05 M = 7.13625e-06
Branch NODE_1652 B = 8.40833e-06 M = 8.11112e-06
Branch NODE_1653 B = 0.000320164 M = 4.37796e-06
Branch NODE_1654 B = 2.71654e-05 M = 2.27187e-06
Branch NODE_1655 B = 5.43308e-05 M = 1.26742e-06
Branch NODE_1657 B = 0.000302053 M = 4.60736e-06
Branch NODE_1658 B = 4.52756e-06 M = 6.42668e-07
Branch NODE_1660 B = 1.29359e-06 M = 1.26511e-06
Branch NODE_1661 B = 8.08494e-05 M = 3.65845e-06
Branch NODE_1662 B = 3.94545e-05 M = 1.56838e-06
Branch NODE_1664 B = 1.94038e-06 M = 1.88741e-06
Branch NODE_1665 B = 6.53263e-05 M = 1.27958e-06
Branch NODE_1666 B = 1.29359e-06 M = 1.26482e-06
Branch NODE_1667 B = 0.000201153 M = 3.49089e-06
Branch NODE_1668 B = 0.000221204 M = 3.22225e-06
Branch NODE_1669 B = 0.000134533 M = 6.52661e-07
Branch NODE_1670 B = 1.03487e-05 M = 1.27984e-06
Branch NODE_1671 B = 0.000581469 M = 1.77535e-05
Branch NODE_1672 B = 4.26885e-05 M = 1.27965e-06
Branch NODE_1673 B = 1.55231e-05 M = 6.43884e-07
Branch NODE_1674 B = 6.07987e-05 M = 3.14164e-06
Branch NODE_1676 B = 0.000342155 M = 6.65464e-06
Branch NODE_1679 B = 6.46795e-06 M = 6.45386e-07
Branch NODE_1680 B = 9.24917e-05 M = 1.78735e-06
Branch NODE_1682 B = 1.94038e-06 M = 1.88824e-06
Branch NODE_1684 B = 2.39314e-05 M = 6.4383e-07
Branch NODE_1685 B = 3.88077e-06 M = 3.75537e-06
Branch NODE_1690 B = 1.94038e-06 M = 1.88754e-06
Branch NODE_1691 B = 4.52756e-06 M = 6.42668e-07
Branch NODE_1694 B = 4.52756e-06 M = 6.42668e-07
Branch NODE_1695 B = 1.29359e-06 M = 1.26491e-06
Branch NODE_1696 B = 4.52756e-06 M = 6.42668e-07
Branch NODE_1698 B = 1.29359e-06 M = 1.26492e-06
Branch NODE_1699 B = 1.94038e-06 M = 1.88726e-06
Branch NODE_1700 B = 1.29359e-06 M = 1.26504e-06
Branch NODE_1703 B = 2.06974e-05 M = 1.88495e-06
Branch NODE_1704 B = 1.94038e-06 M = 1.88824e-06
Branch NODE_1707 B = 1.94038e-06 M = 1.8874e-06
Branch NODE_1711 B = 1.94038e-06 M = 1.88795e-06
Branch NODE_1716 B = 2.58718e-06 M = 2.50934e-06
Branch NODE_1717 B = 7.11474e-06 M = 3.1336e-06
Branch NODE_1718 B = 1.29359e-06 M = 1.26496e-06
Branch NODE_1721 B = 0.000274241 M = 2.5244e-06
Branch NODE_1724 B = 0.000135827 M = 8.85285e-06
Branch NODE_1727 B = 7.76154e-06 M = 1.26619e-06
Branch NODE_1728 B = 4.07481e-05 M = 6.44767e-07
Branch NODE_1729 B = 1.29359e-05 M = 6.8923e-07
Branch NODE_1731 B = 1.94038e-06 M = 1.88769e-06
Branch NODE_1732 B = 0.000562712 M = 1.07845e-05
Branch NODE_1733 B = 4.52756e-06 M = 6.4286e-07
Branch NODE_1734 B = 1.29359e-06 M = 1.26467e-06
Branch NODE_1736 B = 4.78628e-05 M = 1.26611e-06
Branch NODE_1737 B = 7.50282e-05 M = 6.71313e-06
Branch NODE_1738 B = 1.94038e-05 M = 2.18825e-06
Branch NODE_1739 B = 6.66199e-05 M = 7.03308e-06
Branch NODE_1740 B = 4.7216e-05 M = 1.89031e-06
Branch NODE_1741 B = 1.48763e-05 M = 1.89589e-06
Branch NODE_1742 B = 0.000109955 M = 1.90023e-06
Branch NODE_1743 B = 4.7216e-05 M = 8.12996e-06
Branch NODE_1745 B = 9.37853e-05 M = 2.53664e-06
Branch NODE_1748 B = 0.000278769 M = 1.0151e-06
Branch NODE_1749 B = 2.5225e-05 M = 1.74012e-06
Branch NODE_1750 B = 1.29359e-06 M = 1.26513e-06
Branch NODE_1751 B = 1.29359e-06 M = 1.26508e-06
Branch NODE_1752 B = 0.000114483 M = 1.65119e-06
Branch NODE_1754 B = 3.23397e-06 M = 3.13288e-06
Branch NODE_1755 B = 0.000180456 M = 6.48126e-07
Branch NODE_1756 B = 4.52756e-06 M = 6.42668e-07
Branch NODE_1758 B = 2.58718e-06 M = 2.51051e-06
Branch NODE_1759 B = 1.29359e-06 M = 1.26511e-06
Branch NODE_1760 B = 2.26378e-05 M = 4.43301e-06
Branch NODE_1761 B = 1.48763e-05 M = 1.26575e-06
Branch NODE_1762 B = 4.52756e-06 M = 4.37772e-06
Branch NODE_1763 B = 4.52756e-06 M = 4.37707e-06
Branch NODE_1764 B = 0.000260012 M = 3.80564e-06
Branch NODE_1766 B = 1.94038e-06 M = 1.88777e-06
Branch NODE_1769 B = 5.82115e-06 M = 5.62204e-06
Branch NODE_1770 B = 1.29359e-06 M = 1.26496e-06
Branch NODE_1772 B = 2.39314e-05 M = 3.75914e-06
Branch NODE_1773 B = 0.00058923 M = 2.60117e-05
Branch NODE_1774 B = 0.000260012 M = 1.35135e-05
Branch NODE_1776 B = 0.000329865 M = 1.02865e-05
Branch NODE_1778 B = 0.000498679 M = 8.62448e-06
Branch NODE_1780 B = 0.000217323 M = 1.28196e-06
Branch NODE_1781 B = 0.00040554 M = 9.24213e-06
Branch NODE_1782 B = 1.29359e-06 M = 1.26591e-06
Branch NODE_1783 B = 7.76154e-06 M = 1.88745e-06
Branch NODE_1784 B = 1.94038e-06 M = 1.88757e-06
Branch NODE_1786 B = 0.000117717 M = 1.85078e-06
Branch NODE_1787 B = 1.29359e-06 M = 1.26503e-06
Branch NODE_1788 B = 0.000292351 M = 1.38135e-05
Branch NODE_1790 B = 3.23397e-06 M = 6.42668e-07
Branch NODE_1793 B = 1.29359e-06 M = 1.26503e-06
Branch NODE_1794 B = 0.000311108 M = 7.66733e-06
Branch NODE_1795 B = 1.74635e-05 M = 6.43345e-07
Branch NODE_1796 B = 5.10968e-05 M = 2.55421e-06
Branch NODE_1797 B = 0.000106074 M = 3.76773e-06
Branch NODE_1798 B = 6.14455e-05 M = 1.90205e-06
Branch NODE_1799 B = 0.000299466 M = 5.52243e-06
Branch NODE_1800 B = 0.000469573 M = 2.53067e-06
Branch NODE_1801 B = 0.000188217 M = 1.33437e-05
Branch NODE_1802 B = 0.000137121 M = 4.24366e-06
Branch NODE_1803 B = 0.000364792 M = 1.18594e-05
Branch NODE_1804 B = 1.55231e-05 M = 6.42919e-07
Branch NODE_1805 B = 8.40833e-06 M = 1.73102e-06
Branch NODE_1808 B = 0.000248369 M = 4.34225e-06
Branch NODE_1809 B = 1.29359e-06 M = 1.26517e-06
Branch NODE_1811 B = 3.88077e-06 M = 1.88848e-06
Branch NODE_1812 B = 1.55231e-05 M = 9.98149e-06
Branch NODE_1813 B = 0.000128712 M = 2.58879e-06
Branch NODE_1816 B = 4.52756e-06 M = 6.42668e-07
Branch NODE_1817 B = 0.000192098 M = 5.10663e-06
Branch NODE_1818 B = 5.62712e-05 M = 3.02966e-06
Branch NODE_1821 B = 6.01519e-05 M = 1.11058e-06
Branch NODE_1822 B = 0.000239961 M = 2.6297e-06
Branch NODE_1823 B = 0.000136474 M = 2.65792e-06
Branch NODE_1824 B = 0.000307874 M = 1.08052e-05
Branch NODE_1827 B = 0.000338274 M = 4.11402e-06
Branch NODE_1828 B = 5.62712e-05 M = 1.88891e-06
Branch NODE_1829 B = 9.05513e-06 M = 6.42928e-07
Branch NODE_1830 B = 9.05513e-06 M = 6.43014e-07
Branch NODE_1831 B = 7.50282e-05 M = 6.87888e-06
Branch NODE_1834 B = 3.23397e-06 M = 3.13233e-06
Branch NODE_1835 B = 5.17436e-06 M = 2.67688e-06
Branch NODE_1837 B = 0.000467633 M = 1.96634e-05
Branch NODE_1838 B = 5.17436e-06 M = 1.26507e-06
Branch NODE_1840 B = 0.000314989 M = 7.12605e-06
Branch NODE_1841 B = 3.23397e-06 M = 1.26429e-06
Branch NODE_1842 B = 3.03994e-05 M = 1.52666e-06
Branch NODE_1843 B = 1.94038e-06 M = 1.88786e-06
Branch NODE_1844 B = 0.000130653 M = 1.88718e-06
Branch NODE_1845 B = 3.88077e-06 M = 1.26569e-06
Branch NODE_1846 B = 3.55737e-05 M = 6.46038e-07
Branch NODE_1848 B = 1.94038e-06 M = 1.88758e-06
Branch NODE_1850 B = 1.61699e-05 M = 6.42802e-07
Branch NODE_1851 B = 3.81609e-05 M = 1.37381e-06
Branch NODE_1853 B = 1.94038e-06 M = 6.43491e-07
Branch NODE_1856 B = 1.94038e-06 M = 6.43491e-07
Branch NODE_1861 B = 5.045e-05 M = 1.89891e-06
Branch NODE_1863 B = 0.000156524 M = 6.94782e-06
Branch NODE_1864 B = 0.000297526 M = 5.10813e-06
Branch NODE_1865 B = 4.52756e-06 M = 6.42668e-07
Branch NODE_1866 B = 1.29359e-06 M = 1.26595e-06
Branch NODE_1868 B = 0.000182396 M = 4.41621e-06
Branch NODE_1869 B = 1.29359e-06 M = 1.2645e-06
Branch NODE_1871 B = 0.000267773 M = 2.14018e-06
Branch NODE_1874 B = 0.000130006 M = 7.28086e-06
Branch NODE_1876 B = 1.29359e-06 M = 1.26506e-06
Branch NODE_1878 B = 4.52756e-06 M = 6.42668e-07
Branch NODE_1880 B = 4.52756e-06 M = 6.42668e-07
Branch NODE_1881 B = 3.23397e-06 M = 3.13234e-06
Branch NODE_1882 B = 2.26378e-05 M = 1.26713e-06
Branch NODE_1883 B = 0.000258071 M = 4.08829e-06
Branch NODE_1885 B = 1.29359e-06 M = 1.26509e-06
Branch NODE_1887 B = 3.36333e-05 M = 1.26553e-06
Branch NODE_1889 B = 1.29359e-06 M = 1.26581e-06
Branch NODE_1890 B = 5.82115e-06 M = 1.88827e-06
Branch NODE_1892 B = 1.29359e-06 M = 1.26554e-06
Branch NODE_1893 B = 5.30372e-05 M = 1.26659e-06
Branch NODE_1894 B = 1.29359e-06 M = 1.26528e-06
Branch NODE_1897 B = 0.000206328 M = 1.06057e-05
Branch NODE_1898 B = 1.29359e-06 M = 1.26502e-06
Branch NODE_1899 B = 1.29359e-06 M = 1.26487e-06
Branch NODE_1901 B = 0.000193392 M = 4.48029e-06
Branch NODE_1902 B = 1.68167e-05 M = 1.89069e-06
Branch NODE_1903 B = 0.000238667 M = 9.72755e-06
Branch NODE_1905 B = 2.26378e-05 M = 7.271e-06
Branch NODE_1906 B = 1.29359e-06 M = 1.26501e-06
Branch NODE_1907 B = 0.000243195 M = 4.2889e-06
Branch NODE_1909 B = 0.000235433 M = 9.73633e-06
Branch NODE_1911 B = 0.000194038 M = 3.77072e-06
Branch NODE_1913 B = 4.65692e-05 M = 1.6628e-06
Branch NODE_1914 B = 3.68673e-05 M = 1.27131e-06
Branch NODE_1915 B = 0.000243842 M = 4.08205e-06
Branch NODE_1917 B = 5.56244e-05 M = 1.89053e-06
Branch NODE_1920 B = 8.79641e-05 M = 4.41658e-06
Branch NODE_1921 B = 0.000140355 M = 3.45252e-06
Branch NODE_1924 B = 1.48763e-05 M = 1.88823e-06
Branch NODE_1925 B = 0.000141648 M = 6.48218e-06
Branch NODE_1928 B = 3.88077e-06 M = 3.75543e-06
Branch NODE_1930 B = 0.000303347 M = 1.16637e-05
Branch NODE_1933 B = 1.29359e-06 M = 1.26537e-06
Branch NODE_1934 B = 4.52756e-06 M = 6.42668e-07
Branch NODE_1935 B = 0.000137121 M = 9.9002e-07
Branch NODE_1936 B = 4.52756e-06 M = 1.26518e-06
Branch NODE_1937 B = 9.70192e-06 M = 1.89027e-06
Branch NODE_1938 B = 8.40833e-05 M = 2.47455e-06
Branch NODE_1939 B = 1.22891e-05 M = 6.43526e-07
Branch NODE_1940 B = 0.000294292 M = 9.80132e-06
Branch NODE_1941 B = 8.60237e-05 M = 2.51658e-06
Branch NODE_1942 B = 0.000141648 M = 1.00222e-05
Branch NODE_1943 B = 5.95051e-05 M = 6.44493e-07
Branch NODE_1944 B = 9.50789e-05 M = 6.47214e-07
Branch NODE_1945 B = 7.11474e-05 M = 1.84369e-06
Branch NODE_1946 B = 0.000360265 M = 2.7207e-05
Branch NODE_1947 B = 0.000345389 M = 1.23994e-05
Branch NODE_1948 B = 0.000202447 M = 3.21414e-06
Branch NODE_1950 B = 1.29359e-06 M = 1.26475e-06
Branch NODE_1953 B = 0.000139061 M = 5.43628e-06
Branch NODE_1954 B = 7.8909e-05 M = 9.40168e-06
Branch NODE_1955 B = 1.29359e-06 M = 1.26537e-06
Branch NODE_1956 B = 7.69686e-05 M = 2.61838e-06
Branch NODE_1957 B = 1.61699e-05 M = 6.44628e-07
Branch NODE_1958 B = 0.000101547 M = 6.45353e-07
Branch NODE_1959 B = 6.14455e-05 M = 3.14258e-06
Branch NODE_1960 B = 2.58718e-06 M = 2.51047e-06
Branch NODE_1961 B = 3.88077e-06 M = 3.75519e-06
Branch NODE_1962 B = 1.09955e-05 M = 6.48345e-07
Branch NODE_1963 B = 3.10462e-05 M = 1.05204e-06
Branch NODE_1964 B = 2.91058e-05 M = 5.6251e-06
Branch NODE_1965 B = 0.000101547 M = 7.70139e-06
Branch NODE_1966 B = 4.52756e-06 M = 6.42668e-07
Branch NODE_1967 B = 6.59731e-05 M = 9.61403e-07
Branch NODE_1968 B = 0.000260012 M = 8.64847e-06
Branch NODE_1969 B = 8.08494e-05 M = 2.37923e-06
Branch NODE_1970 B = 6.98539e-05 M = 3.13938e-06
Branch NODE_1971 B = 0.000170754 M = 5.7325e-06
Branch NODE_1972 B = 2.78122e-05 M = 2.51691e-06
Branch NODE_1973 B = 1.94038e-06 M = 1.88764e-06
Branch NODE_1974 B = 5.62712e-05 M = 7.63383e-07
Branch NODE_1977 B = 5.17436e-06 M = 1.26541e-06
Branch NODE_1978 B = 4.39821e-05 M = 3.75818e-06
Branch NODE_1982 B = 3.23397e-06 M = 6.4277e-07
Branch NODE_1983 B = 0.00016752 M = 2.56624e-06
Branch NODE_1985 B = 1.16423e-05 M = 1.33317e-06
Branch NODE_1986 B = 4.52756e-06 M = 6.42668e-07
Branch NODE_1987 B = 7.11474e-06 M = 6.86721e-06
Branch NODE_1988 B = 3.42801e-05 M = 1.36492e-06
Branch NODE_1990 B = 3.94545e-05 M = 6.59301e-07
Branch NODE_1991 B = 0.000259365 M = 9.7152e-06
Branch NODE_1993 B = 0.000280062 M = 1.01592e-05
Branch NODE_1994 B = 4.85096e-05 M = 3.76231e-06
Branch NODE_1995 B = 3.81609e-05 M = 2.87293e-06
Branch NODE_1996 B = 0.000153937 M = 8.57703e-06
Branch NODE_1997 B = 0.000139708 M = 7.43847e-07
Branch NODE_1999 B = 0.00016752 M = 3.85095e-06
Branch NODE_2000 B = 3.23397e-06 M = 3.13314e-06
Branch NODE_2002 B = 5.17436e-06 M = 1.26504e-06
Branch NODE_2003 B = 1.94038e-06 M = 6.44278e-07
Branch NODE_2007 B = 9.05513e-06 M = 5.00116e-06
Branch NODE_2008 B = 2.58718e-06 M = 2.50928e-06
Branch NODE_2009 B = 1.94038e-06 M = 1.88731e-06
Branch NODE_2010 B = 0.000346682 M = 4.92842e-06
Branch NODE_2012 B = 1.29359e-06 M = 1.26507e-06
Branch NODE_2013 B = 2.58718e-06 M = 6.42974e-07
Branch NODE_2015 B = 0.000195979 M = 7.404e-06
Branch NODE_2016 B = 2.13442e-05 M = 3.13894e-06
Branch NODE_2017 B = 1.87571e-05 M = 4.04622e-06
Branch NODE_2018 B = 5.82115e-06 M = 1.88756e-06
Branch NODE_2019 B = 2.26378e-05 M = 1.88525e-06
Branch NODE_2023 B = 7.05007e-05 M = 2.03056e-06
Branch NODE_2025 B = 0.000103487 M = 8.43902e-06
Branch NODE_2026 B = 8.40833e-06 M = 6.42798e-07
Branch NODE_2028 B = 0.000239961 M = 9.55051e-06
Branch NODE_2029 B = 1.94038e-06 M = 1.88764e-06
Branch NODE_2030 B = 2.91058e-05 M = 5.62761e-06
Branch NODE_2032 B = 0.000104134 M = 3.95196e-06
Branch NODE_2033 B = 1.94038e-06 M = 1.88782e-06
Branch NODE_2034 B = 1.29359e-06 M = 1.26533e-06
Branch NODE_2036 B = 0.00023608 M = 3.33484e-06
Branch NODE_2037 B = 0.000164933 M = 5.75757e-06
Branch NODE_2038 B = 5.17436e-05 M = 2.51529e-06
Branch NODE_2040 B = 5.88583e-05 M = 5.08592e-06
Branch NODE_2041 B = 0.000112542 M = 2.51699e-06
Branch NODE_2042 B = 0.000198566 M = 4.59212e-06
Branch NODE_2043 B = 5.17436e-06 M = 6.42823e-07
Branch NODE_2045 B = 5.82115e-06 M = 1.88757e-06
Branch NODE_2047 B = 0.000224438 M = 3.87356e-06
Branch NODE_2049 B = 1.29359e-06 M = 1.26539e-06
Branch NODE_2052 B = 9.63725e-05 M = 6.6395e-06
Branch NODE_2056 B = 1.16423e-05 M = 1.12254e-05
Branch NODE_2057 B = 0.000194038 M = 5.34068e-06
Branch NODE_2058 B = 1.94038e-06 M = 1.8876e-06
Branch NODE_2062 B = 4.52756e-06 M = 6.42668e-07
Branch NODE_2063 B = 0.000197272 M = 1.89521e-06
Branch NODE_2064 B = 2.97526e-05 M = 6.4748e-07
Branch NODE_2065 B = 0.000176575 M = 9.00657e-06
Branch NODE_2070 B = 1.29359e-06 M = 1.2651e-06
Branch NODE_2072 B = 1.55231e-05 M = 1.10122e-06
Branch NODE_2073 B = 7.11474e-06 M = 6.86751e-06
Branch NODE_2074 B = 0.000141001 M = 3.81617e-06
Branch NODE_2075 B = 4.52756e-06 M = 6.42668e-07
Branch NODE_2078 B = 2.39314e-05 M = 2.51143e-06
Branch NODE_2081 B = 5.62712e-05 M = 4.78988e-06
Branch NODE_2082 B = 9.05513e-06 M = 6.62239e-07
Branch NODE_2083 B = 1.29359e-06 M = 1.26533e-06
Branch NODE_2084 B = 8.92577e-05 M = 2.54443e-06
Branch NODE_2085 B = 2.8459e-05 M = 3.08235e-06
Branch NODE_2086 B = 4.20417e-05 M = 6.52292e-07
Branch NODE_2087 B = 0.000107368 M = 4.80823e-06
Branch NODE_2088 B = 5.3684e-05 M = 9.36714e-06
Branch NODE_2089 B = 0.000175928 M = 1.22476e-05
Branch NODE_2090 B = 6.33859e-05 M = 1.27789e-06
Branch NODE_2092 B = 8.73173e-05 M = 1.41573e-05
Branch NODE_2093 B = 0.000173341 M = 3.08754e-06
Branch NODE_2094 B = 4.52756e-06 M = 6.42668e-07
Branch NODE_2095 B = 4.52756e-05 M = 1.26706e-06
Branch NODE_2096 B = 5.56244e-05 M = 3.0486e-06
Branch NODE_2097 B = 3.88077e-06 M = 3.75434e-06
Branch NODE_2099 B = 0.000177222 M = 6.41359e-06
Branch NODE_2100 B = 0.00011513 M = 3.20521e-06
Branch NODE_2102 B = 7.30878e-05 M = 5.6287e-06
Branch NODE_2103 B = 4.7216e-05 M = 5.00396e-06
Branch NODE_2104 B = 2.5225e-05 M = 8.11645e-06
Branch NODE_2105 B = 1.29359e-06 M = 1.26478e-06
Branch NODE_2106 B = 1.68167e-05 M = 6.75529e-07
Branch NODE_2108 B = 1.29359e-06 M = 1.26533e-06
Branch NODE_2109 B = 2.5225e-05 M = 6.43839e-07
Branch NODE_2110 B = 4.52756e-06 M = 6.42668e-07
Branch NODE_2113 B = 3.23397e-06 M = 6.42757e-07
Branch NODE_2115 B = 0.000194038 M = 6.8844e-07
Branch NODE_2116 B = 1.03487e-05 M = 6.43135e-07
Branch NODE_2117 B = 5.17436e-06 M = 5.00021e-06
Branch NODE_2118 B = 1.94038e-06 M = 1.88742e-06
Branch NODE_2121 B = 1.29359e-06 M = 1.26538e-06
Branch NODE_2122 B = 5.17436e-06 M = 1.26559e-06
Branch NODE_2126 B = 4.39821e-05 M = 1.0189e-05
Branch NODE_2128 B = 9.37853e-05 M = 6.45531e-07
Branch NODE_2129 B = 0.000176575 M = 1.86655e-06
Branch NODE_2130 B = 1.29359e-06 M = 1.26496e-06
Branch NODE_2131 B = 1.29359e-06 M = 1.26532e-06
Branch NODE_2132 B = 0.000117717 M = 3.14918e-06
Branch NODE_2134 B = 8.40833e-06 M = 6.42729e-07
Branch NODE_2140 B = 1.29359e-06 M = 1.2655e-06
Branch NODE_2143 B = 7.2441e-05 M = 6.43832e-07
Branch NODE_2144 B = 1.74635e-05 M = 1.63604e-06
Branch NODE_2145 B = 1.09955e-05 M = 4.38757e-06
Branch NODE_2146 B = 1.29359e-06 M = 1.26517e-06
Branch NODE_2147 B = 6.46795e-06 M = 6.24264e-06
Branch NODE_2148 B = 7.11474e-06 M = 3.13318e-06
Branch NODE_2149 B = 1.61699e-05 M = 6.43469e-07
Branch NODE_2150 B = 8.02026e-05 M = 1.89201e-06
Branch NODE_2151 B = 2.00506e-05 M = 1.24329e-06
Branch NODE_2152 B = 1.94038e-06 M = 1.88721e-06
Branch NODE_2154 B = 4.52756e-06 M = 6.42668e-07
Branch NODE_2159 B = 1.29359e-06 M = 1.26493e-06
Branch NODE_2161 B = 6.53263e-05 M = 2.48036e-06
Branch NODE_2164 B = 1.94038e-05 M = 6.43447e-07
Branch NODE_2167 B = 2.26378e-05 M = 2.57784e-06
Branch NODE_2168 B = 0.000122244 M = 2.63117e-06
Branch NODE_2170 B = 1.29359e-06 M = 1.26443e-06
Branch NODE_2171 B = 2.58718e-06 M = 2.51065e-06
Branch NODE_2173 B = 1.29359e-06 M = 1.26586e-06
Branch NODE_2174 B = 1.29359e-06 M = 1.26534e-06
Branch NODE_2175 B = 0.000231553 M = 1.38806e-05
Branch NODE_2176 B = 0.000103487 M = 2.77605e-06
Branch NODE_2181 B = 3.88077e-06 M = 1.2725e-06
Branch NODE_2182 B = 7.11474e-06 M = 1.26476e-06
Branch NODE_2183 B = 1.94038e-06 M = 1.88768e-06
Branch NODE_2184 B = 0.0001009 M = 5.82591e-06
Branch NODE_2187 B = 6.46795e-06 M = 1.27871e-06
Branch NODE_2189 B = 2.06974e-05 M = 1.28786e-06
Branch NODE_2190 B = 1.29359e-06 M = 1.26495e-06
Branch NODE_2191 B = 0.000166226 M = 6.59435e-07
Branch NODE_2192 B = 2.91058e-05 M = 6.43399e-07
Branch NODE_2193 B = 1.61699e-05 M = 6.24616e-06
Branch NODE_2195 B = 1.55231e-05 M = 6.4347e-07
Branch NODE_2196 B = 2.39314e-05 M = 4.29018e-06
Branch NODE_2197 B = 2.91058e-05 M = 1.89289e-06
Branch NODE_2198 B = 0.000146822 M = 5.54502e-06
Branch NODE_2199 B = 0.00016752 M = 4.51378e-06
Branch NODE_2200 B = 1.94038e-06 M = 1.88781e-06
Branch NODE_2203 B = 8.2143e-05 M = 3.47533e-06
Branch NODE_2204 B = 0.000123538 M = 1.89246e-06
Branch NODE_2205 B = 0.000150703 M = 3.79964e-06
Branch NODE_2206 B = 3.88077e-05 M = 6.57447e-07
Branch NODE_2209 B = 7.76154e-06 M = 7.49017e-06
Branch NODE_2210 B = 1.42295e-05 M = 8.61688e-06
Branch NODE_2214 B = 4.13949e-05 M = 3.93486e-06
Branch NODE_2215 B = 1.94038e-06 M = 6.52351e-07
Branch NODE_2216 B = 5.17436e-06 M = 6.42748e-07
Branch NODE_2217 B = 2.71654e-05 M = 1.26559e-06
Branch NODE_2218 B = 0.000173341 M = 2.73025e-06
Branch NODE_2220 B = 7.11474e-05 M = 3.76018e-06
Branch NODE_2221 B = 6.07987e-05 M = 2.23892e-06
Branch NODE_2222 B = 3.36333e-05 M = 2.69796e-06
Branch NODE_2223 B = 1.16423e-05 M = 4.9956e-06
Branch NODE_2224 B = 1.29359e-06 M = 1.26488e-06
Branch NODE_2226 B = 8.2143e-05 M = 1.41884e-06
Branch NODE_2228 B = 1.87571e-05 M = 7.20547e-07
Branch NODE_2229 B = 2.8459e-05 M = 6.42978e-07
Branch NODE_2234 B = 3.42801e-05 M = 5.18504e-06
Branch NODE_2236 B = 2.78122e-05 M = 6.43805e-07
Branch NODE_2237 B = 5.95051e-05 M = 2.51621e-06
Branch NODE_2240 B = 0.000186924 M = 3.43948e-06
Branch NODE_2241 B = 4.39821e-05 M = 1.26801e-06
Branch NODE_2242 B = 1.94038e-06 M = 1.88775e-06
Branch NODE_2243 B = 1.94038e-06 M = 1.8874e-06
Branch NODE_2244 B = 5.17436e-06 M = 1.26567e-06
Branch NODE_2245 B = 5.82115e-06 M = 5.62205e-06
Branch NODE_2246 B = 2.06974e-05 M = 6.4296e-07
Branch NODE_2247 B = 9.05513e-06 M = 6.42816e-07
Branch NODE_2248 B = 4.26885e-05 M = 1.9449e-06
Branch NODE_2249 B = 3.23397e-06 M = 6.42668e-07
Branch NODE_2250 B = 3.10462e-05 M = 2.51266e-06
Branch NODE_2254 B = 1.94038e-06 M = 1.88754e-06
Branch NODE_2257 B = 0.000111249 M = 8.24737e-06
Branch NODE_2260 B = 3.23397e-06 M = 3.13282e-06
Branch NODE_2262 B = 2.58718e-06 M = 6.42667e-07
Branch NODE_2264 B = 1.29359e-06 M = 1.26479e-06
Branch NODE_2265 B = 3.68673e-05 M = 1.97038e-06
Branch NODE_2266 B = 1.29359e-06 M = 1.26515e-06
Branch NODE_2267 B = 3.88077e-06 M = 3.75443e-06
Branch NODE_2268 B = 9.70192e-06 M = 1.27161e-06
Branch NODE_2269 B = 5.3684e-05 M = 6.43165e-07
Branch NODE_2271 B = 1.94038e-06 M = 6.43465e-07
Branch NODE_2273 B = 2.58718e-06 M = 2.51036e-06
Branch NODE_2274 B = 1.09955e-05 M = 4.11861e-06
Branch NODE_2277 B = 4.52756e-06 M = 4.37727e-06
Branch NODE_2278 B = 8.73173e-05 M = 1.28733e-06
Branch NODE_2279 B = 2.1991e-05 M = 4.64972e-06
Branch NODE_2280 B = 1.94038e-06 M = 1.88829e-06
Branch NODE_2281 B = 3.88077e-06 M = 6.45677e-07
Branch NODE_2282 B = 4.52756e-06 M = 4.37719e-06
Branch NODE_2283 B = 4.13949e-05 M = 2.5747e-06
Branch NODE_2284 B = 2.97526e-05 M = 3.08255e-06
Branch NODE_2290 B = 1.29359e-06 M = 1.26466e-06
Branch NODE_2291 B = 7.76154e-05 M = 1.57087e-06
Branch NODE_2293 B = 1.29359e-06 M = 1.26514e-06
Branch NODE_2294 B = 2.58718e-06 M = 6.42667e-07
Branch NODE_2296 B = 4.01013e-05 M = 6.43448e-07
Branch NODE_2300 B = 2.58718e-05 M = 1.53027e-06
Branch NODE_2301 B = 6.01519e-05 M = 6.4343e-07
Branch NODE_2305 B = 3.23397e-06 M = 6.42668e-07
Branch NODE_2309 B = 3.75141e-05 M = 1.26672e-06
Branch NODE_2310 B = 1.29359e-06 M = 1.26548e-06
Branch NODE_2311 B = 4.52756e-06 M = 3.70671e-06
Branch NODE_2314 B = 1.03487e-05 M = 1.7386e-06
Branch NODE_2315 B = 4.33353e-05 M = 4.05606e-06
Branch NODE_2316 B = 6.14455e-05 M = 2.08745e-06
Branch NODE_2317 B = 7.43814e-05 M = 6.51849e-06
Branch NODE_2318 B = 9.05513e-06 M = 3.56033e-06
Branch NODE_2321 B = 1.29359e-06 M = 1.26511e-06
Branch NODE_2322 B = 6.72667e-05 M = 1.26716e-06
Branch NODE_2323 B = 2.00506e-05 M = 1.26787e-06
Branch NODE_2324 B = 0.000110602 M = 4.1098e-06
Branch NODE_2326 B = 1.29359e-06 M = 1.2651e-06
Branch NODE_2330 B = 2.26378e-05 M = 3.13585e-06
Branch NODE_2331 B = 2.65186e-05 M = 8.33664e-07
Branch NODE_2332 B = 2.5225e-05 M = 6.24644e-06
Branch NODE_2333 B = 4.52756e-05 M = 6.43252e-07
Branch NODE_2334 B = 3.1693e-05 M = 1.94139e-06
Branch NODE_2335 B = 1.29359e-05 M = 1.27715e-06
Branch NODE_2336 B = 2.06974e-05 M = 6.64335e-07
Branch NODE_2338 B = 5.56244e-05 M = 6.47909e-07
Branch NODE_2339 B = 2.58718e-06 M = 1.26676e-06
Branch NODE_2340 B = 1.29359e-06 M = 1.2653e-06
Branch NODE_2341 B = 1.16423e-05 M = 7.49081e-06
Branch NODE_2342 B = 1.94038e-06 M = 1.88749e-06
Branch NODE_2344 B = 4.78628e-05 M = 6.43826e-07
Branch NODE_2345 B = 1.29359e-06 M = 1.2649e-06
Branch NODE_2346 B = 1.03487e-05 M = 6.42854e-07
Branch NODE_2347 B = 2.58718e-06 M = 2.50987e-06
Branch NODE_2349 B = 2.65186e-05 M = 5.63134e-06
Branch NODE_2350 B = 9.70192e-06 M = 1.67275e-06
Branch NODE_2352 B = 5.17436e-06 M = 1.26594e-06
Branch NODE_2353 B = 1.94038e-06 M = 1.88729e-06
Branch NODE_2355 B = 1.16423e-05 M = 6.90701e-06
Branch NODE_2356 B = 3.23397e-06 M = 3.13253e-06
Branch NODE_2357 B = 1.35827e-05 M = 1.27438e-06
Branch NODE_2359 B = 3.23397e-06 M = 3.13195e-06
Branch NODE_2365 B = 1.29359e-06 M = 1.26526e-06
Branch NODE_2367 B = 5.82115e-06 M = 6.42822e-07
Branch NODE_2368 B = 1.48763e-05 M = 6.48329e-07
Branch NODE_2372 B = 3.49269e-05 M = 1.3556e-05
Branch NODE_2373 B = 2.58718e-06 M = 6.42668e-07
Branch NODE_2376 B = 2.32846e-05 M = 1.26606e-06
Branch NODE_2378 B = 1.29359e-06 M = 1.2651e-06
Branch NODE_2382 B = 3.88077e-06 M = 3.75561e-06
Branch NODE_2383 B = 5.17436e-06 M = 1.26517e-06
Branch NODE_2384 B = 2.58718e-06 M = 6.42668e-07
Branch NODE_2390 B = 0.000161052 M = 2.60401e-06
Branch NODE_2391 B = 3.88077e-06 M = 1.10185e-06
Branch NODE_2393 B = 2.45782e-05 M = 2.51269e-06
Branch NODE_2395 B = 1.29359e-06 M = 1.26507e-06
Branch NODE_2397 B = 4.26885e-05 M = 6.45739e-07
Branch NODE_2398 B = 2.1991e-05 M = 6.43749e-07
Branch NODE_2403 B = 4.33353e-05 M = 6.75408e-07
Branch NODE_2404 B = 5.17436e-06 M = 1.26541e-06
Branch NODE_2405 B = 2.32846e-05 M = 1.8871e-06
Branch NODE_2407 B = 1.29359e-06 M = 1.26467e-06
Branch NODE_2408 B = 1.94038e-06 M = 1.88731e-06
Branch NODE_2411 B = 4.52756e-06 M = 6.42668e-07
Branch NODE_2413 B = 1.94038e-06 M = 1.88819e-06
Branch NODE_2414 B = 5.17436e-06 M = 2.40134e-06
Branch NODE_2415 B = 1.94038e-06 M = 1.88756e-06
Branch NODE_2416 B = 1.94038e-06 M = 1.88748e-06
Branch NODE_2422 B = 1.03487e-05 M = 4.81606e-06
Branch NODE_2425 B = 5.30372e-05 M = 1.21633e-06
Branch NODE_2426 B = 5.17436e-06 M = 6.4273e-07
Branch NODE_2427 B = 9.05513e-06 M = 6.42994e-07
Branch NODE_2430 B = 2.58718e-06 M = 2.50994e-06
Branch NODE_2431 B = 1.29359e-06 M = 1.26527e-06
Branch NODE_2432 B = 2.58718e-06 M = 2.51057e-06
Branch NODE_2440 B = 1.94038e-06 M = 1.88763e-06
Branch NODE_2444 B = 4.52756e-06 M = 4.37795e-06
Branch NODE_2454 B = 4.52756e-06 M = 6.42668e-07
Branch NODE_2455 B = 1.29359e-06 M = 1.26538e-06
Branch NODE_2457 B = 1.94038e-06 M = 1.88817e-06
Branch NODE_2460 B = 8.86109e-05 M = 2.51728e-06
Branch NODE_2461 B = 6.46795e-05 M = 7.67884e-07
Branch NODE_2462 B = 2.58718e-06 M = 2.50964e-06
Branch NODE_2464 B = 1.29359e-06 M = 1.26507e-06
Branch NODE_2465 B = 4.52756e-06 M = 4.37841e-06
Branch NODE_2466 B = 4.52756e-06 M = 6.42668e-07
Branch NODE_2467 B = 3.23397e-06 M = 3.13183e-06
Branch NODE_2472 B = 7.11474e-05 M = 2.7653e-06
Branch NODE_2473 B = 4.52756e-06 M = 6.42668e-07
Branch NODE_2478 B = 7.2441e-05 M = 9.09748e-06
Branch NODE_2482 B = 2.58718e-06 M = 2.50986e-06
Branch NODE_2488 B = 0.000114483 M = 6.5355e-07
Branch NODE_2493 B = 1.94038e-06 M = 6.4464e-07
Branch NODE_2496 B = 1.94038e-06 M = 1.88763e-06
Branch NODE_2497 B = 3.88077e-06 M = 6.42951e-07
Branch NODE_2498 B = 9.70192e-06 M = 5.62289e-06
Branch NODE_2501 B = 7.76154e-06 M = 7.49008e-06
Branch NODE_2503 B = 1.29359e-06 M = 1.26516e-06
Branch NODE_2504 B = 1.29359e-06 M = 1.2657e-06
Branch NODE_2505 B = 1.29359e-06 M = 1.26495e-06
Branch NODE_2507 B = 2.58718e-06 M = 2.51024e-06
Branch NODE_2509 B = 5.17436e-06 M = 1.26544e-06
Branch NODE_2510 B = 1.29359e-06 M = 1.26496e-06
Branch NODE_2511 B = 9.05513e-06 M = 9.40253e-07
Branch NODE_2514 B = 1.09955e-05 M = 6.86741e-06
Branch NODE_2515 B = 4.07481e-05 M = 6.8931e-06
Branch NODE_2518 B = 5.17436e-06 M = 5.0005e-06
Branch NODE_2520 B = 2.58718e-06 M = 2.50947e-06
Branch NODE_2521 B = 3.23397e-06 M = 3.13213e-06
Branch NODE_2523 B = 5.82115e-06 M = 5.53055e-06
Branch NODE_2524 B = 1.55231e-05 M = 6.43311e-07
Branch NODE_2527 B = 3.23397e-06 M = 3.13183e-06
Branch NODE_2529 B = 1.29359e-06 M = 1.26558e-06
Branch NODE_2534 B = 0.000130006 M = 1.28882e-06
Branch NODE_2536 B = 1.22891e-05 M = 3.12614e-06
Branch NODE_2538 B = 5.95051e-05 M = 9.9722e-06
Branch NODE_2541 B = 1.09955e-05 M = 5.58838e-06
Branch NODE_2544 B = 4.52756e-06 M = 6.42668e-07
Branch NODE_2545 B = 1.94038e-06 M = 6.43808e-07
Branch NODE_2546 B = 9.18449e-05 M = 1.93232e-06
Branch NODE_2548 B = 4.52756e-06 M = 6.42668e-07
Branch NODE_2553 B = 1.29359e-06 M = 1.26537e-06
Branch NODE_2554 B = 2.58718e-06 M = 2.50953e-06
Branch NODE_2558 B = 1.94038e-06 M = 1.88739e-06
Branch NODE_2559 B = 0.000109955 M = 5.1513e-06
Branch NODE_2565 B = 3.23397e-06 M = 6.42882e-07
Branch NODE_2567 B = 6.53263e-05 M = 1.8934e-06
Branch NODE_2568 B = 1.81103e-05 M = 3.1242e-06
Branch NODE_2569 B = 1.94038e-06 M = 1.88726e-06
Branch NODE_2570 B = 3.88077e-06 M = 1.26482e-06
Branch NODE_2571 B = 9.11981e-05 M = 7.4238e-06
Branch NODE_2572 B = 2.1991e-05 M = 2.54439e-06
Branch NODE_2573 B = 2.00506e-05 M = 2.90781e-06
Branch NODE_2575 B = 5.88583e-05 M = 1.07079e-06
Branch NODE_2576 B = 7.76154e-06 M = 6.42772e-07
Branch NODE_2579 B = 5.10968e-05 M = 8.27031e-06
Branch NODE_2581 B = 3.23397e-06 M = 3.13222e-06
Branch NODE_2582 B = 4.52756e-06 M = 6.42668e-07
Branch NODE_2584 B = 2.58718e-06 M = 2.51059e-06
Branch NODE_2585 B = 1.94038e-06 M = 1.88714e-06
Branch NODE_2586 B = 8.2143e-05 M = 6.44011e-07
Branch NODE_2587 B = 2.58718e-06 M = 2.50983e-06
Branch NODE_2588 B = 5.17436e-06 M = 1.26513e-06
Branch NODE_2589 B = 1.42295e-05 M = 6.42857e-07
Branch NODE_2595 B = 1.29359e-06 M = 1.2651e-06
Branch NODE_2596 B = 4.59224e-05 M = 3.76075e-06
Branch NODE_2598 B = 2.58718e-06 M = 6.43087e-07
Branch NODE_2599 B = 1.87571e-05 M = 3.22336e-06
Branch NODE_2600 B = 2.39314e-05 M = 3.14165e-06
Branch NODE_2601 B = 1.29359e-06 M = 1.265e-06
Branch NODE_2606 B = 5.82115e-06 M = 1.26545e-06
Branch NODE_2607 B = 6.20923e-05 M = 3.81179e-06
Branch NODE_2609 B = 1.29359e-05 M = 4.3828e-06
Branch NODE_2610 B = 9.70192e-06 M = 3.13539e-06
Branch NODE_2611 B = 1.94038e-06 M = 1.88738e-06
Branch NODE_2612 B = 2.32846e-05 M = 1.94342e-06
Branch NODE_2613 B = 1.22891e-05 M = 1.26652e-06
Branch NODE_2616 B = 4.52756e-06 M = 4.37661e-06
Branch NODE_2617 B = 3.55737e-05 M = 6.43239e-07
Branch NODE_2618 B = 2.58718e-05 M = 6.44094e-07
Branch NODE_2619 B = 3.42801e-05 M = 6.74769e-07
Branch NODE_2621 B = 6.14455e-05 M = 6.75085e-07
Branch NODE_2622 B = 7.76154e-06 M = 6.4279e-07
Branch NODE_2623 B = 9.70192e-06 M = 9.06201e-07
Branch NODE_2624 B = 9.50789e-05 M = 3.37046e-06
Branch NODE_2625 B = 1.94038e-05 M = 6.4424e-07
Branch NODE_2627 B = 7.11474e-06 M = 1.26849e-06
Branch NODE_2629 B = 3.42801e-05 M = 3.75238e-06
Branch NODE_2630 B = 2.58718e-05 M = 6.43478e-07
Branch NODE_2631 B = 4.7216e-05 M = 3.17704e-06
Branch NODE_2632 B = 1.94038e-06 M = 1.88739e-06
Branch NODE_2634 B = 4.07481e-05 M = 2.51301e-06
Branch NODE_2644 B = 1.94038e-06 M = 1.88743e-06
Branch NODE_2645 B = 1.94038e-05 M = 4.38033e-06
Branch NODE_2649 B = 2.58718e-05 M = 7.48442e-06
Branch NODE_2653 B = 8.40833e-06 M = 4.37717e-06
Branch NODE_2654 B = 3.23397e-05 M = 6.43482e-07
Branch NODE_2656 B = 1.42295e-05 M = 6.44654e-07
Branch NODE_2657 B = 1.29359e-06 M = 1.26516e-06
Branch NODE_2658 B = 3.36333e-05 M = 2.94531e-06
Branch NODE_2659 B = 1.29359e-06 M = 1.26513e-06
Branch NODE_2660 B = 4.07481e-05 M = 1.27646e-06
Branch NODE_2661 B = 2.8459e-05 M = 1.26617e-06
Branch NODE_2663 B = 4.52756e-06 M = 6.42668e-07
Branch NODE_2664 B = 1.29359e-06 M = 1.26521e-06
Branch NODE_2665 B = 1.03487e-05 M = 1.19628e-06
Branch NODE_2670 B = 1.81103e-05 M = 3.13438e-06
Branch NODE_2671 B = 9.70192e-06 M = 6.62584e-07
Branch NODE_2674 B = 3.23397e-06 M = 3.13184e-06
Branch NODE_2675 B = 2.32846e-05 M = 1.26763e-06
Branch NODE_2677 B = 8.40833e-06 M = 4.3777e-06
Branch NODE_2680 B = 1.22891e-05 M = 4.3832e-06
Branch NODE_2681 B = 1.94038e-06 M = 1.88771e-06
Branch NODE_2682 B = 5.17436e-06 M = 4.99984e-06
Branch NODE_2685 B = 1.94038e-06 M = 1.88771e-06
Branch NODE_2687 B = 1.94038e-06 M = 1.88744e-06
Branch NODE_2688 B = 1.94038e-06 M = 1.88744e-06
Branch NODE_2696 B = 2.58718e-06 M = 2.51052e-06
Branch NODE_2702 B = 1.29359e-06 M = 1.26462e-06
Branch NODE_2705 B = 3.23397e-06 M = 3.13256e-06
Branch NODE_2707 B = 4.52756e-06 M = 6.42668e-07
Branch NODE_2710 B = 1.94038e-06 M = 1.88763e-06
Branch NODE_2715 B = 1.94038e-06 M = 1.88744e-06
Branch NODE_2716 B = 5.82115e-06 M = 1.8876e-06
Branch NODE_2723 B = 4.52756e-06 M = 6.42668e-07
Branch NODE_2727 B = 3.23397e-06 M = 6.42701e-07
Branch NODE_2728 B = 4.52756e-06 M = 4.37723e-06
Branch NODE_2729 B = 1.55231e-05 M = 1.26578e-06
Branch NODE_2730 B = 2.00506e-05 M = 1.89439e-06
Branch NODE_2731 B = 0.000505794 M = 2.33747e-05
Branch NODE_2732 B = 0.000613162 M = 2.74596e-05
Wrote inferred importation status to /home/zyang/NGS/active/IPL/MENINGO/analysis/HRC/zoe/AllNZMemB_2021/clonalframeml/clade42_2372_rmNMI1341/42_2372_rm1341clonalframeml.importation_status.txt
Wrote processed tree to /home/zyang/NGS/active/IPL/MENINGO/analysis/HRC/zoe/AllNZMemB_2021/clonalframeml/clade42_2372_rmNMI1341/42_2372_rm1341clonalframeml.labelled_tree.newick
All done in 1497.67 minutes.
